Using pre-set license
Built from '2021.2/staging' branch; Version is '2021.2.8f1 (d0e5f0a7b06a) revision 13690352'; Using compiler version '192829333'; Build Type 'Release'
OS: 'Windows 10  (10.0.19043) 64bit Professional' Language: 'zh' Physical Memory: 16247 MB
BatchMode: 1, IsHumanControllingUs: 0, StartBugReporterOnCrash: 0, Is64bit: 1, IsPro: 0

COMMAND LINE ARGUMENTS:
C:\Program Files\Unity\Hub\Editor\2021.2.8f1\Editor\Unity.exe
-adb2
-batchMode
-noUpm
-name
AssetImportWorker1
-projectPath
C:/Users/Juser/Desktop/阿亮game/QWQ/Terrain
-logFile
Logs/AssetImportWorker1.log
-srvPort
54869
Successfully changed project path to: C:/Users/Juser/Desktop/阿亮game/QWQ/Terrain
C:/Users/Juser/Desktop/阿亮game/QWQ/Terrain
[UnityMemory] Configuration Parameters - Can be set up in boot.config
    "memorysetup-bucket-allocator-granularity=16"
    "memorysetup-bucket-allocator-bucket-count=8"
    "memorysetup-bucket-allocator-block-size=33554432"
    "memorysetup-bucket-allocator-block-count=8"
    "memorysetup-main-allocator-block-size=16777216"
    "memorysetup-thread-allocator-block-size=16777216"
    "memorysetup-gfx-main-allocator-block-size=16777216"
    "memorysetup-gfx-thread-allocator-block-size=16777216"
    "memorysetup-cache-allocator-block-size=4194304"
    "memorysetup-typetree-allocator-block-size=2097152"
    "memorysetup-profiler-bucket-allocator-granularity=16"
    "memorysetup-profiler-bucket-allocator-bucket-count=8"
    "memorysetup-profiler-bucket-allocator-block-size=33554432"
    "memorysetup-profiler-bucket-allocator-block-count=8"
    "memorysetup-profiler-allocator-block-size=16777216"
    "memorysetup-profiler-editor-allocator-block-size=1048576"
    "memorysetup-temp-allocator-size-main=16777216"
    "memorysetup-job-temp-allocator-block-size=2097152"
    "memorysetup-job-temp-allocator-block-size-background=1048576"
    "memorysetup-job-temp-allocator-reduction-small-platforms=262144"
    "memorysetup-temp-allocator-size-background-worker=32768"
    "memorysetup-temp-allocator-size-job-worker=262144"
    "memorysetup-temp-allocator-size-preload-manager=33554432"
    "memorysetup-temp-allocator-size-nav-mesh-worker=65536"
    "memorysetup-temp-allocator-size-audio-worker=65536"
    "memorysetup-temp-allocator-size-cloud-worker=32768"
    "memorysetup-temp-allocator-size-gi-baking-worker=262144"
    "memorysetup-temp-allocator-size-gfx=262144"
Refreshing native plugins compatible for Editor in 119.17 ms, found 2 plugins.
Preloading 0 native plugins for Editor in 0.00 ms.
Initialize engine version: 2021.2.8f1 (d0e5f0a7b06a)
[Subsystems] Discovering subsystems at path C:/Program Files/Unity/Hub/Editor/2021.2.8f1/Editor/Data/Resources/UnitySubsystems
[Subsystems] Discovering subsystems at path C:/Users/Juser/Desktop/阿亮game/QWQ/Terrain/Assets
GfxDevice: creating device client; threaded=0; jobified=0
Direct3D:
    Version:  Direct3D 11.0 [level 11.1]
    Renderer: NVIDIA GeForce GTX 1660 (ID=0x2184)
    Vendor:   NVIDIA
    VRAM:     5991 MB
    Driver:   27.21.14.5671
Initialize mono
Mono path[0] = 'C:/Program Files/Unity/Hub/Editor/2021.2.8f1/Editor/Data/Managed'
Mono path[1] = 'C:/Program Files/Unity/Hub/Editor/2021.2.8f1/Editor/Data/MonoBleedingEdge/lib/mono/unityjit-win32'
Mono config path = 'C:/Program Files/Unity/Hub/Editor/2021.2.8f1/Editor/Data/MonoBleedingEdge/etc'
Using monoOptions --debugger-agent=transport=dt_socket,embedding=1,server=y,suspend=n,address=127.0.0.1:56080
Begin MonoManager ReloadAssembly
Registering precompiled unity dll's ...
Register platform support module: C:/Program Files/Unity/Hub/Editor/2021.2.8f1/Editor/Data/PlaybackEngines/WindowsStandaloneSupport/UnityEditor.WindowsStandalone.Extensions.dll
Registered in 0.010833 seconds.
Native extension for WindowsStandalone target not found
Refreshing native plugins compatible for Editor in 87.47 ms, found 2 plugins.
Preloading 0 native plugins for Editor in 0.00 ms.
Mono: successfully reloaded assembly
- Completed reload, in  0.756 seconds
Domain Reload Profiling:
	ReloadAssembly (756ms)
		BeginReloadAssembly (82ms)
			ExecutionOrderSort (0ms)
			DisableScriptedObjects (0ms)
			BackupInstance (0ms)
			ReleaseScriptingObjects (0ms)
			CreateAndSetChildDomain (1ms)
		EndReloadAssembly (482ms)
			LoadAssemblies (78ms)
			RebuildTransferFunctionScriptingTraits (0ms)
			SetupTypeCache (117ms)
			ReleaseScriptCaches (0ms)
			RebuildScriptCaches (26ms)
			SetupLoadedEditorAssemblies (281ms)
				LogAssemblyErrors (0ms)
				InitializePlatformSupportModulesInManaged (15ms)
				SetLoadedEditorAssemblies (0ms)
				RefreshPlugins (88ms)
				BeforeProcessingInitializeOnLoad (1ms)
				ProcessInitializeOnLoadAttributes (134ms)
				ProcessInitializeOnLoadMethodAttributes (43ms)
				AfterProcessingInitializeOnLoad (0ms)
				EditorAssembliesLoaded (0ms)
			ExecutionOrderSort2 (0ms)
			AwakeInstancesAfterBackupRestoration (0ms)
Platform modules already initialized, skipping
Registering precompiled user dll's ...
Registered in 0.007821 seconds.
Begin MonoManager ReloadAssembly
Native extension for WindowsStandalone target not found
Refreshing native plugins compatible for Editor in 93.99 ms, found 2 plugins.
Preloading 0 native plugins for Editor in 0.00 ms.
Mono: successfully reloaded assembly
- Completed reload, in  2.197 seconds
Domain Reload Profiling:
	ReloadAssembly (2197ms)
		BeginReloadAssembly (122ms)
			ExecutionOrderSort (0ms)
			DisableScriptedObjects (7ms)
			BackupInstance (0ms)
			ReleaseScriptingObjects (0ms)
			CreateAndSetChildDomain (22ms)
		EndReloadAssembly (1955ms)
			LoadAssemblies (103ms)
			RebuildTransferFunctionScriptingTraits (0ms)
			SetupTypeCache (339ms)
			ReleaseScriptCaches (1ms)
			RebuildScriptCaches (123ms)
			SetupLoadedEditorAssemblies (1301ms)
				LogAssemblyErrors (0ms)
				InitializePlatformSupportModulesInManaged (11ms)
				SetLoadedEditorAssemblies (0ms)
				RefreshPlugins (94ms)
				BeforeProcessingInitializeOnLoad (95ms)
				ProcessInitializeOnLoadAttributes (1051ms)
				ProcessInitializeOnLoadMethodAttributes (41ms)
				AfterProcessingInitializeOnLoad (9ms)
				EditorAssembliesLoaded (0ms)
			ExecutionOrderSort2 (0ms)
			AwakeInstancesAfterBackupRestoration (7ms)
Platform modules already initialized, skipping
========================================================================
Worker process is ready to serve import requests
Launched and connected shader compiler UnityShaderCompiler.exe after 0.05 seconds
Refreshing native plugins compatible for Editor in 1.47 ms, found 2 plugins.
Preloading 0 native plugins for Editor in 0.00 ms.
Unloading 4900 Unused Serialized files (Serialized files now loaded: 0)
Unloading 80 unused Assets / (6.1 MB). Loaded Objects now: 5358.
Memory consumption went from 278.4 MB to 272.3 MB.
Total: 7.579200 ms (FindLiveObjects: 1.277800 ms CreateObjectMapping: 0.555200 ms MarkObjects: 4.325900 ms  DeleteObjects: 1.413300 ms)

AssetImportParameters requested are different than current active one (requested -> active):
  custom:video-decoder-ogg-theora: a1e56fd34408186e4bbccfd4996cb3dc -> 
  custom:container-muxer-webm: aa71ff27fc2769a1b78a27578f13a17b -> 
  custom:container-demuxer-webm: 4f35f7cbe854078d1ac9338744f61a02 -> 
  custom:video-encoder-webm-vp8: eb34c28f22e8b96e1ab97ce403110664 -> 
  custom:audio-encoder-webm-vorbis: bf7c407c2cedff20999df2af8eb42d56 -> 
  custom:framework-win-MediaFoundation: 216162199b28c13a410421893ffa2e32 -> 
  custom:container-demuxer-ogg: 62fdf1f143b41e24485cea50d1cbac27 -> 
  custom:video-decoder-webm-vp8: 9c59270c3fd7afecdb556c50c9e8de78 -> 
  custom:audio-decoder-ogg-vorbis: bf7c407c2cedff20999df2af8eb42d56 -> 
========================================================================
Received Import Request.
  Time since last request: 1209143.420563 seconds.
  path: Assets/AA/Prefabs/Bullet/Boss_Bullet.prefab
  artifactKey: Guid(dd3052da09ee28d4488ec657cb45da46) Importer(815301076,1909f56bfc062723c751e8b465ee728b)
Start importing Assets/AA/Prefabs/Bullet/Boss_Bullet.prefab using Guid(dd3052da09ee28d4488ec657cb45da46) Importer(815301076,1909f56bfc062723c751e8b465ee728b)  -> (artifact id: 'c0121011d7c08ab5c8d74f1b86c2e929') in 1.182543 seconds 
========================================================================
Received Import Request.
  Time since last request: 32.367692 seconds.
  path: Assets/AA/Prefabs/Bullet/Hit Carapace 1.prefab
  artifactKey: Guid(acf13e6843b722740b4ae70907069539) Importer(815301076,1909f56bfc062723c751e8b465ee728b)
Start importing Assets/AA/Prefabs/Bullet/Hit Carapace 1.prefab using Guid(acf13e6843b722740b4ae70907069539) Importer(815301076,1909f56bfc062723c751e8b465ee728b)  -> (artifact id: '7440be61d628f2bb84ef9d33e81df6fa') in 0.061003 seconds 
========================================================================
Received Import Request.
  Time since last request: 17.259035 seconds.
  path: Assets/AA/Prefabs/Bullet/Hit B_B.prefab
  artifactKey: Guid(acf13e6843b722740b4ae70907069539) Importer(815301076,1909f56bfc062723c751e8b465ee728b)
Start importing Assets/AA/Prefabs/Bullet/Hit B_B.prefab using Guid(acf13e6843b722740b4ae70907069539) Importer(815301076,1909f56bfc062723c751e8b465ee728b)  -> (artifact id: '0cf34450ead4be55f809a43ad12a956e') in 0.047989 seconds 
========================================================================
Received Import Request.
  Time since last request: 125.042051 seconds.
  path: Assets/AA/Prefabs/Bullet/Hit B_B.prefab
  artifactKey: Guid(acf13e6843b722740b4ae70907069539) Importer(815301076,1909f56bfc062723c751e8b465ee728b)
Start importing Assets/AA/Prefabs/Bullet/Hit B_B.prefab using Guid(acf13e6843b722740b4ae70907069539) Importer(815301076,1909f56bfc062723c751e8b465ee728b)  -> (artifact id: 'a56aba8d3de7a8898b90598f24cd9c68') in 0.051572 seconds 
========================================================================
Received Import Request.
  Time since last request: 564.368795 seconds.
  path: Assets/AA/Prefabs/Bullet/Hit B_B.prefab
  artifactKey: Guid(acf13e6843b722740b4ae70907069539) Importer(815301076,1909f56bfc062723c751e8b465ee728b)
Start importing Assets/AA/Prefabs/Bullet/Hit B_B.prefab using Guid(acf13e6843b722740b4ae70907069539) Importer(815301076,1909f56bfc062723c751e8b465ee728b)  -> (artifact id: '38d3ad602b811c9be1d5633e5ba8ae8d') in 0.095477 seconds 
========================================================================
Received Import Request.
  Time since last request: 2.562844 seconds.
  path: Assets/AA/Prefabs/Bullet/Hit B_B.prefab
  artifactKey: Guid(acf13e6843b722740b4ae70907069539) Importer(815301076,1909f56bfc062723c751e8b465ee728b)
Start importing Assets/AA/Prefabs/Bullet/Hit B_B.prefab using Guid(acf13e6843b722740b4ae70907069539) Importer(815301076,1909f56bfc062723c751e8b465ee728b)  -> (artifact id: 'c19168e0cf2766efd55b4f5ed509a3d8') in 0.063520 seconds 
========================================================================
Received Import Request.
  Time since last request: 3.615623 seconds.
  path: Assets/AA/Prefabs/Bullet/Hit B_B.prefab
  artifactKey: Guid(acf13e6843b722740b4ae70907069539) Importer(815301076,1909f56bfc062723c751e8b465ee728b)
Start importing Assets/AA/Prefabs/Bullet/Hit B_B.prefab using Guid(acf13e6843b722740b4ae70907069539) Importer(815301076,1909f56bfc062723c751e8b465ee728b)  -> (artifact id: '3c127dbd6e36a2969104168d365f5aef') in 0.063137 seconds 
========================================================================
Received Import Request.
  Time since last request: 0.484477 seconds.
  path: Assets/AA/Prefabs/Bullet/Hit B_B.prefab
  artifactKey: Guid(acf13e6843b722740b4ae70907069539) Importer(815301076,1909f56bfc062723c751e8b465ee728b)
Start importing Assets/AA/Prefabs/Bullet/Hit B_B.prefab using Guid(acf13e6843b722740b4ae70907069539) Importer(815301076,1909f56bfc062723c751e8b465ee728b)  -> (artifact id: 'db957afc4041299c009847a9422a5e3d') in 0.063253 seconds 
========================================================================
Received Import Request.
  Time since last request: 0.703291 seconds.
  path: Assets/AA/Prefabs/Bullet/Hit B_B.prefab
  artifactKey: Guid(acf13e6843b722740b4ae70907069539) Importer(815301076,1909f56bfc062723c751e8b465ee728b)
Start importing Assets/AA/Prefabs/Bullet/Hit B_B.prefab using Guid(acf13e6843b722740b4ae70907069539) Importer(815301076,1909f56bfc062723c751e8b465ee728b)  -> (artifact id: '3f501cd302b21689211c0343defbfe42') in 0.055522 seconds 
========================================================================
Received Import Request.
  Time since last request: 2.084739 seconds.
  path: Assets/AA/Prefabs/Bullet/Hit B_B.prefab
  artifactKey: Guid(acf13e6843b722740b4ae70907069539) Importer(815301076,1909f56bfc062723c751e8b465ee728b)
Start importing Assets/AA/Prefabs/Bullet/Hit B_B.prefab using Guid(acf13e6843b722740b4ae70907069539) Importer(815301076,1909f56bfc062723c751e8b465ee728b)  -> (artifact id: '0c0666892c0b0583c7189659bfdf7e99') in 0.063769 seconds 
========================================================================
Received Import Request.
  Time since last request: 3.693626 seconds.
  path: Assets/AA/Prefabs/Bullet/Hit B_B.prefab
  artifactKey: Guid(acf13e6843b722740b4ae70907069539) Importer(815301076,1909f56bfc062723c751e8b465ee728b)
Start importing Assets/AA/Prefabs/Bullet/Hit B_B.prefab using Guid(acf13e6843b722740b4ae70907069539) Importer(815301076,1909f56bfc062723c751e8b465ee728b)  -> (artifact id: '4947902ee8c35412fa67ce1a83d41138') in 0.045296 seconds 
========================================================================
Received Import Request.
  Time since last request: 47.494144 seconds.
  path: Assets/AA/Prefabs/Bullet/Hit B_B.prefab
  artifactKey: Guid(acf13e6843b722740b4ae70907069539) Importer(815301076,1909f56bfc062723c751e8b465ee728b)
Start importing Assets/AA/Prefabs/Bullet/Hit B_B.prefab using Guid(acf13e6843b722740b4ae70907069539) Importer(815301076,1909f56bfc062723c751e8b465ee728b)  -> (artifact id: '01717d59fd57855a62059f70bd594069') in 0.054508 seconds 
========================================================================
Received Import Request.
  Time since last request: 8.751621 seconds.
  path: Assets/AA/Prefabs/Bullet/Hit B_B.prefab
  artifactKey: Guid(acf13e6843b722740b4ae70907069539) Importer(815301076,1909f56bfc062723c751e8b465ee728b)
Start importing Assets/AA/Prefabs/Bullet/Hit B_B.prefab using Guid(acf13e6843b722740b4ae70907069539) Importer(815301076,1909f56bfc062723c751e8b465ee728b)  -> (artifact id: 'fc779454184a8e9e01c1c01cc42460f0') in 0.054194 seconds 
========================================================================
Received Import Request.
  Time since last request: 13.209876 seconds.
  path: Assets/AA/Prefabs/Bullet/Hit B_B.prefab
  artifactKey: Guid(acf13e6843b722740b4ae70907069539) Importer(815301076,1909f56bfc062723c751e8b465ee728b)
Start importing Assets/AA/Prefabs/Bullet/Hit B_B.prefab using Guid(acf13e6843b722740b4ae70907069539) Importer(815301076,1909f56bfc062723c751e8b465ee728b)  -> (artifact id: '2c71af2b93af580e73779574f0682efd') in 0.052742 seconds 
========================================================================
Received Import Request.
  Time since last request: 2.849779 seconds.
  path: Assets/AA/Prefabs/Bullet/Hit B_B.prefab
  artifactKey: Guid(acf13e6843b722740b4ae70907069539) Importer(815301076,1909f56bfc062723c751e8b465ee728b)
Start importing Assets/AA/Prefabs/Bullet/Hit B_B.prefab using Guid(acf13e6843b722740b4ae70907069539) Importer(815301076,1909f56bfc062723c751e8b465ee728b)  -> (artifact id: '2fb758798f3aa52990c99c2ef8b28e5d') in 0.051674 seconds 
========================================================================
Received Import Request.
  Time since last request: 9.869583 seconds.
  path: Assets/AA/Prefabs/Bullet/Hit B_B.prefab
  artifactKey: Guid(acf13e6843b722740b4ae70907069539) Importer(815301076,1909f56bfc062723c751e8b465ee728b)
Start importing Assets/AA/Prefabs/Bullet/Hit B_B.prefab using Guid(acf13e6843b722740b4ae70907069539) Importer(815301076,1909f56bfc062723c751e8b465ee728b)  -> (artifact id: '61ad10de1ce5d2cb47b6332428b62d32') in 0.053076 seconds 
========================================================================
Received Import Request.
  Time since last request: 0.919116 seconds.
  path: Assets/AA/Prefabs/Bullet/Hit B_B.prefab
  artifactKey: Guid(acf13e6843b722740b4ae70907069539) Importer(815301076,1909f56bfc062723c751e8b465ee728b)
Start importing Assets/AA/Prefabs/Bullet/Hit B_B.prefab using Guid(acf13e6843b722740b4ae70907069539) Importer(815301076,1909f56bfc062723c751e8b465ee728b)  -> (artifact id: '8f5a6755d636ddca5df884926e8a8181') in 0.048927 seconds 
========================================================================
Received Import Request.
  Time since last request: 0.391349 seconds.
  path: Assets/AA/Prefabs/Bullet/Hit B_B.prefab
  artifactKey: Guid(acf13e6843b722740b4ae70907069539) Importer(815301076,1909f56bfc062723c751e8b465ee728b)
Start importing Assets/AA/Prefabs/Bullet/Hit B_B.prefab using Guid(acf13e6843b722740b4ae70907069539) Importer(815301076,1909f56bfc062723c751e8b465ee728b)  -> (artifact id: '18ee78b4b85b49c9bdc301a6c3d503c8') in 0.057337 seconds 
========================================================================
Received Import Request.
  Time since last request: 0.438581 seconds.
  path: Assets/AA/Prefabs/Bullet/Hit B_B.prefab
  artifactKey: Guid(acf13e6843b722740b4ae70907069539) Importer(815301076,1909f56bfc062723c751e8b465ee728b)
Start importing Assets/AA/Prefabs/Bullet/Hit B_B.prefab using Guid(acf13e6843b722740b4ae70907069539) Importer(815301076,1909f56bfc062723c751e8b465ee728b)  -> (artifact id: '4715db25a7b6045f60cc706cadcd1836') in 0.053005 seconds 
========================================================================
Received Import Request.
  Time since last request: 0.659138 seconds.
  path: Assets/AA/Prefabs/Bullet/Hit B_B.prefab
  artifactKey: Guid(acf13e6843b722740b4ae70907069539) Importer(815301076,1909f56bfc062723c751e8b465ee728b)
Start importing Assets/AA/Prefabs/Bullet/Hit B_B.prefab using Guid(acf13e6843b722740b4ae70907069539) Importer(815301076,1909f56bfc062723c751e8b465ee728b)  -> (artifact id: '8966f9ec416b2814baf9567b327cbb20') in 0.046065 seconds 
========================================================================
Received Import Request.
  Time since last request: 41.009885 seconds.
  path: Assets/AA/Prefabs/Bullet/Hit B_B.prefab
  artifactKey: Guid(acf13e6843b722740b4ae70907069539) Importer(815301076,1909f56bfc062723c751e8b465ee728b)
Start importing Assets/AA/Prefabs/Bullet/Hit B_B.prefab using Guid(acf13e6843b722740b4ae70907069539) Importer(815301076,1909f56bfc062723c751e8b465ee728b)  -> (artifact id: '22d30e75ba18b74825204c48271b8c0d') in 0.094707 seconds 
========================================================================
Received Import Request.
  Time since last request: 2.859340 seconds.
  path: Assets/AA/Prefabs/Bullet/Hit B_B.prefab
  artifactKey: Guid(acf13e6843b722740b4ae70907069539) Importer(815301076,1909f56bfc062723c751e8b465ee728b)
Start importing Assets/AA/Prefabs/Bullet/Hit B_B.prefab using Guid(acf13e6843b722740b4ae70907069539) Importer(815301076,1909f56bfc062723c751e8b465ee728b)  -> (artifact id: 'a43c28acc4729e65e20bf39c3bc45a5b') in 0.056890 seconds 
========================================================================
Received Import Request.
  Time since last request: 15.068083 seconds.
  path: Assets/AA/Prefabs/Bullet/Hit B_B.prefab
  artifactKey: Guid(acf13e6843b722740b4ae70907069539) Importer(815301076,1909f56bfc062723c751e8b465ee728b)
Start importing Assets/AA/Prefabs/Bullet/Hit B_B.prefab using Guid(acf13e6843b722740b4ae70907069539) Importer(815301076,1909f56bfc062723c751e8b465ee728b)  -> (artifact id: '02bf8b5e664680b4f2910ac7636ffb43') in 0.051615 seconds 
========================================================================
Received Import Request.
  Time since last request: 39.955210 seconds.
  path: Assets/AA/Prefabs/Bullet/Hit B_B.prefab
  artifactKey: Guid(acf13e6843b722740b4ae70907069539) Importer(815301076,1909f56bfc062723c751e8b465ee728b)
Start importing Assets/AA/Prefabs/Bullet/Hit B_B.prefab using Guid(acf13e6843b722740b4ae70907069539) Importer(815301076,1909f56bfc062723c751e8b465ee728b)  -> (artifact id: '2048712ed5d984506b1fd135497014f2') in 0.039825 seconds 
========================================================================
Received Import Request.
  Time since last request: 14.087185 seconds.
  path: Assets/AA/Prefabs/Bullet/Hit B_B.prefab
  artifactKey: Guid(acf13e6843b722740b4ae70907069539) Importer(815301076,1909f56bfc062723c751e8b465ee728b)
Start importing Assets/AA/Prefabs/Bullet/Hit B_B.prefab using Guid(acf13e6843b722740b4ae70907069539) Importer(815301076,1909f56bfc062723c751e8b465ee728b)  -> (artifact id: '9d5367f844304173d23782f6f74b1378') in 0.053741 seconds 
========================================================================
Received Import Request.
  Time since last request: 47.627526 seconds.
  path: Assets/AA/Prefabs/Bullet/Hit B_B.prefab
  artifactKey: Guid(acf13e6843b722740b4ae70907069539) Importer(815301076,1909f56bfc062723c751e8b465ee728b)
Start importing Assets/AA/Prefabs/Bullet/Hit B_B.prefab using Guid(acf13e6843b722740b4ae70907069539) Importer(815301076,1909f56bfc062723c751e8b465ee728b)  -> (artifact id: 'c187334282a72b03af336fb2c0f55f75') in 0.053924 seconds 
========================================================================
Received Import Request.
  Time since last request: 3.262932 seconds.
  path: Assets/AA/Prefabs/Bullet/Hit B_B.prefab
  artifactKey: Guid(acf13e6843b722740b4ae70907069539) Importer(815301076,1909f56bfc062723c751e8b465ee728b)
Start importing Assets/AA/Prefabs/Bullet/Hit B_B.prefab using Guid(acf13e6843b722740b4ae70907069539) Importer(815301076,1909f56bfc062723c751e8b465ee728b)  -> (artifact id: '77ba1a0be1b7b5dcfdaf7e55c0b82559') in 0.078590 seconds 
========================================================================
Received Import Request.
  Time since last request: 1.735249 seconds.
  path: Assets/AA/Prefabs/Bullet/Hit B_B.prefab
  artifactKey: Guid(acf13e6843b722740b4ae70907069539) Importer(815301076,1909f56bfc062723c751e8b465ee728b)
Start importing Assets/AA/Prefabs/Bullet/Hit B_B.prefab using Guid(acf13e6843b722740b4ae70907069539) Importer(815301076,1909f56bfc062723c751e8b465ee728b)  -> (artifact id: 'fe4051138c218fb4ffd82742d48123de') in 0.051119 seconds 
========================================================================
Received Import Request.
  Time since last request: 0.972497 seconds.
  path: Assets/AA/Prefabs/Bullet/Hit B_B.prefab
  artifactKey: Guid(acf13e6843b722740b4ae70907069539) Importer(815301076,1909f56bfc062723c751e8b465ee728b)
Start importing Assets/AA/Prefabs/Bullet/Hit B_B.prefab using Guid(acf13e6843b722740b4ae70907069539) Importer(815301076,1909f56bfc062723c751e8b465ee728b)  -> (artifact id: '15e432a607053599f4b154f849b30325') in 0.125912 seconds 
========================================================================
Received Import Request.
  Time since last request: 10.630105 seconds.
  path: Assets/AA/Prefabs/Bullet/Hit B_B.prefab
  artifactKey: Guid(acf13e6843b722740b4ae70907069539) Importer(815301076,1909f56bfc062723c751e8b465ee728b)
Start importing Assets/AA/Prefabs/Bullet/Hit B_B.prefab using Guid(acf13e6843b722740b4ae70907069539) Importer(815301076,1909f56bfc062723c751e8b465ee728b)  -> (artifact id: '8cc5423abef37abc2580d6734ef4e0cc') in 0.043901 seconds 
========================================================================
Received Import Request.
  Time since last request: 1.492595 seconds.
  path: Assets/AA/Prefabs/Bullet/Hit B_B.prefab
  artifactKey: Guid(acf13e6843b722740b4ae70907069539) Importer(815301076,1909f56bfc062723c751e8b465ee728b)
Start importing Assets/AA/Prefabs/Bullet/Hit B_B.prefab using Guid(acf13e6843b722740b4ae70907069539) Importer(815301076,1909f56bfc062723c751e8b465ee728b)  -> (artifact id: 'a9438cfe419a26b391125285c4835a5f') in 0.056738 seconds 
========================================================================
Received Import Request.
  Time since last request: 16.671273 seconds.
  path: Assets/AA/Prefabs/Bullet/Hit B_B.prefab
  artifactKey: Guid(acf13e6843b722740b4ae70907069539) Importer(815301076,1909f56bfc062723c751e8b465ee728b)
Start importing Assets/AA/Prefabs/Bullet/Hit B_B.prefab using Guid(acf13e6843b722740b4ae70907069539) Importer(815301076,1909f56bfc062723c751e8b465ee728b)  -> (artifact id: '986332bb17afe21ed9bc5e628bc32906') in 0.048949 seconds 
========================================================================
Received Import Request.
  Time since last request: 6.883901 seconds.
  path: Assets/AA/Prefabs/Bullet/Hit B_B.prefab
  artifactKey: Guid(acf13e6843b722740b4ae70907069539) Importer(815301076,1909f56bfc062723c751e8b465ee728b)
Start importing Assets/AA/Prefabs/Bullet/Hit B_B.prefab using Guid(acf13e6843b722740b4ae70907069539) Importer(815301076,1909f56bfc062723c751e8b465ee728b)  -> (artifact id: '6ffbdb848d864aec5f86c1b3faf2945f') in 0.053013 seconds 
========================================================================
Received Import Request.
  Time since last request: 25.795481 seconds.
  path: Assets/AA/Prefabs/Bullet/Hit B_B.prefab
  artifactKey: Guid(acf13e6843b722740b4ae70907069539) Importer(815301076,1909f56bfc062723c751e8b465ee728b)
Start importing Assets/AA/Prefabs/Bullet/Hit B_B.prefab using Guid(acf13e6843b722740b4ae70907069539) Importer(815301076,1909f56bfc062723c751e8b465ee728b)  -> (artifact id: 'f6f44d7ee6c49a64b3938d1513b977f3') in 0.053984 seconds 
========================================================================
Received Import Request.
  Time since last request: 2.668387 seconds.
  path: Assets/AA/Prefabs/Bullet/Hit B_B.prefab
  artifactKey: Guid(acf13e6843b722740b4ae70907069539) Importer(815301076,1909f56bfc062723c751e8b465ee728b)
Start importing Assets/AA/Prefabs/Bullet/Hit B_B.prefab using Guid(acf13e6843b722740b4ae70907069539) Importer(815301076,1909f56bfc062723c751e8b465ee728b)  -> (artifact id: 'c8c7b4e240822fd765093f7f8e622cbc') in 0.054796 seconds 
========================================================================
Received Import Request.
  Time since last request: 0.436783 seconds.
  path: Assets/AA/Prefabs/Bullet/Hit B_B.prefab
  artifactKey: Guid(acf13e6843b722740b4ae70907069539) Importer(815301076,1909f56bfc062723c751e8b465ee728b)
Start importing Assets/AA/Prefabs/Bullet/Hit B_B.prefab using Guid(acf13e6843b722740b4ae70907069539) Importer(815301076,1909f56bfc062723c751e8b465ee728b)  -> (artifact id: 'ed45d241ce54aaa981a96c33f41aaa39') in 0.053578 seconds 
========================================================================
Received Import Request.
  Time since last request: 1.086217 seconds.
  path: Assets/AA/Prefabs/Bullet/Hit B_B.prefab
  artifactKey: Guid(acf13e6843b722740b4ae70907069539) Importer(815301076,1909f56bfc062723c751e8b465ee728b)
Start importing Assets/AA/Prefabs/Bullet/Hit B_B.prefab using Guid(acf13e6843b722740b4ae70907069539) Importer(815301076,1909f56bfc062723c751e8b465ee728b)  -> (artifact id: 'f2918c7635c22c8ec04e7496598f0a09') in 0.052886 seconds 
========================================================================
Received Import Request.
  Time since last request: 20.484681 seconds.
  path: Assets/AA/Prefabs/Bullet/Hit B_B.prefab
  artifactKey: Guid(acf13e6843b722740b4ae70907069539) Importer(815301076,1909f56bfc062723c751e8b465ee728b)
Start importing Assets/AA/Prefabs/Bullet/Hit B_B.prefab using Guid(acf13e6843b722740b4ae70907069539) Importer(815301076,1909f56bfc062723c751e8b465ee728b)  -> (artifact id: '18085986c3bc9aebf009afef1547d1a4') in 0.052604 seconds 
========================================================================
Received Import Request.
  Time since last request: 11.776846 seconds.
  path: Assets/AA/Prefabs/Bullet/Hit B_B.prefab
  artifactKey: Guid(acf13e6843b722740b4ae70907069539) Importer(815301076,1909f56bfc062723c751e8b465ee728b)
Start importing Assets/AA/Prefabs/Bullet/Hit B_B.prefab using Guid(acf13e6843b722740b4ae70907069539) Importer(815301076,1909f56bfc062723c751e8b465ee728b)  -> (artifact id: '9486cfad22e2f06d1e90d97577dc5aaa') in 0.184927 seconds 
========================================================================
Received Import Request.
  Time since last request: 12.518842 seconds.
  path: Assets/AA/Prefabs/Bullet/Hit B_B.prefab
  artifactKey: Guid(acf13e6843b722740b4ae70907069539) Importer(815301076,1909f56bfc062723c751e8b465ee728b)
Start importing Assets/AA/Prefabs/Bullet/Hit B_B.prefab using Guid(acf13e6843b722740b4ae70907069539) Importer(815301076,1909f56bfc062723c751e8b465ee728b)  -> (artifact id: 'ca7834d98db3b4dbe8c4ba75044c43ed') in 0.053192 seconds 
========================================================================
Received Import Request.
  Time since last request: 1.332578 seconds.
  path: Assets/AA/Prefabs/Bullet/Hit B_B.prefab
  artifactKey: Guid(acf13e6843b722740b4ae70907069539) Importer(815301076,1909f56bfc062723c751e8b465ee728b)
Start importing Assets/AA/Prefabs/Bullet/Hit B_B.prefab using Guid(acf13e6843b722740b4ae70907069539) Importer(815301076,1909f56bfc062723c751e8b465ee728b)  -> (artifact id: 'bdae32acbac220d2f516f66ede08df66') in 0.053821 seconds 
========================================================================
Received Import Request.
  Time since last request: 1.352005 seconds.
  path: Assets/AA/Prefabs/Bullet/Hit B_B.prefab
  artifactKey: Guid(acf13e6843b722740b4ae70907069539) Importer(815301076,1909f56bfc062723c751e8b465ee728b)
Start importing Assets/AA/Prefabs/Bullet/Hit B_B.prefab using Guid(acf13e6843b722740b4ae70907069539) Importer(815301076,1909f56bfc062723c751e8b465ee728b)  -> (artifact id: 'e526b6b8169573a6855c61366840b990') in 0.053622 seconds 
========================================================================
Received Import Request.
  Time since last request: 3.236861 seconds.
  path: Assets/AA/Prefabs/Bullet/Hit B_B.prefab
  artifactKey: Guid(acf13e6843b722740b4ae70907069539) Importer(815301076,1909f56bfc062723c751e8b465ee728b)
Start importing Assets/AA/Prefabs/Bullet/Hit B_B.prefab using Guid(acf13e6843b722740b4ae70907069539) Importer(815301076,1909f56bfc062723c751e8b465ee728b)  -> (artifact id: '6edd0ba89ee20076a1ce7eabfee6ff34') in 0.075502 seconds 
========================================================================
Received Import Request.
  Time since last request: 461.781384 seconds.
  path: Assets/AA/Prefabs/Bullet/Hit B_B.prefab
  artifactKey: Guid(acf13e6843b722740b4ae70907069539) Importer(815301076,1909f56bfc062723c751e8b465ee728b)
Start importing Assets/AA/Prefabs/Bullet/Hit B_B.prefab using Guid(acf13e6843b722740b4ae70907069539) Importer(815301076,1909f56bfc062723c751e8b465ee728b)  -> (artifact id: 'd390c0bd2c0cd7a98e1f31f17d1d0a29') in 0.091288 seconds 
========================================================================
Received Import Request.
  Time since last request: 107.565133 seconds.
  path: Assets/AA/Prefabs/Bullet/Hit B_B.prefab
  artifactKey: Guid(acf13e6843b722740b4ae70907069539) Importer(815301076,1909f56bfc062723c751e8b465ee728b)
Start importing Assets/AA/Prefabs/Bullet/Hit B_B.prefab using Guid(acf13e6843b722740b4ae70907069539) Importer(815301076,1909f56bfc062723c751e8b465ee728b)  -> (artifact id: 'd9d5f07a43077ce21c6f0f18c69ee620') in 0.080881 seconds 
========================================================================
Received Import Request.
  Time since last request: 18.942431 seconds.
  path: Assets/AA/Prefabs/Bullet/Hit B_B.prefab
  artifactKey: Guid(acf13e6843b722740b4ae70907069539) Importer(815301076,1909f56bfc062723c751e8b465ee728b)
Start importing Assets/AA/Prefabs/Bullet/Hit B_B.prefab using Guid(acf13e6843b722740b4ae70907069539) Importer(815301076,1909f56bfc062723c751e8b465ee728b)  -> (artifact id: 'd428a05798f4c4dc8d4599b65642d685') in 0.051526 seconds 
========================================================================
Received Import Request.
  Time since last request: 1.535003 seconds.
  path: Assets/AA/Prefabs/Bullet/Hit B_B.prefab
  artifactKey: Guid(acf13e6843b722740b4ae70907069539) Importer(815301076,1909f56bfc062723c751e8b465ee728b)
Start importing Assets/AA/Prefabs/Bullet/Hit B_B.prefab using Guid(acf13e6843b722740b4ae70907069539) Importer(815301076,1909f56bfc062723c751e8b465ee728b)  -> (artifact id: 'a4218f1277b7d20848b42f67b7a3a60b') in 0.062552 seconds 
========================================================================
Received Import Request.
  Time since last request: 2.347874 seconds.
  path: Assets/AA/Prefabs/Bullet/Hit B_B.prefab
  artifactKey: Guid(acf13e6843b722740b4ae70907069539) Importer(815301076,1909f56bfc062723c751e8b465ee728b)
Start importing Assets/AA/Prefabs/Bullet/Hit B_B.prefab using Guid(acf13e6843b722740b4ae70907069539) Importer(815301076,1909f56bfc062723c751e8b465ee728b)  -> (artifact id: '6d0fe4fc48e6ba1635fc647919b99bb0') in 0.081128 seconds 
========================================================================
Received Import Request.
  Time since last request: 52.552341 seconds.
  path: Assets/AA/Prefabs/Bullet/Hit B_B.prefab
  artifactKey: Guid(acf13e6843b722740b4ae70907069539) Importer(815301076,1909f56bfc062723c751e8b465ee728b)
Start importing Assets/AA/Prefabs/Bullet/Hit B_B.prefab using Guid(acf13e6843b722740b4ae70907069539) Importer(815301076,1909f56bfc062723c751e8b465ee728b)  -> (artifact id: '469a56a26d918989a97f82e4726f730d') in 0.049293 seconds 
========================================================================
Received Import Request.
  Time since last request: 4.773592 seconds.
  path: Assets/AA/Prefabs/Bullet/Hit B_B.prefab
  artifactKey: Guid(acf13e6843b722740b4ae70907069539) Importer(815301076,1909f56bfc062723c751e8b465ee728b)
Start importing Assets/AA/Prefabs/Bullet/Hit B_B.prefab using Guid(acf13e6843b722740b4ae70907069539) Importer(815301076,1909f56bfc062723c751e8b465ee728b)  -> (artifact id: '858a6f44da0249c5bdf537236bc84c5a') in 0.052097 seconds 
========================================================================
Received Import Request.
  Time since last request: 8.548796 seconds.
  path: Assets/AA/Prefabs/Bullet/Hit B_B.prefab
  artifactKey: Guid(acf13e6843b722740b4ae70907069539) Importer(815301076,1909f56bfc062723c751e8b465ee728b)
Start importing Assets/AA/Prefabs/Bullet/Hit B_B.prefab using Guid(acf13e6843b722740b4ae70907069539) Importer(815301076,1909f56bfc062723c751e8b465ee728b)  -> (artifact id: '77fbfd4837fc1439e81dda37702ddcc8') in 0.049206 seconds 
========================================================================
Received Import Request.
  Time since last request: 1.963125 seconds.
  path: Assets/AA/Prefabs/Bullet/Hit B_B.prefab
  artifactKey: Guid(acf13e6843b722740b4ae70907069539) Importer(815301076,1909f56bfc062723c751e8b465ee728b)
Start importing Assets/AA/Prefabs/Bullet/Hit B_B.prefab using Guid(acf13e6843b722740b4ae70907069539) Importer(815301076,1909f56bfc062723c751e8b465ee728b)  -> (artifact id: '7b5c29493e1f56a1f1862f3b4fa4f2fe') in 0.070814 seconds 
========================================================================
Received Import Request.
  Time since last request: 11.040611 seconds.
  path: Assets/AA/Prefabs/Bullet/Hit B_B.prefab
  artifactKey: Guid(acf13e6843b722740b4ae70907069539) Importer(815301076,1909f56bfc062723c751e8b465ee728b)
Start importing Assets/AA/Prefabs/Bullet/Hit B_B.prefab using Guid(acf13e6843b722740b4ae70907069539) Importer(815301076,1909f56bfc062723c751e8b465ee728b)  -> (artifact id: '6b0de1088479f445cdc36019d64bf39d') in 0.048815 seconds 
========================================================================
Received Import Request.
  Time since last request: 23.050126 seconds.
  path: Assets/AA/Prefabs/Bullet/Hit B_B.prefab
  artifactKey: Guid(acf13e6843b722740b4ae70907069539) Importer(815301076,1909f56bfc062723c751e8b465ee728b)
Start importing Assets/AA/Prefabs/Bullet/Hit B_B.prefab using Guid(acf13e6843b722740b4ae70907069539) Importer(815301076,1909f56bfc062723c751e8b465ee728b)  -> (artifact id: '0c7ef43d9c9b25d46690c10d64574f79') in 0.053273 seconds 
========================================================================
Received Import Request.
  Time since last request: 5.175102 seconds.
  path: Assets/AA/Prefabs/Bullet/Hit B_B.prefab
  artifactKey: Guid(acf13e6843b722740b4ae70907069539) Importer(815301076,1909f56bfc062723c751e8b465ee728b)
Start importing Assets/AA/Prefabs/Bullet/Hit B_B.prefab using Guid(acf13e6843b722740b4ae70907069539) Importer(815301076,1909f56bfc062723c751e8b465ee728b)  -> (artifact id: '4f0519760bc24df1226b6bfa532bd7b2') in 0.057729 seconds 
========================================================================
Received Import Request.
  Time since last request: 4.379171 seconds.
  path: Assets/AA/Prefabs/Bullet/Hit B_B.prefab
  artifactKey: Guid(acf13e6843b722740b4ae70907069539) Importer(815301076,1909f56bfc062723c751e8b465ee728b)
Start importing Assets/AA/Prefabs/Bullet/Hit B_B.prefab using Guid(acf13e6843b722740b4ae70907069539) Importer(815301076,1909f56bfc062723c751e8b465ee728b)  -> (artifact id: 'adf3c387e8dfba1fd59afb8356e2fe6a') in 0.054157 seconds 
========================================================================
Received Import Request.
  Time since last request: 1.106024 seconds.
  path: Assets/AA/Prefabs/Bullet/Hit B_B.prefab
  artifactKey: Guid(acf13e6843b722740b4ae70907069539) Importer(815301076,1909f56bfc062723c751e8b465ee728b)
Start importing Assets/AA/Prefabs/Bullet/Hit B_B.prefab using Guid(acf13e6843b722740b4ae70907069539) Importer(815301076,1909f56bfc062723c751e8b465ee728b)  -> (artifact id: '5914e1d869e7b500e35eb5cc6a05f8e3') in 0.054137 seconds 
========================================================================
Received Import Request.
  Time since last request: 7.826249 seconds.
  path: Assets/AA/Prefabs/Bullet/Hit B_B.prefab
  artifactKey: Guid(acf13e6843b722740b4ae70907069539) Importer(815301076,1909f56bfc062723c751e8b465ee728b)
Start importing Assets/AA/Prefabs/Bullet/Hit B_B.prefab using Guid(acf13e6843b722740b4ae70907069539) Importer(815301076,1909f56bfc062723c751e8b465ee728b)  -> (artifact id: '898f5e6401b0d7bc6e9d95f32762f981') in 0.052702 seconds 
========================================================================
Received Import Request.
  Time since last request: 2.568416 seconds.
  path: Assets/AA/Prefabs/Bullet/Hit B_B.prefab
  artifactKey: Guid(acf13e6843b722740b4ae70907069539) Importer(815301076,1909f56bfc062723c751e8b465ee728b)
Start importing Assets/AA/Prefabs/Bullet/Hit B_B.prefab using Guid(acf13e6843b722740b4ae70907069539) Importer(815301076,1909f56bfc062723c751e8b465ee728b)  -> (artifact id: '90bb42eb66b2108b2916f5e60ecb1d23') in 0.055415 seconds 
========================================================================
Received Import Request.
  Time since last request: 11.745146 seconds.
  path: Assets/AA/Prefabs/Bullet/Hit B_B.prefab
  artifactKey: Guid(acf13e6843b722740b4ae70907069539) Importer(815301076,1909f56bfc062723c751e8b465ee728b)
Start importing Assets/AA/Prefabs/Bullet/Hit B_B.prefab using Guid(acf13e6843b722740b4ae70907069539) Importer(815301076,1909f56bfc062723c751e8b465ee728b)  -> (artifact id: '6d2c5bdc7841ec0f7dd3771b7d48e091') in 0.055163 seconds 
========================================================================
Received Import Request.
  Time since last request: 1.780073 seconds.
  path: Assets/AA/Prefabs/Bullet/Hit B_B.prefab
  artifactKey: Guid(acf13e6843b722740b4ae70907069539) Importer(815301076,1909f56bfc062723c751e8b465ee728b)
Start importing Assets/AA/Prefabs/Bullet/Hit B_B.prefab using Guid(acf13e6843b722740b4ae70907069539) Importer(815301076,1909f56bfc062723c751e8b465ee728b)  -> (artifact id: '7954cd0c397ef0ec9296154da8aefb0d') in 0.206852 seconds 
========================================================================
Received Import Request.
  Time since last request: 3.814792 seconds.
  path: Assets/AA/Prefabs/Bullet/Hit B_B.prefab
  artifactKey: Guid(acf13e6843b722740b4ae70907069539) Importer(815301076,1909f56bfc062723c751e8b465ee728b)
Start importing Assets/AA/Prefabs/Bullet/Hit B_B.prefab using Guid(acf13e6843b722740b4ae70907069539) Importer(815301076,1909f56bfc062723c751e8b465ee728b)  -> (artifact id: '684f9e5f8ad82dff7d2cf94b34f566a2') in 0.052257 seconds 
========================================================================
Received Import Request.
  Time since last request: 19.479742 seconds.
  path: Assets/AA/Prefabs/Bullet/Hit B_B.prefab
  artifactKey: Guid(acf13e6843b722740b4ae70907069539) Importer(815301076,1909f56bfc062723c751e8b465ee728b)
Start importing Assets/AA/Prefabs/Bullet/Hit B_B.prefab using Guid(acf13e6843b722740b4ae70907069539) Importer(815301076,1909f56bfc062723c751e8b465ee728b)  -> (artifact id: 'e60701e507fbab236da74dd049aee0d5') in 0.155976 seconds 
