Using pre-set license
Built from '2021.2/staging' branch; Version is '2021.2.8f1 (d0e5f0a7b06a) revision 13690352'; Using compiler version '192829333'; Build Type 'Release'
OS: 'Windows 10  (10.0.19044) 64bit Core' Language: 'zh' Physical Memory: 8103 MB
BatchMode: 1, IsHumanControllingUs: 0, StartBugReporterOnCrash: 0, Is64bit: 1, IsPro: 0

COMMAND LINE ARGUMENTS:
C:\Program Files\Unity\Hub\Editor\2021.2.8f1\Editor\Unity.exe
-adb2
-batchMode
-noUpm
-name
AssetImportWorker6
-projectPath
J:/QWQ
-logFile
Logs/AssetImportWorker6.log
-srvPort
55395
Successfully changed project path to: J:/QWQ
J:/QWQ
[UnityMemory] Configuration Parameters - Can be set up in boot.config
    "memorysetup-bucket-allocator-granularity=16"
    "memorysetup-bucket-allocator-bucket-count=8"
    "memorysetup-bucket-allocator-block-size=33554432"
    "memorysetup-bucket-allocator-block-count=8"
    "memorysetup-main-allocator-block-size=16777216"
    "memorysetup-thread-allocator-block-size=16777216"
    "memorysetup-gfx-main-allocator-block-size=16777216"
    "memorysetup-gfx-thread-allocator-block-size=16777216"
    "memorysetup-cache-allocator-block-size=4194304"
    "memorysetup-typetree-allocator-block-size=2097152"
    "memorysetup-profiler-bucket-allocator-granularity=16"
    "memorysetup-profiler-bucket-allocator-bucket-count=8"
    "memorysetup-profiler-bucket-allocator-block-size=33554432"
    "memorysetup-profiler-bucket-allocator-block-count=8"
    "memorysetup-profiler-allocator-block-size=16777216"
    "memorysetup-profiler-editor-allocator-block-size=1048576"
    "memorysetup-temp-allocator-size-main=16777216"
    "memorysetup-job-temp-allocator-block-size=2097152"
    "memorysetup-job-temp-allocator-block-size-background=1048576"
    "memorysetup-job-temp-allocator-reduction-small-platforms=262144"
    "memorysetup-temp-allocator-size-background-worker=32768"
    "memorysetup-temp-allocator-size-job-worker=262144"
    "memorysetup-temp-allocator-size-preload-manager=33554432"
    "memorysetup-temp-allocator-size-nav-mesh-worker=65536"
    "memorysetup-temp-allocator-size-audio-worker=65536"
    "memorysetup-temp-allocator-size-cloud-worker=32768"
    "memorysetup-temp-allocator-size-gi-baking-worker=262144"
    "memorysetup-temp-allocator-size-gfx=262144"
Refreshing native plugins compatible for Editor in 138.99 ms, found 2 plugins.
Preloading 0 native plugins for Editor in 0.00 ms.
Initialize engine version: 2021.2.8f1 (d0e5f0a7b06a)
[Subsystems] Discovering subsystems at path C:/Program Files/Unity/Hub/Editor/2021.2.8f1/Editor/Data/Resources/UnitySubsystems
[Subsystems] Discovering subsystems at path J:/QWQ/Assets
GfxDevice: creating device client; threaded=0; jobified=0
Direct3D:
    Version:  Direct3D 11.0 [level 11.1]
    Renderer: AMD Radeon (TM) R9 380 Series (ID=0x6939)
    Vendor:   ATI
    VRAM:     2022 MB
    Driver:   27.20.20903.8001
Initialize mono
Mono path[0] = 'C:/Program Files/Unity/Hub/Editor/2021.2.8f1/Editor/Data/Managed'
Mono path[1] = 'C:/Program Files/Unity/Hub/Editor/2021.2.8f1/Editor/Data/MonoBleedingEdge/lib/mono/unityjit-win32'
Mono config path = 'C:/Program Files/Unity/Hub/Editor/2021.2.8f1/Editor/Data/MonoBleedingEdge/etc'
Using monoOptions --debugger-agent=transport=dt_socket,embedding=1,server=y,suspend=n,address=127.0.0.1:56184
Begin MonoManager ReloadAssembly
Registering precompiled unity dll's ...
Register platform support module: C:/Program Files/Unity/Hub/Editor/2021.2.8f1/Editor/Data/PlaybackEngines/WindowsStandaloneSupport/UnityEditor.WindowsStandalone.Extensions.dll
Registered in 0.009921 seconds.
Native extension for WindowsStandalone target not found
Refreshing native plugins compatible for Editor in 117.52 ms, found 2 plugins.
Preloading 0 native plugins for Editor in 0.00 ms.
Mono: successfully reloaded assembly
- Completed reload, in  0.805 seconds
Domain Reload Profiling:
	ReloadAssembly (805ms)
		BeginReloadAssembly (90ms)
			ExecutionOrderSort (0ms)
			DisableScriptedObjects (0ms)
			BackupInstance (0ms)
			ReleaseScriptingObjects (0ms)
			CreateAndSetChildDomain (1ms)
		EndReloadAssembly (604ms)
			LoadAssemblies (88ms)
			RebuildTransferFunctionScriptingTraits (0ms)
			SetupTypeCache (150ms)
			ReleaseScriptCaches (0ms)
			RebuildScriptCaches (36ms)
			SetupLoadedEditorAssemblies (348ms)
				LogAssemblyErrors (0ms)
				InitializePlatformSupportModulesInManaged (20ms)
				SetLoadedEditorAssemblies (0ms)
				RefreshPlugins (118ms)
				BeforeProcessingInitializeOnLoad (1ms)
				ProcessInitializeOnLoadAttributes (156ms)
				ProcessInitializeOnLoadMethodAttributes (53ms)
				AfterProcessingInitializeOnLoad (0ms)
				EditorAssembliesLoaded (0ms)
			ExecutionOrderSort2 (0ms)
			AwakeInstancesAfterBackupRestoration (0ms)
Platform modules already initialized, skipping
Registering precompiled user dll's ...
Registered in 0.006241 seconds.
Begin MonoManager ReloadAssembly
Native extension for WindowsStandalone target not found
Refreshing native plugins compatible for Editor in 143.53 ms, found 2 plugins.
Preloading 0 native plugins for Editor in 0.00 ms.
Mono: successfully reloaded assembly
- Completed reload, in  3.987 seconds
Domain Reload Profiling:
	ReloadAssembly (3988ms)
		BeginReloadAssembly (194ms)
			ExecutionOrderSort (0ms)
			DisableScriptedObjects (9ms)
			BackupInstance (0ms)
			ReleaseScriptingObjects (0ms)
			CreateAndSetChildDomain (27ms)
		EndReloadAssembly (3663ms)
			LoadAssemblies (152ms)
			RebuildTransferFunctionScriptingTraits (0ms)
			SetupTypeCache (448ms)
			ReleaseScriptCaches (3ms)
			RebuildScriptCaches (171ms)
			SetupLoadedEditorAssemblies (2853ms)
				LogAssemblyErrors (0ms)
				InitializePlatformSupportModulesInManaged (18ms)
				SetLoadedEditorAssemblies (0ms)
				RefreshPlugins (144ms)
				BeforeProcessingInitializeOnLoad (117ms)
				ProcessInitializeOnLoadAttributes (2458ms)
				ProcessInitializeOnLoadMethodAttributes (102ms)
				AfterProcessingInitializeOnLoad (14ms)
				EditorAssembliesLoaded (0ms)
			ExecutionOrderSort2 (0ms)
			AwakeInstancesAfterBackupRestoration (10ms)
Platform modules already initialized, skipping
========================================================================
Worker process is ready to serve import requests
Launched and connected shader compiler UnityShaderCompiler.exe after 0.19 seconds
Refreshing native plugins compatible for Editor in 1.54 ms, found 2 plugins.
Preloading 0 native plugins for Editor in 0.00 ms.
Unloading 4908 Unused Serialized files (Serialized files now loaded: 0)
Unloading 79 unused Assets / (6.1 MB). Loaded Objects now: 5371.
Memory consumption went from 275.8 MB to 269.7 MB.
Total: 7.517600 ms (FindLiveObjects: 0.815500 ms CreateObjectMapping: 0.644400 ms MarkObjects: 4.727800 ms  DeleteObjects: 1.328100 ms)

AssetImportParameters requested are different than current active one (requested -> active):
  custom:video-decoder-ogg-theora: a1e56fd34408186e4bbccfd4996cb3dc -> 
  custom:container-muxer-webm: aa71ff27fc2769a1b78a27578f13a17b -> 
  custom:container-demuxer-webm: 4f35f7cbe854078d1ac9338744f61a02 -> 
  custom:video-encoder-webm-vp8: eb34c28f22e8b96e1ab97ce403110664 -> 
  custom:audio-encoder-webm-vorbis: bf7c407c2cedff20999df2af8eb42d56 -> 
  custom:framework-win-MediaFoundation: 216162199b28c13a410421893ffa2e32 -> 
  custom:container-demuxer-ogg: 62fdf1f143b41e24485cea50d1cbac27 -> 
  custom:video-decoder-webm-vp8: 9c59270c3fd7afecdb556c50c9e8de78 -> 
  custom:audio-decoder-ogg-vorbis: bf7c407c2cedff20999df2af8eb42d56 -> 
========================================================================
Received Import Request.
  Time since last request: 2038548.736223 seconds.
  path: Assets/AA/Monster/BOSS/Buttle/Boss_C_Hit 0.anim
  artifactKey: Guid(5975ed2711ff53441b5b6e4508ebd4c6) Importer(815301076,1909f56bfc062723c751e8b465ee728b)
Start importing Assets/AA/Monster/BOSS/Buttle/Boss_C_Hit 0.anim using Guid(5975ed2711ff53441b5b6e4508ebd4c6) Importer(815301076,1909f56bfc062723c751e8b465ee728b)  -> (artifact id: '5aaad560f7b95cadcf931b09debff59d') in 0.097379 seconds 
========================================================================
Received Import Request.
  Time since last request: 376.981548 seconds.
  path: Assets/AA/Monster/BOSS/Buttle/Boss_C_Hit 0 Lv1.anim
  artifactKey: Guid(5975ed2711ff53441b5b6e4508ebd4c6) Importer(815301076,1909f56bfc062723c751e8b465ee728b)
Start importing Assets/AA/Monster/BOSS/Buttle/Boss_C_Hit 0 Lv1.anim using Guid(5975ed2711ff53441b5b6e4508ebd4c6) Importer(815301076,1909f56bfc062723c751e8b465ee728b)  -> (artifact id: '5cbd0869cc3bfbb60b9ef547bd342aca') in 0.012237 seconds 
========================================================================
Received Prepare
Registering precompiled user dll's ...
Registered in 0.005968 seconds.
Begin MonoManager ReloadAssembly
Native extension for WindowsStandalone target not found
Refreshing native plugins compatible for Editor in 1.77 ms, found 2 plugins.
Preloading 0 native plugins for Editor in 0.00 ms.
Mono: successfully reloaded assembly
- Completed reload, in  2.471 seconds
Domain Reload Profiling:
	ReloadAssembly (2473ms)
		BeginReloadAssembly (489ms)
			ExecutionOrderSort (0ms)
			DisableScriptedObjects (50ms)
			BackupInstance (0ms)
			ReleaseScriptingObjects (1ms)
			CreateAndSetChildDomain (214ms)
		EndReloadAssembly (1793ms)
			LoadAssemblies (160ms)
			RebuildTransferFunctionScriptingTraits (0ms)
			SetupTypeCache (488ms)
			ReleaseScriptCaches (8ms)
			RebuildScriptCaches (156ms)
			SetupLoadedEditorAssemblies (900ms)
				LogAssemblyErrors (0ms)
				InitializePlatformSupportModulesInManaged (16ms)
				SetLoadedEditorAssemblies (1ms)
				RefreshPlugins (2ms)
				BeforeProcessingInitializeOnLoad (146ms)
				ProcessInitializeOnLoadAttributes (680ms)
				ProcessInitializeOnLoadMethodAttributes (37ms)
				AfterProcessingInitializeOnLoad (18ms)
				EditorAssembliesLoaded (0ms)
			ExecutionOrderSort2 (0ms)
			AwakeInstancesAfterBackupRestoration (26ms)
Platform modules already initialized, skipping
Refreshing native plugins compatible for Editor in 1.12 ms, found 2 plugins.
Preloading 0 native plugins for Editor in 0.00 ms.
Unloading 4532 Unused Serialized files (Serialized files now loaded: 0)
Unloading 65 unused Assets / (6.1 MB). Loaded Objects now: 5374.
Memory consumption went from 254.0 MB to 248.0 MB.
Total: 6.304200 ms (FindLiveObjects: 0.457500 ms CreateObjectMapping: 0.348000 ms MarkObjects: 4.116400 ms  DeleteObjects: 1.378200 ms)

AssetImportParameters requested are different than current active one (requested -> active):
  custom:video-decoder-ogg-theora: a1e56fd34408186e4bbccfd4996cb3dc -> 
  custom:container-muxer-webm: aa71ff27fc2769a1b78a27578f13a17b -> 
  custom:container-demuxer-webm: 4f35f7cbe854078d1ac9338744f61a02 -> 
  custom:video-encoder-webm-vp8: eb34c28f22e8b96e1ab97ce403110664 -> 
  custom:audio-encoder-webm-vorbis: bf7c407c2cedff20999df2af8eb42d56 -> 
  custom:framework-win-MediaFoundation: 216162199b28c13a410421893ffa2e32 -> 
  custom:container-demuxer-ogg: 62fdf1f143b41e24485cea50d1cbac27 -> 
  custom:video-decoder-webm-vp8: 9c59270c3fd7afecdb556c50c9e8de78 -> 
  custom:audio-decoder-ogg-vorbis: bf7c407c2cedff20999df2af8eb42d56 -> 
========================================================================
Received Import Request.
  Time since last request: 1501.359068 seconds.
  path: Assets/AA/Player/步槍/Animation/MSG Animator Controller.controller
  artifactKey: Guid(19ded79462bb27548af8d5b0c4faddb1) Importer(815301076,1909f56bfc062723c751e8b465ee728b)
Start importing Assets/AA/Player/步槍/Animation/MSG Animator Controller.controller using Guid(19ded79462bb27548af8d5b0c4faddb1) Importer(815301076,1909f56bfc062723c751e8b465ee728b)  -> (artifact id: '849d79236cc67fbbce3719fa3c030951') in 0.524231 seconds 
========================================================================
Received Import Request.
  Time since last request: 1688.360865 seconds.
  path: Assets/AA/Player/步槍/Animation/MSG Animator Controller.controller
  artifactKey: Guid(19ded79462bb27548af8d5b0c4faddb1) Importer(815301076,1909f56bfc062723c751e8b465ee728b)
Start importing Assets/AA/Player/步槍/Animation/MSG Animator Controller.controller using Guid(19ded79462bb27548af8d5b0c4faddb1) Importer(815301076,1909f56bfc062723c751e8b465ee728b)  -> (artifact id: 'a032d758dcd5f309dc5785b50ad7911c') in 0.228781 seconds 
========================================================================
Received Import Request.
  Time since last request: 1294.306748 seconds.
  path: Assets/AA/Monster/BOSS/Buttle/Boss_C_Hit 0 Lv1.anim
  artifactKey: Guid(5975ed2711ff53441b5b6e4508ebd4c6) Importer(815301076,1909f56bfc062723c751e8b465ee728b)
Start importing Assets/AA/Monster/BOSS/Buttle/Boss_C_Hit 0 Lv1.anim using Guid(5975ed2711ff53441b5b6e4508ebd4c6) Importer(815301076,1909f56bfc062723c751e8b465ee728b)  -> (artifact id: '7da974fb1e19e506afbf6e411e6a0715') in 0.053105 seconds 
========================================================================
Received Import Request.
  Time since last request: 17.532827 seconds.
  path: Assets/AA/Monster/BOSS/Buttle/Boss_C_Hit 0 Lv1 1.anim
  artifactKey: Guid(48bb1bc3dc433c945ae2f01dd05444d7) Importer(815301076,1909f56bfc062723c751e8b465ee728b)
Start importing Assets/AA/Monster/BOSS/Buttle/Boss_C_Hit 0 Lv1 1.anim using Guid(48bb1bc3dc433c945ae2f01dd05444d7) Importer(815301076,1909f56bfc062723c751e8b465ee728b)  -> (artifact id: 'e0f50c92c58e6fde4e20f9a3015d4cc9') in 0.051691 seconds 
========================================================================
Received Import Request.
  Time since last request: 4.862413 seconds.
  path: Assets/AA/Monster/BOSS/Buttle/Boss_C_Hit 0 Lv2.anim
  artifactKey: Guid(48bb1bc3dc433c945ae2f01dd05444d7) Importer(815301076,1909f56bfc062723c751e8b465ee728b)
Start importing Assets/AA/Monster/BOSS/Buttle/Boss_C_Hit 0 Lv2.anim using Guid(48bb1bc3dc433c945ae2f01dd05444d7) Importer(815301076,1909f56bfc062723c751e8b465ee728b)  -> (artifact id: 'e98fbeedac49afa00a5f60a8e513d403') in 0.012843 seconds 
========================================================================
Received Import Request.
  Time since last request: 4.112640 seconds.
  path: Assets/AA/Player/左輪/Animation/HandGun Animator Controller.controller
  artifactKey: Guid(016fab8ad7831e84a8a01c38d2115e2a) Importer(815301076,1909f56bfc062723c751e8b465ee728b)
Start importing Assets/AA/Player/左輪/Animation/HandGun Animator Controller.controller using Guid(016fab8ad7831e84a8a01c38d2115e2a) Importer(815301076,1909f56bfc062723c751e8b465ee728b)  -> (artifact id: '5f5de261b74c4cd29e00b1bc13d4af4d') in 0.838758 seconds 
========================================================================
Received Import Request.
  Time since last request: 1834.306075 seconds.
  path: Assets/AA/Monster/BOSS/Buttle/BOSS_Hit.controller
  artifactKey: Guid(d95d72950a6234b4fa160cd0acc35fe0) Importer(815301076,1909f56bfc062723c751e8b465ee728b)
Start importing Assets/AA/Monster/BOSS/Buttle/BOSS_Hit.controller using Guid(d95d72950a6234b4fa160cd0acc35fe0) Importer(815301076,1909f56bfc062723c751e8b465ee728b)  -> (artifact id: '0fc26145d21454224593f9387f07fab2') in 0.068180 seconds 
========================================================================
Received Import Request.
  Time since last request: 42.857682 seconds.
  path: Assets/AA/Player/步槍/Animation/MSG Animator Controller.controller
  artifactKey: Guid(19ded79462bb27548af8d5b0c4faddb1) Importer(815301076,1909f56bfc062723c751e8b465ee728b)
Start importing Assets/AA/Player/步槍/Animation/MSG Animator Controller.controller using Guid(19ded79462bb27548af8d5b0c4faddb1) Importer(815301076,1909f56bfc062723c751e8b465ee728b)  -> (artifact id: '5708e9ffc0e77ccf229970c07c967b72') in 0.213563 seconds 
========================================================================
Received Import Request.
  Time since last request: 2.799308 seconds.
  path: Assets/AA/Player/左輪/Animation/HandGun Animator Controller.controller
  artifactKey: Guid(016fab8ad7831e84a8a01c38d2115e2a) Importer(815301076,1909f56bfc062723c751e8b465ee728b)
Start importing Assets/AA/Player/左輪/Animation/HandGun Animator Controller.controller using Guid(016fab8ad7831e84a8a01c38d2115e2a) Importer(815301076,1909f56bfc062723c751e8b465ee728b)  -> (artifact id: '9b37b3fb3139e5d467775f843551e6de') in 0.238925 seconds 
========================================================================
Received Import Request.
  Time since last request: 8721.119067 seconds.
  path: Assets/AA/Player/左輪/Animation/HandGun Animator Controller.controller
  artifactKey: Guid(016fab8ad7831e84a8a01c38d2115e2a) Importer(815301076,1909f56bfc062723c751e8b465ee728b)
Start importing Assets/AA/Player/左輪/Animation/HandGun Animator Controller.controller using Guid(016fab8ad7831e84a8a01c38d2115e2a) Importer(815301076,1909f56bfc062723c751e8b465ee728b)  -> (artifact id: '2d5b4aa923591c4440518a03d4045c31') in 0.717859 seconds 
========================================================================
Received Import Request.
  Time since last request: 162.258783 seconds.
  path: Assets/AA/Monster/BOSS/Buttle/Boss_C_Hit 0 Lv2.anim
  artifactKey: Guid(48bb1bc3dc433c945ae2f01dd05444d7) Importer(815301076,1909f56bfc062723c751e8b465ee728b)
Start importing Assets/AA/Monster/BOSS/Buttle/Boss_C_Hit 0 Lv2.anim using Guid(48bb1bc3dc433c945ae2f01dd05444d7) Importer(815301076,1909f56bfc062723c751e8b465ee728b)  -> (artifact id: 'c69226b3d9b088ec69a16cbc1d60a412') in 0.047788 seconds 
========================================================================
Received Import Request.
  Time since last request: 57.998139 seconds.
  path: Assets/AA/Monster/BOSS/Buttle/Boss_C_Hit 0 Lv2 1.anim
  artifactKey: Guid(9cf550052274d6042b5629a9eacdd5d1) Importer(815301076,1909f56bfc062723c751e8b465ee728b)
Start importing Assets/AA/Monster/BOSS/Buttle/Boss_C_Hit 0 Lv2 1.anim using Guid(9cf550052274d6042b5629a9eacdd5d1) Importer(815301076,1909f56bfc062723c751e8b465ee728b)  -> (artifact id: '7b95e51284299251e36ac0e29f911755') in 0.064539 seconds 
========================================================================
Received Import Request.
  Time since last request: 5.672744 seconds.
  path: Assets/AA/Monster/BOSS/Buttle/Boss_C_Hit 0 Lv3.anim
  artifactKey: Guid(9cf550052274d6042b5629a9eacdd5d1) Importer(815301076,1909f56bfc062723c751e8b465ee728b)
Start importing Assets/AA/Monster/BOSS/Buttle/Boss_C_Hit 0 Lv3.anim using Guid(9cf550052274d6042b5629a9eacdd5d1) Importer(815301076,1909f56bfc062723c751e8b465ee728b)  -> (artifact id: '12eb69ebb63e1381029f69bd4f046a94') in 0.079855 seconds 
========================================================================
Received Import Request.
  Time since last request: 13.269673 seconds.
  path: Assets/AA/Player/步槍/Animation/MSG Animator Controller.controller
  artifactKey: Guid(19ded79462bb27548af8d5b0c4faddb1) Importer(815301076,1909f56bfc062723c751e8b465ee728b)
Start importing Assets/AA/Player/步槍/Animation/MSG Animator Controller.controller using Guid(19ded79462bb27548af8d5b0c4faddb1) Importer(815301076,1909f56bfc062723c751e8b465ee728b)  -> (artifact id: '4973825874aa29e22dfe3f30b39da119') in 0.738029 seconds 
