Using pre-set license
Built from '2021.2/staging' branch; Version is '2021.2.8f1 (d0e5f0a7b06a) revision 13690352'; Using compiler version '192829333'; Build Type 'Release'
OS: 'Windows 10  (10.0.19044) 64bit Professional' Language: 'zh' Physical Memory: 16300 MB
BatchMode: 1, IsHumanControllingUs: 0, StartBugReporterOnCrash: 0, Is64bit: 1, IsPro: 0

COMMAND LINE ARGUMENTS:
D:\Unity\2021.2.8f1\Editor\Unity.exe
-adb2
-batchMode
-noUpm
-name
AssetImportWorker0
-projectPath
C:/Users/GOD/Desktop/Terrain
-logFile
Logs/AssetImportWorker0.log
-srvPort
65141
Successfully changed project path to: C:/Users/GOD/Desktop/Terrain
C:/Users/GOD/Desktop/Terrain
[UnityMemory] Configuration Parameters - Can be set up in boot.config
    "memorysetup-bucket-allocator-granularity=16"
    "memorysetup-bucket-allocator-bucket-count=8"
    "memorysetup-bucket-allocator-block-size=33554432"
    "memorysetup-bucket-allocator-block-count=8"
    "memorysetup-main-allocator-block-size=16777216"
    "memorysetup-thread-allocator-block-size=16777216"
    "memorysetup-gfx-main-allocator-block-size=16777216"
    "memorysetup-gfx-thread-allocator-block-size=16777216"
    "memorysetup-cache-allocator-block-size=4194304"
    "memorysetup-typetree-allocator-block-size=2097152"
    "memorysetup-profiler-bucket-allocator-granularity=16"
    "memorysetup-profiler-bucket-allocator-bucket-count=8"
    "memorysetup-profiler-bucket-allocator-block-size=33554432"
    "memorysetup-profiler-bucket-allocator-block-count=8"
    "memorysetup-profiler-allocator-block-size=16777216"
    "memorysetup-profiler-editor-allocator-block-size=1048576"
    "memorysetup-temp-allocator-size-main=16777216"
    "memorysetup-job-temp-allocator-block-size=2097152"
    "memorysetup-job-temp-allocator-block-size-background=1048576"
    "memorysetup-job-temp-allocator-reduction-small-platforms=262144"
    "memorysetup-temp-allocator-size-background-worker=32768"
    "memorysetup-temp-allocator-size-job-worker=262144"
    "memorysetup-temp-allocator-size-preload-manager=33554432"
    "memorysetup-temp-allocator-size-nav-mesh-worker=65536"
    "memorysetup-temp-allocator-size-audio-worker=65536"
    "memorysetup-temp-allocator-size-cloud-worker=32768"
    "memorysetup-temp-allocator-size-gi-baking-worker=262144"
    "memorysetup-temp-allocator-size-gfx=262144"
Refreshing native plugins compatible for Editor in 102.49 ms, found 2 plugins.
Preloading 0 native plugins for Editor in 0.00 ms.
Initialize engine version: 2021.2.8f1 (d0e5f0a7b06a)
[Subsystems] Discovering subsystems at path D:/Unity/2021.2.8f1/Editor/Data/Resources/UnitySubsystems
[Subsystems] Discovering subsystems at path C:/Users/GOD/Desktop/Terrain/Assets
GfxDevice: creating device client; threaded=0; jobified=0
Direct3D:
    Version:  Direct3D 11.0 [level 11.1]
    Renderer: NVIDIA GeForce RTX 2060 SUPER (ID=0x1f06)
    Vendor:   NVIDIA
    VRAM:     8031 MB
    Driver:   30.0.15.1215
Initialize mono
Mono path[0] = 'D:/Unity/2021.2.8f1/Editor/Data/Managed'
Mono path[1] = 'D:/Unity/2021.2.8f1/Editor/Data/MonoBleedingEdge/lib/mono/unityjit-win32'
Mono config path = 'D:/Unity/2021.2.8f1/Editor/Data/MonoBleedingEdge/etc'
Using monoOptions --debugger-agent=transport=dt_socket,embedding=1,server=y,suspend=n,address=127.0.0.1:56892
Begin MonoManager ReloadAssembly
Registering precompiled unity dll's ...
Register platform support module: D:/Unity/2021.2.8f1/Editor/Data/PlaybackEngines/WindowsStandaloneSupport/UnityEditor.WindowsStandalone.Extensions.dll
Registered in 0.002947 seconds.
Native extension for WindowsStandalone target not found
Refreshing native plugins compatible for Editor in 107.96 ms, found 2 plugins.
Preloading 0 native plugins for Editor in 0.00 ms.
Mono: successfully reloaded assembly
- Completed reload, in  0.764 seconds
Domain Reload Profiling:
	ReloadAssembly (765ms)
		BeginReloadAssembly (151ms)
			ExecutionOrderSort (0ms)
			DisableScriptedObjects (0ms)
			BackupInstance (0ms)
			ReleaseScriptingObjects (0ms)
			CreateAndSetChildDomain (1ms)
		EndReloadAssembly (519ms)
			LoadAssemblies (150ms)
			RebuildTransferFunctionScriptingTraits (0ms)
			SetupTypeCache (128ms)
			ReleaseScriptCaches (0ms)
			RebuildScriptCaches (36ms)
			SetupLoadedEditorAssemblies (299ms)
				LogAssemblyErrors (0ms)
				InitializePlatformSupportModulesInManaged (19ms)
				SetLoadedEditorAssemblies (0ms)
				RefreshPlugins (108ms)
				BeforeProcessingInitializeOnLoad (1ms)
				ProcessInitializeOnLoadAttributes (125ms)
				ProcessInitializeOnLoadMethodAttributes (46ms)
				AfterProcessingInitializeOnLoad (0ms)
				EditorAssembliesLoaded (0ms)
			ExecutionOrderSort2 (0ms)
			AwakeInstancesAfterBackupRestoration (0ms)
Platform modules already initialized, skipping
Registering precompiled user dll's ...
Registered in 0.007112 seconds.
Begin MonoManager ReloadAssembly
Native extension for WindowsStandalone target not found
Refreshing native plugins compatible for Editor in 103.80 ms, found 2 plugins.
Preloading 0 native plugins for Editor in 0.00 ms.
Mono: successfully reloaded assembly
- Completed reload, in  1.770 seconds
Domain Reload Profiling:
	ReloadAssembly (1771ms)
		BeginReloadAssembly (121ms)
			ExecutionOrderSort (0ms)
			DisableScriptedObjects (6ms)
			BackupInstance (0ms)
			ReleaseScriptingObjects (0ms)
			CreateAndSetChildDomain (18ms)
		EndReloadAssembly (1558ms)
			LoadAssemblies (98ms)
			RebuildTransferFunctionScriptingTraits (0ms)
			SetupTypeCache (271ms)
			ReleaseScriptCaches (1ms)
			RebuildScriptCaches (81ms)
			SetupLoadedEditorAssemblies (1084ms)
				LogAssemblyErrors (0ms)
				InitializePlatformSupportModulesInManaged (11ms)
				SetLoadedEditorAssemblies (0ms)
				RefreshPlugins (104ms)
				BeforeProcessingInitializeOnLoad (93ms)
				ProcessInitializeOnLoadAttributes (830ms)
				ProcessInitializeOnLoadMethodAttributes (42ms)
				AfterProcessingInitializeOnLoad (3ms)
				EditorAssembliesLoaded (0ms)
			ExecutionOrderSort2 (0ms)
			AwakeInstancesAfterBackupRestoration (6ms)
Platform modules already initialized, skipping
========================================================================
Worker process is ready to serve import requests
Launched and connected shader compiler UnityShaderCompiler.exe after 0.08 seconds
Refreshing native plugins compatible for Editor in 1.32 ms, found 2 plugins.
Preloading 0 native plugins for Editor in 0.00 ms.
Unloading 4914 Unused Serialized files (Serialized files now loaded: 0)
Unloading 80 unused Assets / (6.1 MB). Loaded Objects now: 5387.
Memory consumption went from 354.0 MB to 347.9 MB.
Total: 4.671900 ms (FindLiveObjects: 0.477300 ms CreateObjectMapping: 0.529400 ms MarkObjects: 2.617200 ms  DeleteObjects: 1.046600 ms)

AssetImportParameters requested are different than current active one (requested -> active):
  custom:video-decoder-ogg-theora: a1e56fd34408186e4bbccfd4996cb3dc -> 
  custom:container-muxer-webm: aa71ff27fc2769a1b78a27578f13a17b -> 
  custom:container-demuxer-webm: 4f35f7cbe854078d1ac9338744f61a02 -> 
  custom:video-encoder-webm-vp8: eb34c28f22e8b96e1ab97ce403110664 -> 
  custom:audio-encoder-webm-vorbis: bf7c407c2cedff20999df2af8eb42d56 -> 
  custom:framework-win-MediaFoundation: 216162199b28c13a410421893ffa2e32 -> 
  custom:container-demuxer-ogg: 62fdf1f143b41e24485cea50d1cbac27 -> 
  custom:video-decoder-webm-vp8: 9c59270c3fd7afecdb556c50c9e8de78 -> 
  custom:audio-decoder-ogg-vorbis: bf7c407c2cedff20999df2af8eb42d56 -> 
========================================================================
Received Import Request.
  Time since last request: 30291.290743 seconds.
  path: Assets/Level2/FBX AND TEXTURE/MeetingROOM
  artifactKey: Guid(578d93187168fb642aca827ba3b687ba) Importer(815301076,1909f56bfc062723c751e8b465ee728b)
Start importing Assets/Level2/FBX AND TEXTURE/MeetingROOM using Guid(578d93187168fb642aca827ba3b687ba) Importer(815301076,1909f56bfc062723c751e8b465ee728b)  -> (artifact id: '95af11a0d3c0c17c91b4173e01c6ca6d') in 0.011616 seconds 
========================================================================
Received Import Request.
  Time since last request: 2.772876 seconds.
  path: Assets/Level2/FBX AND TEXTURE/MeetingRoom
  artifactKey: Guid(578d93187168fb642aca827ba3b687ba) Importer(815301076,1909f56bfc062723c751e8b465ee728b)
Start importing Assets/Level2/FBX AND TEXTURE/MeetingRoom using Guid(578d93187168fb642aca827ba3b687ba) Importer(815301076,1909f56bfc062723c751e8b465ee728b)  -> (artifact id: 'fed220408cb90b5bcdd68af31e64895e') in 0.004841 seconds 
========================================================================
Received Import Request.
  Time since last request: 7.660846 seconds.
  path: Assets/Level2/FBX AND TEXTURE/MeetingRoom/MeetingRoom
  artifactKey: Guid(0e34530f0c14a924bb9967d67129d41e) Importer(815301076,1909f56bfc062723c751e8b465ee728b)
Start importing Assets/Level2/FBX AND TEXTURE/MeetingRoom/MeetingRoom using Guid(0e34530f0c14a924bb9967d67129d41e) Importer(815301076,1909f56bfc062723c751e8b465ee728b)  -> (artifact id: 'fafc2f3a84350581e807f383b7924181') in 0.001953 seconds 
========================================================================
Received Import Request.
  Time since last request: 0.061757 seconds.
  path: Assets/Level2/FBX AND TEXTURE/MeetingRoom/MeetingRoom/MeetingRoom.fbx
  artifactKey: Guid(f115779b1a97740418cd451f1406371d) Importer(815301076,1909f56bfc062723c751e8b465ee728b)
Start importing Assets/Level2/FBX AND TEXTURE/MeetingRoom/MeetingRoom/MeetingRoom.fbx using Guid(f115779b1a97740418cd451f1406371d) Importer(815301076,1909f56bfc062723c751e8b465ee728b)  -> (artifact id: 'b2794bec28bcbf31934878836761fde4') in 0.967245 seconds 
========================================================================
Received Import Request.
  Time since last request: 0.000094 seconds.
  path: Assets/Level2/FBX AND TEXTURE/MeetingRoom/MeetingRoom/MeetingRoom_TT_checker_1024x1024_UV_GRID_Normal.png
  artifactKey: Guid(c47b20648d6fe25438f2ec54c99a0db6) Importer(815301076,1909f56bfc062723c751e8b465ee728b)
Start importing Assets/Level2/FBX AND TEXTURE/MeetingRoom/MeetingRoom/MeetingRoom_TT_checker_1024x1024_UV_GRID_Normal.png using Guid(c47b20648d6fe25438f2ec54c99a0db6) Importer(815301076,1909f56bfc062723c751e8b465ee728b)  -> (artifact id: '48e30815ba747072ad549bef774340c8') in 0.037502 seconds 
========================================================================
Received Import Request.
  Time since last request: 0.000037 seconds.
  path: Assets/Level2/FBX AND TEXTURE/MeetingRoom/MeetingRoom/MeetingRoom_TT_checker_1024x1024_UV_GRID_BaseMap.png
  artifactKey: Guid(7a3105dec71fa4e459b0d9d8cbde53a6) Importer(815301076,1909f56bfc062723c751e8b465ee728b)
Start importing Assets/Level2/FBX AND TEXTURE/MeetingRoom/MeetingRoom/MeetingRoom_TT_checker_1024x1024_UV_GRID_BaseMap.png using Guid(7a3105dec71fa4e459b0d9d8cbde53a6) Importer(815301076,1909f56bfc062723c751e8b465ee728b)  -> (artifact id: '44dbcd85894abc4f03e362bbe84c3fef') in 0.034429 seconds 
========================================================================
Received Import Request.
  Time since last request: 0.000043 seconds.
  path: Assets/Level2/FBX AND TEXTURE/MeetingRoom/MeetingRoom/MeetingRoom_TT_checker_1024x1024_UV_GRID_Emissive.png
  artifactKey: Guid(a3f7cb6762328d74cbed5859908e9bd2) Importer(815301076,1909f56bfc062723c751e8b465ee728b)
Start importing Assets/Level2/FBX AND TEXTURE/MeetingRoom/MeetingRoom/MeetingRoom_TT_checker_1024x1024_UV_GRID_Emissive.png using Guid(a3f7cb6762328d74cbed5859908e9bd2) Importer(815301076,1909f56bfc062723c751e8b465ee728b)  -> (artifact id: 'c59b35859b8d3a2b04d128aa33338d81') in 0.016210 seconds 
========================================================================
Received Import Request.
  Time since last request: 0.000036 seconds.
  path: Assets/Level2/FBX AND TEXTURE/MeetingRoom/MeetingRoom/MeetingRoom_TT_checker_1024x1024_UV_GRID_MaskMap.png
  artifactKey: Guid(3b7ef3c2a2f4e974d88301aa5b35b691) Importer(815301076,1909f56bfc062723c751e8b465ee728b)
Start importing Assets/Level2/FBX AND TEXTURE/MeetingRoom/MeetingRoom/MeetingRoom_TT_checker_1024x1024_UV_GRID_MaskMap.png using Guid(3b7ef3c2a2f4e974d88301aa5b35b691) Importer(815301076,1909f56bfc062723c751e8b465ee728b)  -> (artifact id: '45e92e94a0a5dc044befd8c2c349ef82') in 0.043561 seconds 
========================================================================
Received Import Request.
  Time since last request: 6.774670 seconds.
  path: Assets/Level2/FBX AND TEXTURE/MeetingRoom/MeetingRoom/New Material.mat
  artifactKey: Guid(8a4d4cc83d821e643b63d27fff4c0a75) Importer(815301076,1909f56bfc062723c751e8b465ee728b)
Start importing Assets/Level2/FBX AND TEXTURE/MeetingRoom/MeetingRoom/New Material.mat using Guid(8a4d4cc83d821e643b63d27fff4c0a75) Importer(815301076,1909f56bfc062723c751e8b465ee728b)  -> (artifact id: '6040e908aad9aba896f4a9605c2c0745') in 0.038974 seconds 
========================================================================
Received Import Request.
  Time since last request: 3.336199 seconds.
  path: Assets/Level2/FBX AND TEXTURE/MeetingRoom/MeetingRoom/MeetingRoom_TT_checker_1024x1024_UV_GRID_Normal.png
  artifactKey: Guid(c47b20648d6fe25438f2ec54c99a0db6) Importer(815301076,1909f56bfc062723c751e8b465ee728b)
Start importing Assets/Level2/FBX AND TEXTURE/MeetingRoom/MeetingRoom/MeetingRoom_TT_checker_1024x1024_UV_GRID_Normal.png using Guid(c47b20648d6fe25438f2ec54c99a0db6) Importer(815301076,1909f56bfc062723c751e8b465ee728b)  -> (artifact id: '82ddb2cc2ee7010d438e81d8aedc3d2e') in 0.036483 seconds 
========================================================================
Received Import Request.
  Time since last request: 49.222272 seconds.
  path: Assets/Level2/FBX AND TEXTURE/MeetingRoom/MeetingRoom/New Material.mat
  artifactKey: Guid(8a4d4cc83d821e643b63d27fff4c0a75) Importer(815301076,1909f56bfc062723c751e8b465ee728b)
Start importing Assets/Level2/FBX AND TEXTURE/MeetingRoom/MeetingRoom/New Material.mat using Guid(8a4d4cc83d821e643b63d27fff4c0a75) Importer(815301076,1909f56bfc062723c751e8b465ee728b)  -> (artifact id: 'e539a5045478ae78967e965f49209b0d') in 0.041093 seconds 
