Using pre-set license
Built from '2021.2/staging' branch; Version is '2021.2.8f1 (d0e5f0a7b06a) revision 13690352'; Using compiler version '192829333'; Build Type 'Release'
OS: 'Windows 10  (10.0.19044) 64bit Core' Language: 'zh' Physical Memory: 8103 MB
BatchMode: 1, IsHumanControllingUs: 0, StartBugReporterOnCrash: 0, Is64bit: 1, IsPro: 0

COMMAND LINE ARGUMENTS:
C:\Program Files\Unity\Hub\Editor\2021.2.8f1\Editor\Unity.exe
-adb2
-batchMode
-noUpm
-name
AssetImportWorker7
-projectPath
J:/QWQ
-logFile
Logs/AssetImportWorker7.log
-srvPort
61517
Successfully changed project path to: J:/QWQ
J:/QWQ
[UnityMemory] Configuration Parameters - Can be set up in boot.config
    "memorysetup-bucket-allocator-granularity=16"
    "memorysetup-bucket-allocator-bucket-count=8"
    "memorysetup-bucket-allocator-block-size=33554432"
    "memorysetup-bucket-allocator-block-count=8"
    "memorysetup-main-allocator-block-size=16777216"
    "memorysetup-thread-allocator-block-size=16777216"
    "memorysetup-gfx-main-allocator-block-size=16777216"
    "memorysetup-gfx-thread-allocator-block-size=16777216"
    "memorysetup-cache-allocator-block-size=4194304"
    "memorysetup-typetree-allocator-block-size=2097152"
    "memorysetup-profiler-bucket-allocator-granularity=16"
    "memorysetup-profiler-bucket-allocator-bucket-count=8"
    "memorysetup-profiler-bucket-allocator-block-size=33554432"
    "memorysetup-profiler-bucket-allocator-block-count=8"
    "memorysetup-profiler-allocator-block-size=16777216"
    "memorysetup-profiler-editor-allocator-block-size=1048576"
    "memorysetup-temp-allocator-size-main=16777216"
    "memorysetup-job-temp-allocator-block-size=2097152"
    "memorysetup-job-temp-allocator-block-size-background=1048576"
    "memorysetup-job-temp-allocator-reduction-small-platforms=262144"
    "memorysetup-temp-allocator-size-background-worker=32768"
    "memorysetup-temp-allocator-size-job-worker=262144"
    "memorysetup-temp-allocator-size-preload-manager=33554432"
    "memorysetup-temp-allocator-size-nav-mesh-worker=65536"
    "memorysetup-temp-allocator-size-audio-worker=65536"
    "memorysetup-temp-allocator-size-cloud-worker=32768"
    "memorysetup-temp-allocator-size-gi-baking-worker=262144"
    "memorysetup-temp-allocator-size-gfx=262144"
Refreshing native plugins compatible for Editor in 138.14 ms, found 2 plugins.
Preloading 0 native plugins for Editor in 0.00 ms.
Initialize engine version: 2021.2.8f1 (d0e5f0a7b06a)
[Subsystems] Discovering subsystems at path C:/Program Files/Unity/Hub/Editor/2021.2.8f1/Editor/Data/Resources/UnitySubsystems
[Subsystems] Discovering subsystems at path J:/QWQ/Assets
GfxDevice: creating device client; threaded=0; jobified=0
Direct3D:
    Version:  Direct3D 11.0 [level 11.1]
    Renderer: AMD Radeon (TM) R9 380 Series (ID=0x6939)
    Vendor:   ATI
    VRAM:     2022 MB
    Driver:   27.20.20903.8001
Initialize mono
Mono path[0] = 'C:/Program Files/Unity/Hub/Editor/2021.2.8f1/Editor/Data/Managed'
Mono path[1] = 'C:/Program Files/Unity/Hub/Editor/2021.2.8f1/Editor/Data/MonoBleedingEdge/lib/mono/unityjit-win32'
Mono config path = 'C:/Program Files/Unity/Hub/Editor/2021.2.8f1/Editor/Data/MonoBleedingEdge/etc'
Using monoOptions --debugger-agent=transport=dt_socket,embedding=1,server=y,suspend=n,address=127.0.0.1:56392
Begin MonoManager ReloadAssembly
Registering precompiled unity dll's ...
Register platform support module: C:/Program Files/Unity/Hub/Editor/2021.2.8f1/Editor/Data/PlaybackEngines/WindowsStandaloneSupport/UnityEditor.WindowsStandalone.Extensions.dll
Registered in 0.009674 seconds.
Native extension for WindowsStandalone target not found
Refreshing native plugins compatible for Editor in 123.52 ms, found 2 plugins.
Preloading 0 native plugins for Editor in 0.00 ms.
Mono: successfully reloaded assembly
- Completed reload, in  0.805 seconds
Domain Reload Profiling:
	ReloadAssembly (805ms)
		BeginReloadAssembly (89ms)
			ExecutionOrderSort (0ms)
			DisableScriptedObjects (0ms)
			BackupInstance (0ms)
			ReleaseScriptingObjects (0ms)
			CreateAndSetChildDomain (1ms)
		EndReloadAssembly (609ms)
			LoadAssemblies (85ms)
			RebuildTransferFunctionScriptingTraits (0ms)
			SetupTypeCache (139ms)
			ReleaseScriptCaches (0ms)
			RebuildScriptCaches (38ms)
			SetupLoadedEditorAssemblies (355ms)
				LogAssemblyErrors (0ms)
				InitializePlatformSupportModulesInManaged (25ms)
				SetLoadedEditorAssemblies (1ms)
				RefreshPlugins (124ms)
				BeforeProcessingInitializeOnLoad (1ms)
				ProcessInitializeOnLoadAttributes (153ms)
				ProcessInitializeOnLoadMethodAttributes (52ms)
				AfterProcessingInitializeOnLoad (0ms)
				EditorAssembliesLoaded (0ms)
			ExecutionOrderSort2 (0ms)
			AwakeInstancesAfterBackupRestoration (0ms)
Platform modules already initialized, skipping
Registering precompiled user dll's ...
Registered in 0.008434 seconds.
Begin MonoManager ReloadAssembly
Native extension for WindowsStandalone target not found
Refreshing native plugins compatible for Editor in 129.33 ms, found 2 plugins.
Preloading 0 native plugins for Editor in 0.00 ms.
Mono: successfully reloaded assembly
- Completed reload, in  3.004 seconds
Domain Reload Profiling:
	ReloadAssembly (3005ms)
		BeginReloadAssembly (170ms)
			ExecutionOrderSort (0ms)
			DisableScriptedObjects (7ms)
			BackupInstance (0ms)
			ReleaseScriptingObjects (0ms)
			CreateAndSetChildDomain (32ms)
		EndReloadAssembly (2700ms)
			LoadAssemblies (122ms)
			RebuildTransferFunctionScriptingTraits (0ms)
			SetupTypeCache (386ms)
			ReleaseScriptCaches (1ms)
			RebuildScriptCaches (102ms)
			SetupLoadedEditorAssemblies (2036ms)
				LogAssemblyErrors (0ms)
				InitializePlatformSupportModulesInManaged (14ms)
				SetLoadedEditorAssemblies (0ms)
				RefreshPlugins (129ms)
				BeforeProcessingInitializeOnLoad (110ms)
				ProcessInitializeOnLoadAttributes (1637ms)
				ProcessInitializeOnLoadMethodAttributes (126ms)
				AfterProcessingInitializeOnLoad (18ms)
				EditorAssembliesLoaded (0ms)
			ExecutionOrderSort2 (0ms)
			AwakeInstancesAfterBackupRestoration (13ms)
Platform modules already initialized, skipping
========================================================================
Worker process is ready to serve import requests
Launched and connected shader compiler UnityShaderCompiler.exe after 0.17 seconds
Refreshing native plugins compatible for Editor in 2.17 ms, found 2 plugins.
Preloading 0 native plugins for Editor in 0.00 ms.
Unloading 4908 Unused Serialized files (Serialized files now loaded: 0)
Unloading 79 unused Assets / (6.1 MB). Loaded Objects now: 5371.
Memory consumption went from 275.8 MB to 269.8 MB.
Total: 6.901400 ms (FindLiveObjects: 0.644800 ms CreateObjectMapping: 0.467200 ms MarkObjects: 4.718700 ms  DeleteObjects: 1.069300 ms)

AssetImportParameters requested are different than current active one (requested -> active):
  custom:video-decoder-ogg-theora: a1e56fd34408186e4bbccfd4996cb3dc -> 
  custom:container-muxer-webm: aa71ff27fc2769a1b78a27578f13a17b -> 
  custom:container-demuxer-webm: 4f35f7cbe854078d1ac9338744f61a02 -> 
  custom:video-encoder-webm-vp8: eb34c28f22e8b96e1ab97ce403110664 -> 
  custom:audio-encoder-webm-vorbis: bf7c407c2cedff20999df2af8eb42d56 -> 
  custom:framework-win-MediaFoundation: 216162199b28c13a410421893ffa2e32 -> 
  custom:container-demuxer-ogg: 62fdf1f143b41e24485cea50d1cbac27 -> 
  custom:video-decoder-webm-vp8: 9c59270c3fd7afecdb556c50c9e8de78 -> 
  custom:audio-decoder-ogg-vorbis: bf7c407c2cedff20999df2af8eb42d56 -> 
========================================================================
Received Import Request.
  Time since last request: 56890.170984 seconds.
  path: Assets/AA/Prefabs/Unit/NPC_Guard.prefab
  artifactKey: Guid(d702ee6338f409e4e9786cefea7fd6a7) Importer(815301076,1909f56bfc062723c751e8b465ee728b)
Start importing Assets/AA/Prefabs/Unit/NPC_Guard.prefab using Guid(d702ee6338f409e4e9786cefea7fd6a7) Importer(815301076,1909f56bfc062723c751e8b465ee728b)  -> (artifact id: '8dacf60f5f50b0939bbb94f22351e2fa') in 6.588815 seconds 
========================================================================
Received Import Request.
  Time since last request: 0.000066 seconds.
  path: Assets/AA/Prefabs/Unit/NPC_Guard.prefab
  artifactKey: Guid(d702ee6338f409e4e9786cefea7fd6a7) Importer(815301076,1909f56bfc062723c751e8b465ee728b)
Start importing Assets/AA/Prefabs/Unit/NPC_Guard.prefab using Guid(d702ee6338f409e4e9786cefea7fd6a7) Importer(815301076,1909f56bfc062723c751e8b465ee728b)  -> (artifact id: '8fee9b551525b57be6cc185f1e020e91') in 0.789577 seconds 
========================================================================
Received Import Request.
  Time since last request: 0.256025 seconds.
  path: Assets/AA/Prefabs/Unit/Crab.prefab
  artifactKey: Guid(39a47cf5bbe7cec4cbd2df29e20cb2c1) Importer(815301076,1909f56bfc062723c751e8b465ee728b)
Start importing Assets/AA/Prefabs/Unit/Crab.prefab using Guid(39a47cf5bbe7cec4cbd2df29e20cb2c1) Importer(815301076,1909f56bfc062723c751e8b465ee728b)  -> (artifact id: 'be9acf6a9fc208825a53258094c0a554') in 1.183321 seconds 
========================================================================
Received Import Request.
  Time since last request: 0.000042 seconds.
  path: Assets/AA/Prefabs/Unit/NPC_Guard01.prefab
  artifactKey: Guid(32e64f2c46e35e24cb3a145b48e91828) Importer(815301076,1909f56bfc062723c751e8b465ee728b)
Start importing Assets/AA/Prefabs/Unit/NPC_Guard01.prefab using Guid(32e64f2c46e35e24cb3a145b48e91828) Importer(815301076,1909f56bfc062723c751e8b465ee728b)  -> (artifact id: 'ad386e7e6ed6c721baacc24919d94adf') in 1.599881 seconds 
========================================================================
Received Import Request.
  Time since last request: 0.000041 seconds.
  path: Assets/AA/Prefabs/Unit/NPC_Guard01.prefab
  artifactKey: Guid(32e64f2c46e35e24cb3a145b48e91828) Importer(815301076,1909f56bfc062723c751e8b465ee728b)
Start importing Assets/AA/Prefabs/Unit/NPC_Guard01.prefab using Guid(32e64f2c46e35e24cb3a145b48e91828) Importer(815301076,1909f56bfc062723c751e8b465ee728b)  -> (artifact id: '2997c38a001382e028a10f3bfd7f4dd5') in 0.383860 seconds 
========================================================================
Received Import Request.
  Time since last request: 0.627216 seconds.
  path: Assets/AA/Prefabs/Unit/Crab.prefab
  artifactKey: Guid(39a47cf5bbe7cec4cbd2df29e20cb2c1) Importer(815301076,1909f56bfc062723c751e8b465ee728b)
Start importing Assets/AA/Prefabs/Unit/Crab.prefab using Guid(39a47cf5bbe7cec4cbd2df29e20cb2c1) Importer(815301076,1909f56bfc062723c751e8b465ee728b)  -> (artifact id: '4769984514cee71bdf50d6ab8515932d') in 0.147119 seconds 
========================================================================
Received Import Request.
  Time since last request: 3.022114 seconds.
  path: Assets/AA/Prefabs/Unit/Crab.prefab
  artifactKey: Guid(39a47cf5bbe7cec4cbd2df29e20cb2c1) Importer(815301076,1909f56bfc062723c751e8b465ee728b)
Start importing Assets/AA/Prefabs/Unit/Crab.prefab using Guid(39a47cf5bbe7cec4cbd2df29e20cb2c1) Importer(815301076,1909f56bfc062723c751e8b465ee728b)  -> (artifact id: 'c8d06ecdde3b1c2607e6b740b5152751') in 0.140963 seconds 
========================================================================
Received Import Request.
  Time since last request: 0.934180 seconds.
  path: Assets/AA/Prefabs/Unit/Crab.prefab
  artifactKey: Guid(39a47cf5bbe7cec4cbd2df29e20cb2c1) Importer(815301076,1909f56bfc062723c751e8b465ee728b)
Start importing Assets/AA/Prefabs/Unit/Crab.prefab using Guid(39a47cf5bbe7cec4cbd2df29e20cb2c1) Importer(815301076,1909f56bfc062723c751e8b465ee728b)  -> (artifact id: 'bdef3faea05c6512d970e24c0bf6e88d') in 0.144811 seconds 
========================================================================
Received Import Request.
  Time since last request: 2.697001 seconds.
  path: Assets/AA/Prefabs/Unit/Crab.prefab
  artifactKey: Guid(39a47cf5bbe7cec4cbd2df29e20cb2c1) Importer(815301076,1909f56bfc062723c751e8b465ee728b)
Start importing Assets/AA/Prefabs/Unit/Crab.prefab using Guid(39a47cf5bbe7cec4cbd2df29e20cb2c1) Importer(815301076,1909f56bfc062723c751e8b465ee728b)  -> (artifact id: '0147fcbe8cde13dc08eaf5acae98d892') in 0.145666 seconds 
