Using pre-set license
Built from '2021.2/staging' branch; Version is '2021.2.8f1 (d0e5f0a7b06a) revision 13690352'; Using compiler version '192829333'; Build Type 'Release'
OS: 'Windows 10  (10.0.19044) 64bit Professional' Language: 'zh' Physical Memory: 16300 MB
BatchMode: 1, IsHumanControllingUs: 0, StartBugReporterOnCrash: 0, Is64bit: 1, IsPro: 0

COMMAND LINE ARGUMENTS:
D:\Unity\2021.2.8f1\Editor\Unity.exe
-adb2
-batchMode
-noUpm
-name
AssetImportWorker1
-projectPath
C:/Users/GOD/Desktop/Terrain
-logFile
Logs/AssetImportWorker1.log
-srvPort
64446
Successfully changed project path to: C:/Users/GOD/Desktop/Terrain
C:/Users/GOD/Desktop/Terrain
[UnityMemory] Configuration Parameters - Can be set up in boot.config
    "memorysetup-bucket-allocator-granularity=16"
    "memorysetup-bucket-allocator-bucket-count=8"
    "memorysetup-bucket-allocator-block-size=33554432"
    "memorysetup-bucket-allocator-block-count=8"
    "memorysetup-main-allocator-block-size=16777216"
    "memorysetup-thread-allocator-block-size=16777216"
    "memorysetup-gfx-main-allocator-block-size=16777216"
    "memorysetup-gfx-thread-allocator-block-size=16777216"
    "memorysetup-cache-allocator-block-size=4194304"
    "memorysetup-typetree-allocator-block-size=2097152"
    "memorysetup-profiler-bucket-allocator-granularity=16"
    "memorysetup-profiler-bucket-allocator-bucket-count=8"
    "memorysetup-profiler-bucket-allocator-block-size=33554432"
    "memorysetup-profiler-bucket-allocator-block-count=8"
    "memorysetup-profiler-allocator-block-size=16777216"
    "memorysetup-profiler-editor-allocator-block-size=1048576"
    "memorysetup-temp-allocator-size-main=16777216"
    "memorysetup-job-temp-allocator-block-size=2097152"
    "memorysetup-job-temp-allocator-block-size-background=1048576"
    "memorysetup-job-temp-allocator-reduction-small-platforms=262144"
    "memorysetup-temp-allocator-size-background-worker=32768"
    "memorysetup-temp-allocator-size-job-worker=262144"
    "memorysetup-temp-allocator-size-preload-manager=33554432"
    "memorysetup-temp-allocator-size-nav-mesh-worker=65536"
    "memorysetup-temp-allocator-size-audio-worker=65536"
    "memorysetup-temp-allocator-size-cloud-worker=32768"
    "memorysetup-temp-allocator-size-gi-baking-worker=262144"
    "memorysetup-temp-allocator-size-gfx=262144"
Refreshing native plugins compatible for Editor in 101.42 ms, found 2 plugins.
Preloading 0 native plugins for Editor in 0.00 ms.
Initialize engine version: 2021.2.8f1 (d0e5f0a7b06a)
[Subsystems] Discovering subsystems at path D:/Unity/2021.2.8f1/Editor/Data/Resources/UnitySubsystems
[Subsystems] Discovering subsystems at path C:/Users/GOD/Desktop/Terrain/Assets
GfxDevice: creating device client; threaded=0; jobified=0
Direct3D:
    Version:  Direct3D 11.0 [level 11.1]
    Renderer: NVIDIA GeForce RTX 2060 SUPER (ID=0x1f06)
    Vendor:   NVIDIA
    VRAM:     8031 MB
    Driver:   30.0.15.1215
Initialize mono
Mono path[0] = 'D:/Unity/2021.2.8f1/Editor/Data/Managed'
Mono path[1] = 'D:/Unity/2021.2.8f1/Editor/Data/MonoBleedingEdge/lib/mono/unityjit-win32'
Mono config path = 'D:/Unity/2021.2.8f1/Editor/Data/MonoBleedingEdge/etc'
Using monoOptions --debugger-agent=transport=dt_socket,embedding=1,server=y,suspend=n,address=127.0.0.1:56904
Begin MonoManager ReloadAssembly
Registering precompiled unity dll's ...
Register platform support module: D:/Unity/2021.2.8f1/Editor/Data/PlaybackEngines/WindowsStandaloneSupport/UnityEditor.WindowsStandalone.Extensions.dll
Registered in 0.003315 seconds.
Native extension for WindowsStandalone target not found
Refreshing native plugins compatible for Editor in 101.17 ms, found 2 plugins.
Preloading 0 native plugins for Editor in 0.00 ms.
Mono: successfully reloaded assembly
- Completed reload, in  0.657 seconds
Domain Reload Profiling:
	ReloadAssembly (658ms)
		BeginReloadAssembly (84ms)
			ExecutionOrderSort (0ms)
			DisableScriptedObjects (0ms)
			BackupInstance (0ms)
			ReleaseScriptingObjects (0ms)
			CreateAndSetChildDomain (1ms)
		EndReloadAssembly (500ms)
			LoadAssemblies (84ms)
			RebuildTransferFunctionScriptingTraits (0ms)
			SetupTypeCache (111ms)
			ReleaseScriptCaches (0ms)
			RebuildScriptCaches (30ms)
			SetupLoadedEditorAssemblies (305ms)
				LogAssemblyErrors (0ms)
				InitializePlatformSupportModulesInManaged (15ms)
				SetLoadedEditorAssemblies (0ms)
				RefreshPlugins (101ms)
				BeforeProcessingInitializeOnLoad (1ms)
				ProcessInitializeOnLoadAttributes (140ms)
				ProcessInitializeOnLoadMethodAttributes (47ms)
				AfterProcessingInitializeOnLoad (0ms)
				EditorAssembliesLoaded (0ms)
			ExecutionOrderSort2 (0ms)
			AwakeInstancesAfterBackupRestoration (0ms)
Platform modules already initialized, skipping
Registering precompiled user dll's ...
Registered in 0.007420 seconds.
Begin MonoManager ReloadAssembly
Native extension for WindowsStandalone target not found
Refreshing native plugins compatible for Editor in 106.84 ms, found 2 plugins.
Preloading 0 native plugins for Editor in 0.00 ms.
Mono: successfully reloaded assembly
- Completed reload, in  5.830 seconds
Domain Reload Profiling:
	ReloadAssembly (5831ms)
		BeginReloadAssembly (128ms)
			ExecutionOrderSort (0ms)
			DisableScriptedObjects (6ms)
			BackupInstance (0ms)
			ReleaseScriptingObjects (0ms)
			CreateAndSetChildDomain (21ms)
		EndReloadAssembly (5602ms)
			LoadAssemblies (2396ms)
			RebuildTransferFunctionScriptingTraits (0ms)
			SetupTypeCache (655ms)
			ReleaseScriptCaches (1ms)
			RebuildScriptCaches (82ms)
			SetupLoadedEditorAssemblies (2448ms)
				LogAssemblyErrors (0ms)
				InitializePlatformSupportModulesInManaged (10ms)
				SetLoadedEditorAssemblies (0ms)
				RefreshPlugins (107ms)
				BeforeProcessingInitializeOnLoad (101ms)
				ProcessInitializeOnLoadAttributes (1356ms)
				ProcessInitializeOnLoadMethodAttributes (871ms)
				AfterProcessingInitializeOnLoad (3ms)
				EditorAssembliesLoaded (0ms)
			ExecutionOrderSort2 (0ms)
			AwakeInstancesAfterBackupRestoration (6ms)
Platform modules already initialized, skipping
========================================================================
Worker process is ready to serve import requests
Launched and connected shader compiler UnityShaderCompiler.exe after 0.11 seconds
Refreshing native plugins compatible for Editor in 0.99 ms, found 2 plugins.
Preloading 0 native plugins for Editor in 0.00 ms.
Unloading 4903 Unused Serialized files (Serialized files now loaded: 0)
Unloading 80 unused Assets / (6.1 MB). Loaded Objects now: 5376.
Memory consumption went from 352.6 MB to 346.5 MB.
Total: 5.133100 ms (FindLiveObjects: 0.406800 ms CreateObjectMapping: 0.348800 ms MarkObjects: 3.218000 ms  DeleteObjects: 1.157900 ms)

AssetImportParameters requested are different than current active one (requested -> active):
  custom:video-decoder-ogg-theora: a1e56fd34408186e4bbccfd4996cb3dc -> 
  custom:container-muxer-webm: aa71ff27fc2769a1b78a27578f13a17b -> 
  custom:container-demuxer-webm: 4f35f7cbe854078d1ac9338744f61a02 -> 
  custom:video-encoder-webm-vp8: eb34c28f22e8b96e1ab97ce403110664 -> 
  custom:audio-encoder-webm-vorbis: bf7c407c2cedff20999df2af8eb42d56 -> 
  custom:framework-win-MediaFoundation: 216162199b28c13a410421893ffa2e32 -> 
  custom:container-demuxer-ogg: 62fdf1f143b41e24485cea50d1cbac27 -> 
  custom:video-decoder-webm-vp8: 9c59270c3fd7afecdb556c50c9e8de78 -> 
  custom:audio-decoder-ogg-vorbis: bf7c407c2cedff20999df2af8eb42d56 -> 
========================================================================
Received Import Request.
  Time since last request: 498.946754 seconds.
  path: Assets/FBX AND TEXTURE/CrystalBoss/BismuthCrystal_Material 1.mat
  artifactKey: Guid(0c21d2ee74b53c14e8dc6451e25fa4f8) Importer(815301076,1909f56bfc062723c751e8b465ee728b)
Start importing Assets/FBX AND TEXTURE/CrystalBoss/BismuthCrystal_Material 1.mat using Guid(0c21d2ee74b53c14e8dc6451e25fa4f8) Importer(815301076,1909f56bfc062723c751e8b465ee728b)  -> (artifact id: 'fb0e0a7dc50a198b113f7a3a40a6ba53') in 1.235634 seconds 
========================================================================
Received Import Request.
  Time since last request: 332.550520 seconds.
  path: Assets/FBX AND TEXTURE/CrystalBoss/Crystal123/New Material.mat
  artifactKey: Guid(ed669036e7471164bb0db5d81a0a29fc) Importer(815301076,1909f56bfc062723c751e8b465ee728b)
Start importing Assets/FBX AND TEXTURE/CrystalBoss/Crystal123/New Material.mat using Guid(ed669036e7471164bb0db5d81a0a29fc) Importer(815301076,1909f56bfc062723c751e8b465ee728b)  -> (artifact id: 'c62b362a7609b2b770be32c4c5e3b089') in 0.075814 seconds 
========================================================================
Received Import Request.
  Time since last request: 45.549318 seconds.
  path: Assets/FBX AND TEXTURE/CrystalBoss/Crystal123/New Material.mat
  artifactKey: Guid(ed669036e7471164bb0db5d81a0a29fc) Importer(815301076,1909f56bfc062723c751e8b465ee728b)
Start importing Assets/FBX AND TEXTURE/CrystalBoss/Crystal123/New Material.mat using Guid(ed669036e7471164bb0db5d81a0a29fc) Importer(815301076,1909f56bfc062723c751e8b465ee728b)  -> (artifact id: '36b0ecce440c231e7f2ce1162dce45f3') in 0.030368 seconds 
========================================================================
Received Import Request.
  Time since last request: 248.518459 seconds.
  path: Assets/FBX AND TEXTURE/CrystalBoss/Crystal123/Crystal123_TT_checker_2048x2048_UV_GRID_Emissive.png
  artifactKey: Guid(43632eba16456c648969dcbbd6344813) Importer(815301076,1909f56bfc062723c751e8b465ee728b)
Start importing Assets/FBX AND TEXTURE/CrystalBoss/Crystal123/Crystal123_TT_checker_2048x2048_UV_GRID_Emissive.png using Guid(43632eba16456c648969dcbbd6344813) Importer(815301076,1909f56bfc062723c751e8b465ee728b)  -> (artifact id: '781c6593a64dbefb4d8bec97023da23c') in 0.070162 seconds 
========================================================================
Received Import Request.
  Time since last request: 0.000069 seconds.
  path: Assets/FBX AND TEXTURE/CrystalBoss/Crystal123/Crystal123_TT_checker_2048x2048_UV_GRID_Normal.png
  artifactKey: Guid(d32a7799f1591a647bfeb3dd281ec8fc) Importer(815301076,1909f56bfc062723c751e8b465ee728b)
Start importing Assets/FBX AND TEXTURE/CrystalBoss/Crystal123/Crystal123_TT_checker_2048x2048_UV_GRID_Normal.png using Guid(d32a7799f1591a647bfeb3dd281ec8fc) Importer(815301076,1909f56bfc062723c751e8b465ee728b)  -> (artifact id: 'acf61925efa21f9f1ff7941918f0042a') in 0.018998 seconds 
========================================================================
Received Import Request.
  Time since last request: 3085.522651 seconds.
  path: Assets/Grenade Prepare.fbx
  artifactKey: Guid(9d57405a49252ba4fb8367d7360107a5) Importer(815301076,1909f56bfc062723c751e8b465ee728b)
Start importing Assets/Grenade Prepare.fbx using Guid(9d57405a49252ba4fb8367d7360107a5) Importer(815301076,1909f56bfc062723c751e8b465ee728b)  -> (artifact id: 'e99f93fce9b35999763ac2eaf0a78d78') in 0.211115 seconds 
========================================================================
Received Prepare
Registering precompiled user dll's ...
Registered in 0.006988 seconds.
Begin MonoManager ReloadAssembly
Native extension for WindowsStandalone target not found
Refreshing native plugins compatible for Editor in 1.08 ms, found 2 plugins.
Preloading 0 native plugins for Editor in 0.00 ms.
Mono: successfully reloaded assembly
- Completed reload, in  1.529 seconds
Domain Reload Profiling:
	ReloadAssembly (1531ms)
		BeginReloadAssembly (287ms)
			ExecutionOrderSort (0ms)
			DisableScriptedObjects (59ms)
			BackupInstance (0ms)
			ReleaseScriptingObjects (0ms)
			CreateAndSetChildDomain (102ms)
		EndReloadAssembly (1154ms)
			LoadAssemblies (100ms)
			RebuildTransferFunctionScriptingTraits (0ms)
			SetupTypeCache (265ms)
			ReleaseScriptCaches (3ms)
			RebuildScriptCaches (86ms)
			SetupLoadedEditorAssemblies (578ms)
				LogAssemblyErrors (0ms)
				InitializePlatformSupportModulesInManaged (11ms)
				SetLoadedEditorAssemblies (1ms)
				RefreshPlugins (1ms)
				BeforeProcessingInitializeOnLoad (91ms)
				ProcessInitializeOnLoadAttributes (439ms)
				ProcessInitializeOnLoadMethodAttributes (32ms)
				AfterProcessingInitializeOnLoad (3ms)
				EditorAssembliesLoaded (0ms)
			ExecutionOrderSort2 (0ms)
			AwakeInstancesAfterBackupRestoration (13ms)
Platform modules already initialized, skipping
Refreshing native plugins compatible for Editor in 1.02 ms, found 2 plugins.
Preloading 0 native plugins for Editor in 0.00 ms.
Unloading 4546 Unused Serialized files (Serialized files now loaded: 0)
Unloading 65 unused Assets / (6.1 MB). Loaded Objects now: 5584.
Memory consumption went from 368.4 MB to 362.4 MB.
Total: 5.215200 ms (FindLiveObjects: 0.428100 ms CreateObjectMapping: 0.376300 ms MarkObjects: 3.365500 ms  DeleteObjects: 1.043600 ms)

AssetImportParameters requested are different than current active one (requested -> active):
  custom:video-decoder-ogg-theora: a1e56fd34408186e4bbccfd4996cb3dc -> 
  custom:container-muxer-webm: aa71ff27fc2769a1b78a27578f13a17b -> 
  custom:container-demuxer-webm: 4f35f7cbe854078d1ac9338744f61a02 -> 
  custom:video-encoder-webm-vp8: eb34c28f22e8b96e1ab97ce403110664 -> 
  custom:audio-encoder-webm-vorbis: bf7c407c2cedff20999df2af8eb42d56 -> 
  custom:framework-win-MediaFoundation: 216162199b28c13a410421893ffa2e32 -> 
  custom:container-demuxer-ogg: 62fdf1f143b41e24485cea50d1cbac27 -> 
  custom:video-decoder-webm-vp8: 9c59270c3fd7afecdb556c50c9e8de78 -> 
  custom:audio-decoder-ogg-vorbis: bf7c407c2cedff20999df2af8eb42d56 -> 
========================================================================
Received Prepare
Registering precompiled user dll's ...
Registered in 0.006198 seconds.
Begin MonoManager ReloadAssembly
Native extension for WindowsStandalone target not found
Refreshing native plugins compatible for Editor in 1.11 ms, found 2 plugins.
Preloading 0 native plugins for Editor in 0.00 ms.
Mono: successfully reloaded assembly
- Completed reload, in  1.325 seconds
Domain Reload Profiling:
	ReloadAssembly (1326ms)
		BeginReloadAssembly (148ms)
			ExecutionOrderSort (0ms)
			DisableScriptedObjects (7ms)
			BackupInstance (0ms)
			ReleaseScriptingObjects (0ms)
			CreateAndSetChildDomain (37ms)
		EndReloadAssembly (1091ms)
			LoadAssemblies (94ms)
			RebuildTransferFunctionScriptingTraits (0ms)
			SetupTypeCache (246ms)
			ReleaseScriptCaches (2ms)
			RebuildScriptCaches (85ms)
			SetupLoadedEditorAssemblies (557ms)
				LogAssemblyErrors (0ms)
				InitializePlatformSupportModulesInManaged (10ms)
				SetLoadedEditorAssemblies (0ms)
				RefreshPlugins (1ms)
				BeforeProcessingInitializeOnLoad (86ms)
				ProcessInitializeOnLoadAttributes (423ms)
				ProcessInitializeOnLoadMethodAttributes (32ms)
				AfterProcessingInitializeOnLoad (3ms)
				EditorAssembliesLoaded (0ms)
			ExecutionOrderSort2 (0ms)
			AwakeInstancesAfterBackupRestoration (31ms)
Platform modules already initialized, skipping
Refreshing native plugins compatible for Editor in 1.12 ms, found 2 plugins.
Preloading 0 native plugins for Editor in 0.00 ms.
Unloading 4530 Unused Serialized files (Serialized files now loaded: 0)
Unloading 65 unused Assets / (6.1 MB). Loaded Objects now: 5587.
Memory consumption went from 367.5 MB to 361.4 MB.
Total: 5.284300 ms (FindLiveObjects: 0.466700 ms CreateObjectMapping: 0.446100 ms MarkObjects: 3.336800 ms  DeleteObjects: 1.033500 ms)

AssetImportParameters requested are different than current active one (requested -> active):
  custom:video-decoder-ogg-theora: a1e56fd34408186e4bbccfd4996cb3dc -> 
  custom:container-muxer-webm: aa71ff27fc2769a1b78a27578f13a17b -> 
  custom:container-demuxer-webm: 4f35f7cbe854078d1ac9338744f61a02 -> 
  custom:video-encoder-webm-vp8: eb34c28f22e8b96e1ab97ce403110664 -> 
  custom:audio-encoder-webm-vorbis: bf7c407c2cedff20999df2af8eb42d56 -> 
  custom:framework-win-MediaFoundation: 216162199b28c13a410421893ffa2e32 -> 
  custom:container-demuxer-ogg: 62fdf1f143b41e24485cea50d1cbac27 -> 
  custom:video-decoder-webm-vp8: 9c59270c3fd7afecdb556c50c9e8de78 -> 
  custom:audio-decoder-ogg-vorbis: bf7c407c2cedff20999df2af8eb42d56 -> 
========================================================================
Received Prepare
Registering precompiled user dll's ...
Registered in 0.006343 seconds.
Begin MonoManager ReloadAssembly
Native extension for WindowsStandalone target not found
Refreshing native plugins compatible for Editor in 1.03 ms, found 2 plugins.
Preloading 0 native plugins for Editor in 0.00 ms.
Mono: successfully reloaded assembly
- Completed reload, in  1.363 seconds
Domain Reload Profiling:
	ReloadAssembly (1364ms)
		BeginReloadAssembly (163ms)
			ExecutionOrderSort (0ms)
			DisableScriptedObjects (7ms)
			BackupInstance (0ms)
			ReleaseScriptingObjects (0ms)
			CreateAndSetChildDomain (45ms)
		EndReloadAssembly (1111ms)
			LoadAssemblies (98ms)
			RebuildTransferFunctionScriptingTraits (0ms)
			SetupTypeCache (253ms)
			ReleaseScriptCaches (2ms)
			RebuildScriptCaches (95ms)
			SetupLoadedEditorAssemblies (563ms)
				LogAssemblyErrors (0ms)
				InitializePlatformSupportModulesInManaged (12ms)
				SetLoadedEditorAssemblies (0ms)
				RefreshPlugins (1ms)
				BeforeProcessingInitializeOnLoad (90ms)
				ProcessInitializeOnLoadAttributes (429ms)
				ProcessInitializeOnLoadMethodAttributes (27ms)
				AfterProcessingInitializeOnLoad (3ms)
				EditorAssembliesLoaded (0ms)
			ExecutionOrderSort2 (0ms)
			AwakeInstancesAfterBackupRestoration (21ms)
Platform modules already initialized, skipping
Refreshing native plugins compatible for Editor in 1.25 ms, found 2 plugins.
Preloading 0 native plugins for Editor in 0.00 ms.
Unloading 4530 Unused Serialized files (Serialized files now loaded: 0)
Unloading 65 unused Assets / (6.1 MB). Loaded Objects now: 5590.
Memory consumption went from 367.5 MB to 361.4 MB.
Total: 5.495400 ms (FindLiveObjects: 0.440500 ms CreateObjectMapping: 0.337600 ms MarkObjects: 3.548900 ms  DeleteObjects: 1.167000 ms)

AssetImportParameters requested are different than current active one (requested -> active):
  custom:video-decoder-ogg-theora: a1e56fd34408186e4bbccfd4996cb3dc -> 
  custom:container-muxer-webm: aa71ff27fc2769a1b78a27578f13a17b -> 
  custom:container-demuxer-webm: 4f35f7cbe854078d1ac9338744f61a02 -> 
  custom:video-encoder-webm-vp8: eb34c28f22e8b96e1ab97ce403110664 -> 
  custom:audio-encoder-webm-vorbis: bf7c407c2cedff20999df2af8eb42d56 -> 
  custom:framework-win-MediaFoundation: 216162199b28c13a410421893ffa2e32 -> 
  custom:container-demuxer-ogg: 62fdf1f143b41e24485cea50d1cbac27 -> 
  custom:video-decoder-webm-vp8: 9c59270c3fd7afecdb556c50c9e8de78 -> 
  custom:audio-decoder-ogg-vorbis: bf7c407c2cedff20999df2af8eb42d56 -> 
========================================================================
Received Prepare
Registering precompiled user dll's ...
Registered in 0.006302 seconds.
Begin MonoManager ReloadAssembly
Native extension for WindowsStandalone target not found
Refreshing native plugins compatible for Editor in 1.01 ms, found 2 plugins.
Preloading 0 native plugins for Editor in 0.00 ms.
Mono: successfully reloaded assembly
- Completed reload, in  1.335 seconds
Domain Reload Profiling:
	ReloadAssembly (1336ms)
		BeginReloadAssembly (163ms)
			ExecutionOrderSort (0ms)
			DisableScriptedObjects (7ms)
			BackupInstance (0ms)
			ReleaseScriptingObjects (0ms)
			CreateAndSetChildDomain (37ms)
		EndReloadAssembly (1085ms)
			LoadAssemblies (96ms)
			RebuildTransferFunctionScriptingTraits (0ms)
			SetupTypeCache (249ms)
			ReleaseScriptCaches (3ms)
			RebuildScriptCaches (84ms)
			SetupLoadedEditorAssemblies (561ms)
				LogAssemblyErrors (0ms)
				InitializePlatformSupportModulesInManaged (10ms)
				SetLoadedEditorAssemblies (0ms)
				RefreshPlugins (1ms)
				BeforeProcessingInitializeOnLoad (90ms)
				ProcessInitializeOnLoadAttributes (429ms)
				ProcessInitializeOnLoadMethodAttributes (27ms)
				AfterProcessingInitializeOnLoad (3ms)
				EditorAssembliesLoaded (0ms)
			ExecutionOrderSort2 (0ms)
			AwakeInstancesAfterBackupRestoration (23ms)
Platform modules already initialized, skipping
Refreshing native plugins compatible for Editor in 1.17 ms, found 2 plugins.
Preloading 0 native plugins for Editor in 0.00 ms.
Unloading 4530 Unused Serialized files (Serialized files now loaded: 0)
Unloading 65 unused Assets / (6.1 MB). Loaded Objects now: 5593.
Memory consumption went from 367.5 MB to 361.4 MB.
Total: 4.405800 ms (FindLiveObjects: 0.421400 ms CreateObjectMapping: 0.329100 ms MarkObjects: 2.638700 ms  DeleteObjects: 1.015100 ms)

AssetImportParameters requested are different than current active one (requested -> active):
  custom:video-decoder-ogg-theora: a1e56fd34408186e4bbccfd4996cb3dc -> 
  custom:container-muxer-webm: aa71ff27fc2769a1b78a27578f13a17b -> 
  custom:container-demuxer-webm: 4f35f7cbe854078d1ac9338744f61a02 -> 
  custom:video-encoder-webm-vp8: eb34c28f22e8b96e1ab97ce403110664 -> 
  custom:audio-encoder-webm-vorbis: bf7c407c2cedff20999df2af8eb42d56 -> 
  custom:framework-win-MediaFoundation: 216162199b28c13a410421893ffa2e32 -> 
  custom:container-demuxer-ogg: 62fdf1f143b41e24485cea50d1cbac27 -> 
  custom:video-decoder-webm-vp8: 9c59270c3fd7afecdb556c50c9e8de78 -> 
  custom:audio-decoder-ogg-vorbis: bf7c407c2cedff20999df2af8eb42d56 -> 
========================================================================
Received Prepare
Registering precompiled user dll's ...
Registered in 0.006621 seconds.
Begin MonoManager ReloadAssembly
Native extension for WindowsStandalone target not found
Refreshing native plugins compatible for Editor in 0.93 ms, found 2 plugins.
Preloading 0 native plugins for Editor in 0.00 ms.
Mono: successfully reloaded assembly
- Completed reload, in  1.311 seconds
Domain Reload Profiling:
	ReloadAssembly (1312ms)
		BeginReloadAssembly (152ms)
			ExecutionOrderSort (0ms)
			DisableScriptedObjects (7ms)
			BackupInstance (0ms)
			ReleaseScriptingObjects (0ms)
			CreateAndSetChildDomain (37ms)
		EndReloadAssembly (1068ms)
			LoadAssemblies (93ms)
			RebuildTransferFunctionScriptingTraits (0ms)
			SetupTypeCache (245ms)
			ReleaseScriptCaches (3ms)
			RebuildScriptCaches (82ms)
			SetupLoadedEditorAssemblies (555ms)
				LogAssemblyErrors (0ms)
				InitializePlatformSupportModulesInManaged (11ms)
				SetLoadedEditorAssemblies (0ms)
				RefreshPlugins (1ms)
				BeforeProcessingInitializeOnLoad (91ms)
				ProcessInitializeOnLoadAttributes (422ms)
				ProcessInitializeOnLoadMethodAttributes (28ms)
				AfterProcessingInitializeOnLoad (3ms)
				EditorAssembliesLoaded (0ms)
			ExecutionOrderSort2 (0ms)
			AwakeInstancesAfterBackupRestoration (23ms)
Platform modules already initialized, skipping
Refreshing native plugins compatible for Editor in 1.18 ms, found 2 plugins.
Preloading 0 native plugins for Editor in 0.00 ms.
Unloading 4530 Unused Serialized files (Serialized files now loaded: 0)
Unloading 65 unused Assets / (6.1 MB). Loaded Objects now: 5596.
Memory consumption went from 367.5 MB to 361.4 MB.
Total: 7.932400 ms (FindLiveObjects: 0.480100 ms CreateObjectMapping: 0.460400 ms MarkObjects: 5.894900 ms  DeleteObjects: 1.095100 ms)

AssetImportParameters requested are different than current active one (requested -> active):
  custom:video-decoder-ogg-theora: a1e56fd34408186e4bbccfd4996cb3dc -> 
  custom:container-muxer-webm: aa71ff27fc2769a1b78a27578f13a17b -> 
  custom:container-demuxer-webm: 4f35f7cbe854078d1ac9338744f61a02 -> 
  custom:video-encoder-webm-vp8: eb34c28f22e8b96e1ab97ce403110664 -> 
  custom:audio-encoder-webm-vorbis: bf7c407c2cedff20999df2af8eb42d56 -> 
  custom:framework-win-MediaFoundation: 216162199b28c13a410421893ffa2e32 -> 
  custom:container-demuxer-ogg: 62fdf1f143b41e24485cea50d1cbac27 -> 
  custom:video-decoder-webm-vp8: 9c59270c3fd7afecdb556c50c9e8de78 -> 
  custom:audio-decoder-ogg-vorbis: bf7c407c2cedff20999df2af8eb42d56 -> 
========================================================================
Received Import Request.
  Time since last request: 2218.430812 seconds.
  path: Assets/_TerrainAutoUpgrade/Terrain_0_0_35ab2ad8-892c-44c9-9f3f-0c23143e5d4c.asset
  artifactKey: Guid(ee90d67574b4a364d8db48c4a2b74ca7) Importer(815301076,1909f56bfc062723c751e8b465ee728b)
Start importing Assets/_TerrainAutoUpgrade/Terrain_0_0_35ab2ad8-892c-44c9-9f3f-0c23143e5d4c.asset using Guid(ee90d67574b4a364d8db48c4a2b74ca7) Importer(815301076,1909f56bfc062723c751e8b465ee728b) Tree prefab at index 0 is missing.
 -> (artifact id: '90fc7adce194b13a0cee82a722c12b7c') in 0.090454 seconds 
========================================================================
Received Import Request.
  Time since last request: 4.038385 seconds.
  path: Assets/AA/Prefabs/Object/MineMachine.prefab
  artifactKey: Guid(0b06f672cd72543409d2ced784616644) Importer(815301076,1909f56bfc062723c751e8b465ee728b)
Start importing Assets/AA/Prefabs/Object/MineMachine.prefab using Guid(0b06f672cd72543409d2ced784616644) Importer(815301076,1909f56bfc062723c751e8b465ee728b)  -> (artifact id: '7163d48428a0d5169c02290e13e71b3a') in 0.723085 seconds 
========================================================================
Received Import Request.
  Time since last request: 0.000033 seconds.
  path: Assets/AA/Prefabs/Object/WireBroad.prefab
  artifactKey: Guid(373cd932bb5553b41a775b380c8e8629) Importer(815301076,1909f56bfc062723c751e8b465ee728b)
Start importing Assets/AA/Prefabs/Object/WireBroad.prefab using Guid(373cd932bb5553b41a775b380c8e8629) Importer(815301076,1909f56bfc062723c751e8b465ee728b)  -> (artifact id: '6acd10521a42ba6cc9222c9a1953539a') in 0.113600 seconds 
========================================================================
Received Import Request.
  Time since last request: 0.000034 seconds.
  path: Assets/AA/Prefabs/Object/Truck.prefab
  artifactKey: Guid(6e64f6972be0c86479eba8045ddaae60) Importer(815301076,1909f56bfc062723c751e8b465ee728b)
Start importing Assets/AA/Prefabs/Object/Truck.prefab using Guid(6e64f6972be0c86479eba8045ddaae60) Importer(815301076,1909f56bfc062723c751e8b465ee728b)  -> (artifact id: 'd84c5834e1049b775590904aefce7667') in 0.069147 seconds 
========================================================================
Received Import Request.
  Time since last request: 21.750613 seconds.
  path: Assets/AA/Prefabs/Object/Cube.047.prefab
  artifactKey: Guid(b9acb17b98d465c478a67e709dc08d71) Importer(815301076,1909f56bfc062723c751e8b465ee728b)
Start importing Assets/AA/Prefabs/Object/Cube.047.prefab using Guid(b9acb17b98d465c478a67e709dc08d71) Importer(815301076,1909f56bfc062723c751e8b465ee728b)  -> (artifact id: '70abab7c2944fdc80757f325f4710f0a') in 0.150726 seconds 
========================================================================
Received Import Request.
  Time since last request: 24.184938 seconds.
  path: Assets/AA/Prefabs/Object/置物櫃.prefab
  artifactKey: Guid(b9acb17b98d465c478a67e709dc08d71) Importer(815301076,1909f56bfc062723c751e8b465ee728b)
Start importing Assets/AA/Prefabs/Object/置物櫃.prefab using Guid(b9acb17b98d465c478a67e709dc08d71) Importer(815301076,1909f56bfc062723c751e8b465ee728b)  -> (artifact id: '8690f97217fb59f0c7754a8af447c4df') in 0.048444 seconds 
========================================================================
Received Prepare
Registering precompiled user dll's ...
Registered in 0.006825 seconds.
Begin MonoManager ReloadAssembly
Native extension for WindowsStandalone target not found
Refreshing native plugins compatible for Editor in 0.95 ms, found 2 plugins.
Preloading 0 native plugins for Editor in 0.00 ms.
Mono: successfully reloaded assembly
- Completed reload, in  1.359 seconds
Domain Reload Profiling:
	ReloadAssembly (1360ms)
		BeginReloadAssembly (185ms)
			ExecutionOrderSort (0ms)
			DisableScriptedObjects (29ms)
			BackupInstance (0ms)
			ReleaseScriptingObjects (0ms)
			CreateAndSetChildDomain (49ms)
		EndReloadAssembly (1087ms)
			LoadAssemblies (97ms)
			RebuildTransferFunctionScriptingTraits (0ms)
			SetupTypeCache (250ms)
			ReleaseScriptCaches (2ms)
			RebuildScriptCaches (84ms)
			SetupLoadedEditorAssemblies (558ms)
				LogAssemblyErrors (0ms)
				InitializePlatformSupportModulesInManaged (10ms)
				SetLoadedEditorAssemblies (0ms)
				RefreshPlugins (1ms)
				BeforeProcessingInitializeOnLoad (89ms)
				ProcessInitializeOnLoadAttributes (425ms)
				ProcessInitializeOnLoadMethodAttributes (29ms)
				AfterProcessingInitializeOnLoad (3ms)
				EditorAssembliesLoaded (0ms)
			ExecutionOrderSort2 (0ms)
			AwakeInstancesAfterBackupRestoration (27ms)
Platform modules already initialized, skipping
Refreshing native plugins compatible for Editor in 1.02 ms, found 2 plugins.
Preloading 0 native plugins for Editor in 0.00 ms.
Unloading 4531 Unused Serialized files (Serialized files now loaded: 0)
Unloading 65 unused Assets / (6.1 MB). Loaded Objects now: 5719.
Memory consumption went from 369.8 MB to 363.8 MB.
Total: 4.713900 ms (FindLiveObjects: 0.434600 ms CreateObjectMapping: 0.356000 ms MarkObjects: 2.903100 ms  DeleteObjects: 1.018400 ms)

AssetImportParameters requested are different than current active one (requested -> active):
  custom:video-decoder-ogg-theora: a1e56fd34408186e4bbccfd4996cb3dc -> 
  custom:container-muxer-webm: aa71ff27fc2769a1b78a27578f13a17b -> 
  custom:container-demuxer-webm: 4f35f7cbe854078d1ac9338744f61a02 -> 
  custom:video-encoder-webm-vp8: eb34c28f22e8b96e1ab97ce403110664 -> 
  custom:audio-encoder-webm-vorbis: bf7c407c2cedff20999df2af8eb42d56 -> 
  custom:framework-win-MediaFoundation: 216162199b28c13a410421893ffa2e32 -> 
  custom:container-demuxer-ogg: 62fdf1f143b41e24485cea50d1cbac27 -> 
  custom:video-decoder-webm-vp8: 9c59270c3fd7afecdb556c50c9e8de78 -> 
  custom:audio-decoder-ogg-vorbis: bf7c407c2cedff20999df2af8eb42d56 -> 
========================================================================
Received Prepare
Registering precompiled user dll's ...
Registered in 0.006160 seconds.
Begin MonoManager ReloadAssembly
Native extension for WindowsStandalone target not found
Refreshing native plugins compatible for Editor in 0.95 ms, found 2 plugins.
Preloading 0 native plugins for Editor in 0.00 ms.
Mono: successfully reloaded assembly
- Completed reload, in  1.345 seconds
Domain Reload Profiling:
	ReloadAssembly (1346ms)
		BeginReloadAssembly (150ms)
			ExecutionOrderSort (0ms)
			DisableScriptedObjects (8ms)
			BackupInstance (0ms)
			ReleaseScriptingObjects (0ms)
			CreateAndSetChildDomain (38ms)
		EndReloadAssembly (1109ms)
			LoadAssemblies (94ms)
			RebuildTransferFunctionScriptingTraits (0ms)
			SetupTypeCache (282ms)
			ReleaseScriptCaches (3ms)
			RebuildScriptCaches (85ms)
			SetupLoadedEditorAssemblies (552ms)
				LogAssemblyErrors (0ms)
				InitializePlatformSupportModulesInManaged (11ms)
				SetLoadedEditorAssemblies (0ms)
				RefreshPlugins (1ms)
				BeforeProcessingInitializeOnLoad (88ms)
				ProcessInitializeOnLoadAttributes (421ms)
				ProcessInitializeOnLoadMethodAttributes (29ms)
				AfterProcessingInitializeOnLoad (3ms)
				EditorAssembliesLoaded (0ms)
			ExecutionOrderSort2 (0ms)
			AwakeInstancesAfterBackupRestoration (26ms)
Platform modules already initialized, skipping
Refreshing native plugins compatible for Editor in 2.28 ms, found 2 plugins.
Preloading 0 native plugins for Editor in 0.00 ms.
Unloading 4530 Unused Serialized files (Serialized files now loaded: 0)
Unloading 65 unused Assets / (6.1 MB). Loaded Objects now: 5722.
Memory consumption went from 369.6 MB to 363.5 MB.
Total: 6.682300 ms (FindLiveObjects: 0.691700 ms CreateObjectMapping: 0.525100 ms MarkObjects: 4.286500 ms  DeleteObjects: 1.177500 ms)

AssetImportParameters requested are different than current active one (requested -> active):
  custom:video-decoder-ogg-theora: a1e56fd34408186e4bbccfd4996cb3dc -> 
  custom:container-muxer-webm: aa71ff27fc2769a1b78a27578f13a17b -> 
  custom:container-demuxer-webm: 4f35f7cbe854078d1ac9338744f61a02 -> 
  custom:video-encoder-webm-vp8: eb34c28f22e8b96e1ab97ce403110664 -> 
  custom:audio-encoder-webm-vorbis: bf7c407c2cedff20999df2af8eb42d56 -> 
  custom:framework-win-MediaFoundation: 216162199b28c13a410421893ffa2e32 -> 
  custom:container-demuxer-ogg: 62fdf1f143b41e24485cea50d1cbac27 -> 
  custom:video-decoder-webm-vp8: 9c59270c3fd7afecdb556c50c9e8de78 -> 
  custom:audio-decoder-ogg-vorbis: bf7c407c2cedff20999df2af8eb42d56 -> 
========================================================================
Received Import Request.
  Time since last request: 654.680087 seconds.
  path: Assets/Level2
  artifactKey: Guid(6ac3ed274062bd84e8b965eba6f272a6) Importer(815301076,1909f56bfc062723c751e8b465ee728b)
Start importing Assets/Level2 using Guid(6ac3ed274062bd84e8b965eba6f272a6) Importer(815301076,1909f56bfc062723c751e8b465ee728b)  -> (artifact id: 'b1b65a8c0ce846cc731f5758fd270ca8') in 0.016333 seconds 
========================================================================
Received Import Request.
  Time since last request: 45.658346 seconds.
  path: Assets/Level2/FBX AND TEXTURE
  artifactKey: Guid(d6ac4b520c4c75b4394facf8a4044418) Importer(815301076,1909f56bfc062723c751e8b465ee728b)
Start importing Assets/Level2/FBX AND TEXTURE using Guid(d6ac4b520c4c75b4394facf8a4044418) Importer(815301076,1909f56bfc062723c751e8b465ee728b)  -> (artifact id: 'ce9cf467752a48c24f4ba7b6b3adbe41') in 0.005699 seconds 
========================================================================
Received Import Request.
  Time since last request: 316.632299 seconds.
  path: Assets/Level2/FBX AND TEXTURE/corrider1
  artifactKey: Guid(945d47c4a93ae5b46bc0538816412641) Importer(815301076,1909f56bfc062723c751e8b465ee728b)
Start importing Assets/Level2/FBX AND TEXTURE/corrider1 using Guid(945d47c4a93ae5b46bc0538816412641) Importer(815301076,1909f56bfc062723c751e8b465ee728b)  -> (artifact id: '7cb795f717825d33f0770b9fed0616d0') in 0.007271 seconds 
========================================================================
Received Import Request.
  Time since last request: 0.045603 seconds.
  path: Assets/Level2/FBX AND TEXTURE/corrider1/Corrider.fbx
  artifactKey: Guid(32c691816958b6f43966036082a83995) Importer(815301076,1909f56bfc062723c751e8b465ee728b)
Start importing Assets/Level2/FBX AND TEXTURE/corrider1/Corrider.fbx using Guid(32c691816958b6f43966036082a83995) Importer(815301076,1909f56bfc062723c751e8b465ee728b)  -> (artifact id: '5844041d6ae85a18403ecf8f9c962e79') in 1.975525 seconds 
========================================================================
Received Import Request.
  Time since last request: 0.000040 seconds.
  path: Assets/Level2/FBX AND TEXTURE/corrider1/Corridor_TT_checker_1024x1024_UV_GRID_MaskMap.png
  artifactKey: Guid(deba095e55019834c9f7333cfa8423bd) Importer(815301076,1909f56bfc062723c751e8b465ee728b)
Start importing Assets/Level2/FBX AND TEXTURE/corrider1/Corridor_TT_checker_1024x1024_UV_GRID_MaskMap.png using Guid(deba095e55019834c9f7333cfa8423bd) Importer(815301076,1909f56bfc062723c751e8b465ee728b)  -> (artifact id: '239b91da482030667054041b04df9857') in 0.028760 seconds 
========================================================================
Received Import Request.
  Time since last request: 0.000039 seconds.
  path: Assets/Level2/FBX AND TEXTURE/corrider1/Corridor_TT_checker_1024x1024_UV_GRID_Normal.png
  artifactKey: Guid(76472c1e96da47a4a971efdae834055a) Importer(815301076,1909f56bfc062723c751e8b465ee728b)
Start importing Assets/Level2/FBX AND TEXTURE/corrider1/Corridor_TT_checker_1024x1024_UV_GRID_Normal.png using Guid(76472c1e96da47a4a971efdae834055a) Importer(815301076,1909f56bfc062723c751e8b465ee728b)  -> (artifact id: '93b485716700da9cde70fc6e6db1f42a') in 0.018907 seconds 
========================================================================
Received Import Request.
  Time since last request: 0.000033 seconds.
  path: Assets/Level2/FBX AND TEXTURE/corrider1/Corridor_TT_checker_1024x1024_UV_GRID_BaseMap.png
  artifactKey: Guid(c29b590db95e3424aba01cb64945037f) Importer(815301076,1909f56bfc062723c751e8b465ee728b)
Start importing Assets/Level2/FBX AND TEXTURE/corrider1/Corridor_TT_checker_1024x1024_UV_GRID_BaseMap.png using Guid(c29b590db95e3424aba01cb64945037f) Importer(815301076,1909f56bfc062723c751e8b465ee728b)  -> (artifact id: '03d9f35c0f55b5b596d5e1af146ac996') in 0.017133 seconds 
========================================================================
Received Import Request.
  Time since last request: 0.000037 seconds.
  path: Assets/Level2/FBX AND TEXTURE/corrider1/Corridor_TT_checker_1024x1024_UV_GRID_Emissive.png
  artifactKey: Guid(e394b3c2c8f078949b9f490e2e8711ec) Importer(815301076,1909f56bfc062723c751e8b465ee728b)
Start importing Assets/Level2/FBX AND TEXTURE/corrider1/Corridor_TT_checker_1024x1024_UV_GRID_Emissive.png using Guid(e394b3c2c8f078949b9f490e2e8711ec) Importer(815301076,1909f56bfc062723c751e8b465ee728b)  -> (artifact id: 'd13d2cbee387cf80fc1a4171a0f29a4e') in 0.021833 seconds 
========================================================================
Received Import Request.
  Time since last request: 211.029447 seconds.
  path: Assets/Level2/FBX AND TEXTURE/corrider1/Corrider.fbx
  artifactKey: Guid(32c691816958b6f43966036082a83995) Importer(815301076,1909f56bfc062723c751e8b465ee728b)
Start importing Assets/Level2/FBX AND TEXTURE/corrider1/Corrider.fbx using Guid(32c691816958b6f43966036082a83995) Importer(815301076,1909f56bfc062723c751e8b465ee728b)  -> (artifact id: '58d908a8e9d72990f41a92f8f33bbef7') in 1.292228 seconds 
========================================================================
Received Import Request.
  Time since last request: 225.850340 seconds.
  path: Assets/Level2/FBX AND TEXTURE/corrider1/Corrider.fbx
  artifactKey: Guid(32c691816958b6f43966036082a83995) Importer(815301076,1909f56bfc062723c751e8b465ee728b)
Start importing Assets/Level2/FBX AND TEXTURE/corrider1/Corrider.fbx using Guid(32c691816958b6f43966036082a83995) Importer(815301076,1909f56bfc062723c751e8b465ee728b)  -> (artifact id: 'f6665989aa48f1613a4be4690dbc4b26') in 1.063934 seconds 
========================================================================
Received Import Request.
  Time since last request: 76.882867 seconds.
  path: Assets/Level2/FBX AND TEXTURE/corrider1/New Material.mat
  artifactKey: Guid(8d21db27c2530944d94b5fa0ceaf0878) Importer(815301076,1909f56bfc062723c751e8b465ee728b)
Start importing Assets/Level2/FBX AND TEXTURE/corrider1/New Material.mat using Guid(8d21db27c2530944d94b5fa0ceaf0878) Importer(815301076,1909f56bfc062723c751e8b465ee728b)  -> (artifact id: '67047f582b6ba2ff7e4830780e71e5d0') in 0.022077 seconds 
========================================================================
Received Import Request.
  Time since last request: 4.139763 seconds.
  path: Assets/Level2/FBX AND TEXTURE/corrider1/Corridor_TT_checker_1024x1024_UV_GRID_Normal.png
  artifactKey: Guid(76472c1e96da47a4a971efdae834055a) Importer(815301076,1909f56bfc062723c751e8b465ee728b)
Start importing Assets/Level2/FBX AND TEXTURE/corrider1/Corridor_TT_checker_1024x1024_UV_GRID_Normal.png using Guid(76472c1e96da47a4a971efdae834055a) Importer(815301076,1909f56bfc062723c751e8b465ee728b)  -> (artifact id: '332387986118add8913cabb6855282b0') in 0.023392 seconds 
========================================================================
Received Import Request.
  Time since last request: 143.891861 seconds.
  path: Assets/Level2/FBX AND TEXTURE/corrider1/New Material.mat
  artifactKey: Guid(8d21db27c2530944d94b5fa0ceaf0878) Importer(815301076,1909f56bfc062723c751e8b465ee728b)
Start importing Assets/Level2/FBX AND TEXTURE/corrider1/New Material.mat using Guid(8d21db27c2530944d94b5fa0ceaf0878) Importer(815301076,1909f56bfc062723c751e8b465ee728b)  -> (artifact id: 'a0360a5bdd34d3995f9f0e3afabf0f12') in 0.031576 seconds 
========================================================================
Received Import Request.
  Time since last request: 53.832908 seconds.
  path: Assets/Scenes/SampleScene.unity
  artifactKey: Guid(cbfe36cfddfde964d9dfce63a355d5dd) Importer(815301076,1909f56bfc062723c751e8b465ee728b)
Start importing Assets/Scenes/SampleScene.unity using Guid(cbfe36cfddfde964d9dfce63a355d5dd) Importer(815301076,1909f56bfc062723c751e8b465ee728b)  -> (artifact id: 'a4059d7d4454c887bb15bb4c952b5196') in 0.007385 seconds 
========================================================================
Received Prepare
Registering precompiled user dll's ...
Registered in 0.006302 seconds.
Begin MonoManager ReloadAssembly
Native extension for WindowsStandalone target not found
Refreshing native plugins compatible for Editor in 1.02 ms, found 2 plugins.
Preloading 0 native plugins for Editor in 0.00 ms.
Mono: successfully reloaded assembly
- Completed reload, in  1.534 seconds
Domain Reload Profiling:
	ReloadAssembly (1535ms)
		BeginReloadAssembly (241ms)
			ExecutionOrderSort (2ms)
			DisableScriptedObjects (52ms)
			BackupInstance (0ms)
			ReleaseScriptingObjects (0ms)
			CreateAndSetChildDomain (61ms)
		EndReloadAssembly (1207ms)
			LoadAssemblies (94ms)
			RebuildTransferFunctionScriptingTraits (0ms)
			SetupTypeCache (292ms)
			ReleaseScriptCaches (6ms)
			RebuildScriptCaches (87ms)
			SetupLoadedEditorAssemblies (604ms)
				LogAssemblyErrors (0ms)
				InitializePlatformSupportModulesInManaged (11ms)
				SetLoadedEditorAssemblies (1ms)
				RefreshPlugins (1ms)
				BeforeProcessingInitializeOnLoad (88ms)
				ProcessInitializeOnLoadAttributes (468ms)
				ProcessInitializeOnLoadMethodAttributes (32ms)
				AfterProcessingInitializeOnLoad (3ms)
				EditorAssembliesLoaded (0ms)
			ExecutionOrderSort2 (0ms)
			AwakeInstancesAfterBackupRestoration (36ms)
Platform modules already initialized, skipping
Refreshing native plugins compatible for Editor in 1.23 ms, found 2 plugins.
Preloading 0 native plugins for Editor in 0.00 ms.
Unloading 4534 Unused Serialized files (Serialized files now loaded: 0)
Unloading 65 unused Assets / (6.1 MB). Loaded Objects now: 5906.
Memory consumption went from 390.1 MB to 384.0 MB.
Total: 5.263800 ms (FindLiveObjects: 0.500100 ms CreateObjectMapping: 0.433900 ms MarkObjects: 3.258700 ms  DeleteObjects: 1.069500 ms)

AssetImportParameters requested are different than current active one (requested -> active):
  custom:video-decoder-ogg-theora: a1e56fd34408186e4bbccfd4996cb3dc -> 
  custom:container-muxer-webm: aa71ff27fc2769a1b78a27578f13a17b -> 
  custom:container-demuxer-webm: 4f35f7cbe854078d1ac9338744f61a02 -> 
  custom:video-encoder-webm-vp8: eb34c28f22e8b96e1ab97ce403110664 -> 
  custom:audio-encoder-webm-vorbis: bf7c407c2cedff20999df2af8eb42d56 -> 
  custom:framework-win-MediaFoundation: 216162199b28c13a410421893ffa2e32 -> 
  custom:container-demuxer-ogg: 62fdf1f143b41e24485cea50d1cbac27 -> 
  custom:video-decoder-webm-vp8: 9c59270c3fd7afecdb556c50c9e8de78 -> 
  custom:audio-decoder-ogg-vorbis: bf7c407c2cedff20999df2af8eb42d56 -> 
========================================================================
Received Prepare
Registering precompiled user dll's ...
Registered in 0.006541 seconds.
Begin MonoManager ReloadAssembly
Native extension for WindowsStandalone target not found
Refreshing native plugins compatible for Editor in 0.94 ms, found 2 plugins.
Preloading 0 native plugins for Editor in 0.00 ms.
Mono: successfully reloaded assembly
- Completed reload, in  1.377 seconds
Domain Reload Profiling:
	ReloadAssembly (1378ms)
		BeginReloadAssembly (168ms)
			ExecutionOrderSort (0ms)
			DisableScriptedObjects (8ms)
			BackupInstance (0ms)
			ReleaseScriptingObjects (0ms)
			CreateAndSetChildDomain (38ms)
		EndReloadAssembly (1122ms)
			LoadAssemblies (100ms)
			RebuildTransferFunctionScriptingTraits (0ms)
			SetupTypeCache (245ms)
			ReleaseScriptCaches (3ms)
			RebuildScriptCaches (117ms)
			SetupLoadedEditorAssemblies (570ms)
				LogAssemblyErrors (0ms)
				InitializePlatformSupportModulesInManaged (10ms)
				SetLoadedEditorAssemblies (0ms)
				RefreshPlugins (1ms)
				BeforeProcessingInitializeOnLoad (91ms)
				ProcessInitializeOnLoadAttributes (428ms)
				ProcessInitializeOnLoadMethodAttributes (35ms)
				AfterProcessingInitializeOnLoad (3ms)
				EditorAssembliesLoaded (0ms)
			ExecutionOrderSort2 (0ms)
			AwakeInstancesAfterBackupRestoration (28ms)
Platform modules already initialized, skipping
Refreshing native plugins compatible for Editor in 1.27 ms, found 2 plugins.
Preloading 0 native plugins for Editor in 0.00 ms.
Unloading 4530 Unused Serialized files (Serialized files now loaded: 0)
Unloading 65 unused Assets / (6.1 MB). Loaded Objects now: 5909.
Memory consumption went from 389.4 MB to 383.3 MB.
Total: 5.799600 ms (FindLiveObjects: 0.567700 ms CreateObjectMapping: 0.705500 ms MarkObjects: 3.424200 ms  DeleteObjects: 1.100700 ms)

AssetImportParameters requested are different than current active one (requested -> active):
  custom:video-decoder-ogg-theora: a1e56fd34408186e4bbccfd4996cb3dc -> 
  custom:container-muxer-webm: aa71ff27fc2769a1b78a27578f13a17b -> 
  custom:container-demuxer-webm: 4f35f7cbe854078d1ac9338744f61a02 -> 
  custom:video-encoder-webm-vp8: eb34c28f22e8b96e1ab97ce403110664 -> 
  custom:audio-encoder-webm-vorbis: bf7c407c2cedff20999df2af8eb42d56 -> 
  custom:framework-win-MediaFoundation: 216162199b28c13a410421893ffa2e32 -> 
  custom:container-demuxer-ogg: 62fdf1f143b41e24485cea50d1cbac27 -> 
  custom:video-decoder-webm-vp8: 9c59270c3fd7afecdb556c50c9e8de78 -> 
  custom:audio-decoder-ogg-vorbis: bf7c407c2cedff20999df2af8eb42d56 -> 
