Using pre-set license
Built from '2021.2/staging' branch; Version is '2021.2.8f1 (d0e5f0a7b06a) revision 13690352'; Using compiler version '192829333'; Build Type 'Release'
OS: 'Windows 10  (10.0.19044) 64bit Core' Language: 'zh' Physical Memory: 8103 MB
BatchMode: 1, IsHumanControllingUs: 0, StartBugReporterOnCrash: 0, Is64bit: 1, IsPro: 0

COMMAND LINE ARGUMENTS:
C:\Program Files\Unity\Hub\Editor\2021.2.8f1\Editor\Unity.exe
-adb2
-batchMode
-noUpm
-name
AssetImportWorker2
-projectPath
J:/QWQ
-logFile
Logs/AssetImportWorker2.log
-srvPort
51942
Successfully changed project path to: J:/QWQ
J:/QWQ
[UnityMemory] Configuration Parameters - Can be set up in boot.config
    "memorysetup-bucket-allocator-granularity=16"
    "memorysetup-bucket-allocator-bucket-count=8"
    "memorysetup-bucket-allocator-block-size=33554432"
    "memorysetup-bucket-allocator-block-count=8"
    "memorysetup-main-allocator-block-size=16777216"
    "memorysetup-thread-allocator-block-size=16777216"
    "memorysetup-gfx-main-allocator-block-size=16777216"
    "memorysetup-gfx-thread-allocator-block-size=16777216"
    "memorysetup-cache-allocator-block-size=4194304"
    "memorysetup-typetree-allocator-block-size=2097152"
    "memorysetup-profiler-bucket-allocator-granularity=16"
    "memorysetup-profiler-bucket-allocator-bucket-count=8"
    "memorysetup-profiler-bucket-allocator-block-size=33554432"
    "memorysetup-profiler-bucket-allocator-block-count=8"
    "memorysetup-profiler-allocator-block-size=16777216"
    "memorysetup-profiler-editor-allocator-block-size=1048576"
    "memorysetup-temp-allocator-size-main=16777216"
    "memorysetup-job-temp-allocator-block-size=2097152"
    "memorysetup-job-temp-allocator-block-size-background=1048576"
    "memorysetup-job-temp-allocator-reduction-small-platforms=262144"
    "memorysetup-temp-allocator-size-background-worker=32768"
    "memorysetup-temp-allocator-size-job-worker=262144"
    "memorysetup-temp-allocator-size-preload-manager=33554432"
    "memorysetup-temp-allocator-size-nav-mesh-worker=65536"
    "memorysetup-temp-allocator-size-audio-worker=65536"
    "memorysetup-temp-allocator-size-cloud-worker=32768"
    "memorysetup-temp-allocator-size-gi-baking-worker=262144"
    "memorysetup-temp-allocator-size-gfx=262144"
Refreshing native plugins compatible for Editor in 138.84 ms, found 2 plugins.
Preloading 0 native plugins for Editor in 0.00 ms.
Initialize engine version: 2021.2.8f1 (d0e5f0a7b06a)
[Subsystems] Discovering subsystems at path C:/Program Files/Unity/Hub/Editor/2021.2.8f1/Editor/Data/Resources/UnitySubsystems
[Subsystems] Discovering subsystems at path J:/QWQ/Assets
GfxDevice: creating device client; threaded=0; jobified=0
Direct3D:
    Version:  Direct3D 11.0 [level 11.1]
    Renderer: AMD Radeon (TM) R9 380 Series (ID=0x6939)
    Vendor:   ATI
    VRAM:     2022 MB
    Driver:   27.20.20903.8001
Initialize mono
Mono path[0] = 'C:/Program Files/Unity/Hub/Editor/2021.2.8f1/Editor/Data/Managed'
Mono path[1] = 'C:/Program Files/Unity/Hub/Editor/2021.2.8f1/Editor/Data/MonoBleedingEdge/lib/mono/unityjit-win32'
Mono config path = 'C:/Program Files/Unity/Hub/Editor/2021.2.8f1/Editor/Data/MonoBleedingEdge/etc'
Using monoOptions --debugger-agent=transport=dt_socket,embedding=1,server=y,suspend=n,address=127.0.0.1:56532
Begin MonoManager ReloadAssembly
Registering precompiled unity dll's ...
Register platform support module: C:/Program Files/Unity/Hub/Editor/2021.2.8f1/Editor/Data/PlaybackEngines/WindowsStandaloneSupport/UnityEditor.WindowsStandalone.Extensions.dll
Registered in 0.009649 seconds.
Native extension for WindowsStandalone target not found
Refreshing native plugins compatible for Editor in 123.30 ms, found 2 plugins.
Preloading 0 native plugins for Editor in 0.00 ms.
Mono: successfully reloaded assembly
- Completed reload, in  0.840 seconds
Domain Reload Profiling:
	ReloadAssembly (841ms)
		BeginReloadAssembly (101ms)
			ExecutionOrderSort (0ms)
			DisableScriptedObjects (0ms)
			BackupInstance (0ms)
			ReleaseScriptingObjects (0ms)
			CreateAndSetChildDomain (2ms)
		EndReloadAssembly (625ms)
			LoadAssemblies (97ms)
			RebuildTransferFunctionScriptingTraits (0ms)
			SetupTypeCache (139ms)
			ReleaseScriptCaches (0ms)
			RebuildScriptCaches (41ms)
			SetupLoadedEditorAssemblies (373ms)
				LogAssemblyErrors (0ms)
				InitializePlatformSupportModulesInManaged (20ms)
				SetLoadedEditorAssemblies (0ms)
				RefreshPlugins (123ms)
				BeforeProcessingInitializeOnLoad (2ms)
				ProcessInitializeOnLoadAttributes (167ms)
				ProcessInitializeOnLoadMethodAttributes (59ms)
				AfterProcessingInitializeOnLoad (0ms)
				EditorAssembliesLoaded (0ms)
			ExecutionOrderSort2 (0ms)
			AwakeInstancesAfterBackupRestoration (0ms)
Platform modules already initialized, skipping
Registering precompiled user dll's ...
Registered in 0.005923 seconds.
Begin MonoManager ReloadAssembly
Native extension for WindowsStandalone target not found
Refreshing native plugins compatible for Editor in 213.05 ms, found 2 plugins.
Preloading 0 native plugins for Editor in 0.00 ms.
Mono: successfully reloaded assembly
- Completed reload, in  5.994 seconds
Domain Reload Profiling:
	ReloadAssembly (5995ms)
		BeginReloadAssembly (216ms)
			ExecutionOrderSort (0ms)
			DisableScriptedObjects (10ms)
			BackupInstance (0ms)
			ReleaseScriptingObjects (0ms)
			CreateAndSetChildDomain (35ms)
		EndReloadAssembly (5442ms)
			LoadAssemblies (1483ms)
			RebuildTransferFunctionScriptingTraits (0ms)
			SetupTypeCache (679ms)
			ReleaseScriptCaches (1ms)
			RebuildScriptCaches (165ms)
			SetupLoadedEditorAssemblies (3060ms)
				LogAssemblyErrors (0ms)
				InitializePlatformSupportModulesInManaged (26ms)
				SetLoadedEditorAssemblies (0ms)
				RefreshPlugins (213ms)
				BeforeProcessingInitializeOnLoad (150ms)
				ProcessInitializeOnLoadAttributes (2555ms)
				ProcessInitializeOnLoadMethodAttributes (105ms)
				AfterProcessingInitializeOnLoad (11ms)
				EditorAssembliesLoaded (0ms)
			ExecutionOrderSort2 (0ms)
			AwakeInstancesAfterBackupRestoration (11ms)
Platform modules already initialized, skipping
========================================================================
Worker process is ready to serve import requests
Launched and connected shader compiler UnityShaderCompiler.exe after 0.19 seconds
Refreshing native plugins compatible for Editor in 2.74 ms, found 2 plugins.
Preloading 0 native plugins for Editor in 0.00 ms.
Unloading 4914 Unused Serialized files (Serialized files now loaded: 0)
Unloading 79 unused Assets / (6.1 MB). Loaded Objects now: 5377.
Memory consumption went from 276.1 MB to 270.1 MB.
Total: 6.263900 ms (FindLiveObjects: 0.464400 ms CreateObjectMapping: 0.392700 ms MarkObjects: 4.098500 ms  DeleteObjects: 1.306600 ms)

AssetImportParameters requested are different than current active one (requested -> active):
  custom:video-decoder-ogg-theora: a1e56fd34408186e4bbccfd4996cb3dc -> 
  custom:container-muxer-webm: aa71ff27fc2769a1b78a27578f13a17b -> 
  custom:container-demuxer-webm: 4f35f7cbe854078d1ac9338744f61a02 -> 
  custom:video-encoder-webm-vp8: eb34c28f22e8b96e1ab97ce403110664 -> 
  custom:audio-encoder-webm-vorbis: bf7c407c2cedff20999df2af8eb42d56 -> 
  custom:framework-win-MediaFoundation: 216162199b28c13a410421893ffa2e32 -> 
  custom:container-demuxer-ogg: 62fdf1f143b41e24485cea50d1cbac27 -> 
  custom:video-decoder-webm-vp8: 9c59270c3fd7afecdb556c50c9e8de78 -> 
  custom:audio-decoder-ogg-vorbis: bf7c407c2cedff20999df2af8eb42d56 -> 
========================================================================
Received Import Request.
  Time since last request: 190287.824164 seconds.
  path: Assets/AA/Monster/BOSS 2/Textures/Gun/Boss2_Gun Material.mat
  artifactKey: Guid(7ca419cfa93e0564ca2206717dfa2401) Importer(815301076,1909f56bfc062723c751e8b465ee728b)
Start importing Assets/AA/Monster/BOSS 2/Textures/Gun/Boss2_Gun Material.mat using Guid(7ca419cfa93e0564ca2206717dfa2401) Importer(815301076,1909f56bfc062723c751e8b465ee728b)  -> (artifact id: 'c264312be4140d06fd017c2cbc2a7318') in 3.332735 seconds 
========================================================================
Received Import Request.
  Time since last request: 287.685170 seconds.
  path: Assets/AA/Monster/Scorpion/base/Base_v2.prefab
  artifactKey: Guid(56e9da9a9cbd31f428c4aabec26dd303) Importer(815301076,1909f56bfc062723c751e8b465ee728b)
Start importing Assets/AA/Monster/Scorpion/base/Base_v2.prefab using Guid(56e9da9a9cbd31f428c4aabec26dd303) Importer(815301076,1909f56bfc062723c751e8b465ee728b)  -> (artifact id: '35dabe6bd009cf23d0bf8d4fb9072310') in 1.852689 seconds 
========================================================================
Received Import Request.
  Time since last request: 101.061649 seconds.
  path: Assets/AA/Prefabs/Props/MedicalCrate.prefab
  artifactKey: Guid(3e93d152b6baa8e4c8755cc01cd459e6) Importer(815301076,1909f56bfc062723c751e8b465ee728b)
Start importing Assets/AA/Prefabs/Props/MedicalCrate.prefab using Guid(3e93d152b6baa8e4c8755cc01cd459e6) Importer(815301076,1909f56bfc062723c751e8b465ee728b)  -> (artifact id: '56aec32d35f5b48ecde7c06bdd41497d') in 0.376915 seconds 
========================================================================
Received Import Request.
  Time since last request: 35.011586 seconds.
  path: Assets/AA/Scripts/Object/Bloodpack.cs
  artifactKey: Guid(ffb9faf7576f36c4180557070d473949) Importer(815301076,1909f56bfc062723c751e8b465ee728b)
Start importing Assets/AA/Scripts/Object/Bloodpack.cs using Guid(ffb9faf7576f36c4180557070d473949) Importer(815301076,1909f56bfc062723c751e8b465ee728b)  -> (artifact id: 'be096845f3970a79770af3a24c5c26fc') in 0.091310 seconds 
========================================================================
Received Import Request.
  Time since last request: 24.591557 seconds.
  path: Assets/AA/Scripts/Object/Bloodpack1.cs
  artifactKey: Guid(b6786c9fdb9f0bc458f4ecf174e3be2e) Importer(815301076,1909f56bfc062723c751e8b465ee728b)
Start importing Assets/AA/Scripts/Object/Bloodpack1.cs using Guid(b6786c9fdb9f0bc458f4ecf174e3be2e) Importer(815301076,1909f56bfc062723c751e8b465ee728b)  -> (artifact id: '077b2ff30d0ad1a8f999815082024b37') in 0.051861 seconds 
========================================================================
Received Import Request.
  Time since last request: 3.313561 seconds.
  path: Assets/AA/Scripts/Object/Grenade.cs
  artifactKey: Guid(b6786c9fdb9f0bc458f4ecf174e3be2e) Importer(815301076,1909f56bfc062723c751e8b465ee728b)
Start importing Assets/AA/Scripts/Object/Grenade.cs using Guid(b6786c9fdb9f0bc458f4ecf174e3be2e) Importer(815301076,1909f56bfc062723c751e8b465ee728b)  -> (artifact id: '3b1cb96b09a8805e9d9b63ba6be38e44') in 0.193474 seconds 
========================================================================
Received Prepare
Registering precompiled user dll's ...
Registered in 0.006862 seconds.
Begin MonoManager ReloadAssembly
Native extension for WindowsStandalone target not found
Refreshing native plugins compatible for Editor in 16.23 ms, found 2 plugins.
Preloading 0 native plugins for Editor in 0.00 ms.
* Assertion: should not be reached at C:\build\output\Unity-Technologies\mono\mono\metadata\class-accessors.c:86

Crash!!!
SymInit: Symbol-SearchPath: 'C:/Program Files/Unity/Hub/Editor/2021.2.8f1/Editor/Data/Mono;.;J:\QWQ;J:\QWQ\Library\BurstCache\JIT;C:\Program Files\Unity\Hub\Editor\2021.2.8f1\Editor;C:\WINDOWS;C:\WINDOWS\system32;SRV*C:\websymbols*http://msdl.microsoft.com/download/symbols;', symOptions: 534, UserName: 'pc'
OS-Version: 10.0.0
C:\Program Files\Unity\Hub\Editor\2021.2.8f1\Editor\Unity.exe:Unity.exe (00007FF605000000), size: 72986624 (result: 0), SymType: '-deferred-', PDB: '', fileVersion: 2021.2.8.58864
C:\WINDOWS\SYSTEM32\ntdll.dll:ntdll.dll (00007FFB218B0000), size: 2052096 (result: 0), SymType: '-deferred-', PDB: '', fileVersion: 10.0.19041.1566
C:\WINDOWS\System32\KERNEL32.DLL:KERNEL32.DLL (00007FFB1F910000), size: 778240 (result: 0), SymType: '-deferred-', PDB: '', fileVersion: 10.0.19041.1645
C:\WINDOWS\System32\KERNELBASE.dll:KERNELBASE.dll (00007FFB1F2C0000), size: 2916352 (result: 0), SymType: '-deferred-', PDB: '', fileVersion: 10.0.19041.1645
C:\WINDOWS\System32\CRYPT32.dll:CRYPT32.dll (00007FFB1EFD0000), size: 1400832 (result: 0), SymType: '-deferred-', PDB: '', fileVersion: 10.0.19041.1320
C:\WINDOWS\System32\ucrtbase.dll:ucrtbase.dll (00007FFB1F620000), size: 1048576 (result: 0), SymType: '-deferred-', PDB: '', fileVersion: 10.0.19041.789
C:\WINDOWS\System32\USER32.dll:USER32.dll (00007FFB20D70000), size: 1703936 (result: 0), SymType: '-deferred-', PDB: '', fileVersion: 10.0.19041.1503
C:\WINDOWS\System32\win32u.dll:win32u.dll (00007FFB1F7D0000), size: 139264 (result: 0), SymType: '-deferred-', PDB: '', fileVersion: 10.0.19041.1645
C:\WINDOWS\System32\GDI32.dll:GDI32.dll (00007FFB214D0000), size: 172032 (result: 0), SymType: '-deferred-', PDB: '', fileVersion: 10.0.19041.1620
C:\WINDOWS\System32\gdi32full.dll:gdi32full.dll (00007FFB1F800000), size: 1093632 (result: 0), SymType: '-deferred-', PDB: '', fileVersion: 10.0.19041.1620
C:\WINDOWS\System32\msvcp_win.dll:msvcp_win.dll (00007FFB1F130000), size: 643072 (result: 0), SymType: '-deferred-', PDB: '', fileVersion: 10.0.19041.789
C:\WINDOWS\System32\ADVAPI32.dll:ADVAPI32.dll (00007FFB20BC0000), size: 712704 (result: 0), SymType: '-deferred-', PDB: '', fileVersion: 10.0.19041.1466
C:\WINDOWS\System32\msvcrt.dll:msvcrt.dll (00007FFB1FAB0000), size: 647168 (result: 0), SymType: '-deferred-', PDB: '', fileVersion: 7.0.19041.546
C:\WINDOWS\System32\sechost.dll:sechost.dll (00007FFB21270000), size: 638976 (result: 0), SymType: '-deferred-', PDB: '', fileVersion: 10.0.19041.1586
C:\WINDOWS\System32\RPCRT4.dll:RPCRT4.dll (00007FFB1FB50000), size: 1200128 (result: 0), SymType: '-deferred-', PDB: '', fileVersion: 10.0.19041.1645
C:\WINDOWS\System32\SHELL32.dll:SHELL32.dll (00007FFB1FC80000), size: 7618560 (result: 0), SymType: '-deferred-', PDB: '', fileVersion: 10.0.19041.1566
C:\WINDOWS\System32\SHLWAPI.dll:SHLWAPI.dll (00007FFB21630000), size: 348160 (result: 0), SymType: '-deferred-', PDB: '', fileVersion: 10.0.19041.1023
C:\WINDOWS\System32\ole32.dll:ole32.dll (00007FFB21340000), size: 1220608 (result: 0), SymType: '-deferred-', PDB: '', fileVersion: 10.0.19041.1202
C:\WINDOWS\System32\combase.dll:combase.dll (00007FFB20F10000), size: 3489792 (result: 0), SymType: '-deferred-', PDB: '', fileVersion: 10.0.19041.1566
C:\WINDOWS\System32\IMM32.dll:IMM32.dll (00007FFB21310000), size: 196608 (result: 0), SymType: '-deferred-', PDB: '', fileVersion: 10.0.19041.546
C:\WINDOWS\System32\SETUPAPI.dll:SETUPAPI.dll (00007FFB20480000), size: 4628480 (result: 0), SymType: '-deferred-', PDB: '', fileVersion: 10.0.19041.1620
C:\WINDOWS\System32\cfgmgr32.dll:cfgmgr32.dll (00007FFB1F1D0000), size: 319488 (result: 0), SymType: '-deferred-', PDB: '', fileVersion: 10.0.19041.1620
C:\WINDOWS\System32\bcrypt.dll:bcrypt.dll (00007FFB1F290000), size: 159744 (result: 0), SymType: '-deferred-', PDB: '', fileVersion: 10.0.19041.1023
C:\WINDOWS\System32\WS2_32.dll:WS2_32.dll (00007FFB21760000), size: 438272 (result: 0), SymType: '-deferred-', PDB: '', fileVersion: 10.0.19041.546
C:\WINDOWS\System32\OLEAUT32.dll:OLEAUT32.dll (00007FFB21500000), size: 839680 (result: 0), SymType: '-deferred-', PDB: '', fileVersion: 10.0.19041.985
C:\WINDOWS\System32\WINTRUST.dll:WINTRUST.dll (00007FFB1F220000), size: 425984 (result: 0), SymType: '-deferred-', PDB: '', fileVersion: 10.0.19041.1566
C:\Program Files\Unity\Hub\Editor\2021.2.8f1\Editor\libfbxsdk.dll:libfbxsdk.dll (00007FFACFB70000), size: 10215424 (result: 0), SymType: '-deferred-', PDB: '', fileVersion: 2020.2.0.0
C:\Program Files\Unity\Hub\Editor\2021.2.8f1\Editor\optix.6.0.0.dll:optix.6.0.0.dll (00007FFB00740000), size: 208896 (result: 0), SymType: '-deferred-', PDB: '', fileVersion: 6.0.0.0
C:\Program Files\Unity\Hub\Editor\2021.2.8f1\Editor\s3tcompress.dll:s3tcompress.dll (00007FFAFAD10000), size: 180224 (result: 0), SymType: '-deferred-', PDB: ''
C:\Program Files\Unity\Hub\Editor\2021.2.8f1\Editor\etccompress.dll:etccompress.dll (00007FFAD60E0000), size: 5066752 (result: 0), SymType: '-deferred-', PDB: ''
C:\Program Files\Unity\Hub\Editor\2021.2.8f1\Editor\ispc_texcomp.dll:ispc_texcomp.dll (00007FFAE88B0000), size: 1740800 (result: 0), SymType: '-deferred-', PDB: ''
C:\Program Files\Unity\Hub\Editor\2021.2.8f1\Editor\FreeImage.dll:FreeImage.dll (0000000180000000), size: 6582272 (result: 0), SymType: '-deferred-', PDB: '', fileVersion: 3.18.0.0
C:\Program Files\Unity\Hub\Editor\2021.2.8f1\Editor\OpenImageDenoise.dll:OpenImageDenoise.dll (00007FFAD1520000), size: 35123200 (result: 0), SymType: '-deferred-', PDB: '', fileVersion: 1.3.0.0
C:\Program Files\Unity\Hub\Editor\2021.2.8f1\Editor\WinPixEventRuntime.dll:WinPixEventRuntime.dll (00007FFB1C7B0000), size: 45056 (result: 0), SymType: '-deferred-', PDB: '', fileVersion: 1.0.1812.6001
C:\Program Files\Unity\Hub\Editor\2021.2.8f1\Editor\umbraoptimizer64.dll:umbraoptimizer64.dll (00007FFAE93C0000), size: 1187840 (result: 0), SymType: '-deferred-', PDB: ''
C:\WINDOWS\SYSTEM32\OPENGL32.dll:OPENGL32.dll (00007FFAFA990000), size: 1204224 (result: 0), SymType: '-deferred-', PDB: '', fileVersion: 10.0.19041.1566
C:\WINDOWS\SYSTEM32\GLU32.dll:GLU32.dll (00007FFAFA960000), size: 180224 (result: 0), SymType: '-deferred-', PDB: '', fileVersion: 10.0.19041.1566
C:\Program Files\Unity\Hub\Editor\2021.2.8f1\Editor\compress_bc7e.dll:compress_bc7e.dll (00007FFAF5F20000), size: 1441792 (result: 0), SymType: '-deferred-', PDB: ''
C:\WINDOWS\SYSTEM32\IPHLPAPI.DLL:IPHLPAPI.DLL (00007FFB1E3C0000), size: 241664 (result: 0), SymType: '-deferred-', PDB: '', fileVersion: 10.0.19041.546
C:\WINDOWS\SYSTEM32\WINHTTP.dll:WINHTTP.dll (00007FFB13C20000), size: 1089536 (result: 0), SymType: '-deferred-', PDB: '', fileVersion: 10.0.19041.1620
C:\WINDOWS\SYSTEM32\WINMM.dll:WINMM.dll (00007FFB163F0000), size: 159744 (result: 0), SymType: '-deferred-', PDB: '', fileVersion: 10.0.19041.546
C:\WINDOWS\SYSTEM32\HID.DLL:HID.DLL (00007FFB1D8B0000), size: 53248 (result: 0), SymType: '-deferred-', PDB: '', fileVersion: 10.0.19041.546
C:\WINDOWS\SYSTEM32\dwmapi.dll:dwmapi.dll (00007FFB1CD30000), size: 192512 (result: 0), SymType: '-deferred-', PDB: '', fileVersion: 10.0.19041.746
C:\Program Files\Unity\Hub\Editor\2021.2.8f1\Editor\RadeonImageFilters.dll:RadeonImageFilters.dll (00007FFAE7D50000), size: 2961408 (result: 0), SymType: '-deferred-', PDB: '', fileVersion: 1.7.0.0
C:\Program Files\Unity\Hub\Editor\2021.2.8f1\Editor\SketchUpAPI.dll:SketchUpAPI.dll (00007FFAD5800000), size: 9306112 (result: 0), SymType: '-deferred-', PDB: '', fileVersion: 20.2.172.0
C:\WINDOWS\SYSTEM32\VERSION.dll:VERSION.dll (00007FFB17BA0000), size: 40960 (result: 0), SymType: '-deferred-', PDB: '', fileVersion: 10.0.19041.546
C:\WINDOWS\SYSTEM32\WSOCK32.dll:WSOCK32.dll (00007FFB1ACF0000), size: 36864 (result: 0), SymType: '-deferred-', PDB: '', fileVersion: 10.0.19041.1
C:\Program Files\Unity\Hub\Editor\2021.2.8f1\Editor\tbb12.dll:tbb12.dll (00007FFAF8640000), size: 389120 (result: 0), SymType: '-deferred-', PDB: ''
C:\WINDOWS\SYSTEM32\MSVCP140.dll:MSVCP140.dll (00007FFAF86A0000), size: 577536 (result: 0), SymType: '-deferred-', PDB: '', fileVersion: 14.29.30135.0
C:\WINDOWS\SYSTEM32\VCRUNTIME140.dll:VCRUNTIME140.dll (00007FFB1A830000), size: 110592 (result: 0), SymType: '-deferred-', PDB: '', fileVersion: 14.29.30135.0
C:\Program Files\Unity\Hub\Editor\2021.2.8f1\Editor\RadeonML.dll:RadeonML.dll (00007FFB116E0000), size: 94208 (result: 0), SymType: '-deferred-', PDB: '', fileVersion: 0.9.11.0
C:\Program Files\Unity\Hub\Editor\2021.2.8f1\Editor\SketchUpCommonPreferences.dll:SketchUpCommonPreferences.dll (00007FFAF8440000), size: 479232 (result: 0), SymType: '-deferred-', PDB: '', fileVersion: 20.2.172.37
C:\WINDOWS\SYSTEM32\Secur32.dll:Secur32.dll (00007FFB0DE60000), size: 49152 (result: 0), SymType: '-deferred-', PDB: '', fileVersion: 10.0.19041.546
C:\WINDOWS\SYSTEM32\VCRUNTIME140_1.dll:VCRUNTIME140_1.dll (00007FFB0B1B0000), size: 49152 (result: 0), SymType: '-deferred-', PDB: '', fileVersion: 14.29.30135.0
C:\WINDOWS\SYSTEM32\SSPICLI.DLL:SSPICLI.DLL (00007FFB1EE90000), size: 204800 (result: 0), SymType: '-deferred-', PDB: '', fileVersion: 10.0.19041.1586
C:\Program Files\Unity\Hub\Editor\2021.2.8f1\Editor\OpenRL.dll:OpenRL.dll (000001B141AE0000), size: 12779520 (result: 0), SymType: '-deferred-', PDB: '', fileVersion: 1.5.0.2907
C:\WINDOWS\SYSTEM32\MSVCP100.dll:MSVCP100.dll (000000005DE00000), size: 622592 (result: 0), SymType: '-deferred-', PDB: '', fileVersion: 10.0.40219.325
C:\WINDOWS\SYSTEM32\MSVCR100.dll:MSVCR100.dll (000000005DD20000), size: 860160 (result: 0), SymType: '-deferred-', PDB: '', fileVersion: 10.0.40219.325
C:\Program Files\Unity\Hub\Editor\2021.2.8f1\Editor\embree.dll:embree.dll (00007FFAD0530000), size: 16711680 (result: 0), SymType: '-deferred-', PDB: '', fileVersion: 2.14.0.0
C:\Program Files\Unity\Hub\Editor\2021.2.8f1\Editor\tbb.dll:tbb.dll (00007FFAF83D0000), size: 413696 (result: 0), SymType: '-deferred-', PDB: '', fileVersion: 2017.0.2016.1004
C:\WINDOWS\SYSTEM32\MSVCP120.dll:MSVCP120.dll (00007FFAE8430000), size: 679936 (result: 0), SymType: '-deferred-', PDB: '', fileVersion: 12.0.40664.0
C:\WINDOWS\SYSTEM32\MSVCR120.dll:MSVCR120.dll (00007FFAE7C60000), size: 978944 (result: 0), SymType: '-deferred-', PDB: '', fileVersion: 12.0.40664.0
C:\WINDOWS\SYSTEM32\MSWSOCK.DLL:MSWSOCK.DLL (00007FFB1E730000), size: 434176 (result: 0), SymType: '-deferred-', PDB: '', fileVersion: 10.0.19041.546
C:\Program Files\Unity\Hub\Editor\2021.2.8f1\Editor\OpenRL_pthread.dll:OpenRL_pthread.dll (000001B142730000), size: 61440 (result: 0), SymType: '-deferred-', PDB: '', fileVersion: 2.9.0.0
C:\Program Files\Unity\Hub\Editor\2021.2.8f1\Editor\tbbmalloc.dll:tbbmalloc.dll (00007FFAF77F0000), size: 372736 (result: 0), SymType: '-deferred-', PDB: '', fileVersion: 2017.0.2016.1004
C:\WINDOWS\SYSTEM32\MSASN1.dll:MSASN1.dll (00007FFB1EBC0000), size: 73728 (result: 0), SymType: '-deferred-', PDB: '', fileVersion: 10.0.19041.546
C:\WINDOWS\SYSTEM32\kernel.appcore.dll:kernel.appcore.dll (00007FFB1CF10000), size: 73728 (result: 0), SymType: '-deferred-', PDB: '', fileVersion: 10.0.19041.546
C:\WINDOWS\System32\bcryptPrimitives.dll:bcryptPrimitives.dll (00007FFB1F590000), size: 532480 (result: 0), SymType: '-deferred-', PDB: '', fileVersion: 10.0.19041.1415
C:\WINDOWS\system32\uxtheme.dll:uxtheme.dll (00007FFB1CA30000), size: 647168 (result: 0), SymType: '-deferred-', PDB: '', fileVersion: 10.0.19041.1620
C:\WINDOWS\System32\shcore.dll:shcore.dll (00007FFB203D0000), size: 708608 (result: 0), SymType: '-deferred-', PDB: '', fileVersion: 10.0.19041.1645
C:\WINDOWS\SYSTEM32\windows.storage.dll:windows.storage.dll (00007FFB1D110000), size: 7946240 (result: 0), SymType: '-deferred-', PDB: '', fileVersion: 10.0.19041.1566
C:\WINDOWS\SYSTEM32\Wldp.dll:Wldp.dll (00007FFB1E9D0000), size: 180224 (result: 0), SymType: '-deferred-', PDB: '', fileVersion: 10.0.19041.1566
C:\WINDOWS\SYSTEM32\profapi.dll:profapi.dll (00007FFB1EF10000), size: 126976 (result: 0), SymType: '-deferred-', PDB: '', fileVersion: 10.0.19041.844
C:\WINDOWS\system32\IconCodecService.dll:IconCodecService.dll (00007FFB1C870000), size: 36864 (result: 0), SymType: '-deferred-', PDB: '', fileVersion: 10.0.19041.1
C:\WINDOWS\SYSTEM32\WindowsCodecs.dll:WindowsCodecs.dll (00007FFB17CE0000), size: 1785856 (result: 0), SymType: '-deferred-', PDB: '', fileVersion: 10.0.19041.1151
C:\WINDOWS\System32\clbcatq.dll:clbcatq.dll (00007FFB216B0000), size: 692224 (result: 0), SymType: '-deferred-', PDB: '', fileVersion: 2001.12.10941.16384
C:\WINDOWS\System32\netprofm.dll:netprofm.dll (00007FFB1A850000), size: 253952 (result: 0), SymType: '-deferred-', PDB: '', fileVersion: 10.0.19041.906
C:\WINDOWS\System32\npmproxy.dll:npmproxy.dll (00007FFB18790000), size: 65536 (result: 0), SymType: '-deferred-', PDB: '', fileVersion: 10.0.19041.906
C:\WINDOWS\System32\NSI.dll:NSI.dll (00007FFB20D00000), size: 32768 (result: 0), SymType: '-deferred-', PDB: '', fileVersion: 10.0.19041.610
C:\WINDOWS\SYSTEM32\dhcpcsvc6.DLL:dhcpcsvc6.DLL (00007FFB187C0000), size: 94208 (result: 0), SymType: '-deferred-', PDB: '', fileVersion: 10.0.19041.546
C:\WINDOWS\SYSTEM32\dhcpcsvc.DLL:dhcpcsvc.DLL (00007FFB18A00000), size: 118784 (result: 0), SymType: '-deferred-', PDB: '', fileVersion: 10.0.19041.546
C:\WINDOWS\SYSTEM32\DNSAPI.dll:DNSAPI.dll (00007FFB1E460000), size: 831488 (result: 0), SymType: '-deferred-', PDB: '', fileVersion: 10.0.19041.1620
C:\WINDOWS\System32\fwpuclnt.dll:fwpuclnt.dll (00007FFB13BA0000), size: 520192 (result: 0), SymType: '-deferred-', PDB: '', fileVersion: 10.0.19041.1620
C:\Windows\System32\rasadhlp.dll:rasadhlp.dll (00007FFB13530000), size: 40960 (result: 0), SymType: '-deferred-', PDB: '', fileVersion: 10.0.19041.546
C:\Program Files\Unity\Hub\Editor\2021.2.8f1\Editor\NVUnityPlugin.DLL:NVUnityPlugin.DLL (00007FFACF4E0000), size: 1536000 (result: 0), SymType: '-deferred-', PDB: ''
C:\Program Files\Unity\Hub\Editor\2021.2.8f1\Editor\Data\Tools\astcenc-avx2.dll:astcenc-avx2.dll (00007FFAD6EE0000), size: 561152 (result: 0), SymType: '-deferred-', PDB: ''
C:\WINDOWS\SYSTEM32\d3d11.dll:d3d11.dll (00007FFB1AD40000), size: 2506752 (result: 0), SymType: '-deferred-', PDB: '', fileVersion: 10.0.19041.1620
C:\WINDOWS\SYSTEM32\dxgi.dll:dxgi.dll (00007FFB1D8F0000), size: 995328 (result: 0), SymType: '-deferred-', PDB: '', fileVersion: 10.0.19041.1566
C:\WINDOWS\System32\DriverStore\FileRepository\u0368456.inf_amd64_fc65705fd5034968\B367348\aticfx64.dll:aticfx64.dll (00007FFB16420000), size: 1945600 (result: 0), SymType: '-deferred-', PDB: '', fileVersion: 27.20.20903.8001
C:\WINDOWS\System32\DriverStore\FileRepository\u0368456.inf_amd64_fc65705fd5034968\B367348\atiuxp64.dll:atiuxp64.dll (00007FFB163B0000), size: 229376 (result: 0), SymType: '-deferred-', PDB: '', fileVersion: 27.20.20903.8001
C:\WINDOWS\System32\DriverStore\FileRepository\u0368456.inf_amd64_fc65705fd5034968\B367348\atidxx64.dll:atidxx64.dll (00007FFB14370000), size: 32886784 (result: 0), SymType: '-deferred-', PDB: '', fileVersion: 27.20.20903.8001
C:\WINDOWS\SYSTEM32\apphelp.dll:apphelp.dll (00007FFB1C890000), size: 589824 (result: 0), SymType: '-deferred-', PDB: '', fileVersion: 10.0.19041.1320
C:\WINDOWS\SYSTEM32\amdihk64.dll:amdihk64.dll (00007FFB14300000), size: 196608 (result: 0), SymType: '-deferred-', PDB: '', fileVersion: 2.0.0.1788
C:\WINDOWS\SYSTEM32\dxcore.dll:dxcore.dll (00007FFB16600000), size: 241664 (result: 0), SymType: '-deferred-', PDB: '', fileVersion: 10.0.19041.546
C:\WINDOWS\system32\wbem\wbemprox.dll:wbemprox.dll (00007FFB09680000), size: 69632 (result: 0), SymType: '-deferred-', PDB: '', fileVersion: 10.0.19041.1320
C:\WINDOWS\SYSTEM32\wbemcomn.dll:wbemcomn.dll (00007FFB0FE20000), size: 589824 (result: 0), SymType: '-deferred-', PDB: '', fileVersion: 10.0.19041.1566
C:\WINDOWS\system32\wbem\wbemsvc.dll:wbemsvc.dll (00007FFB0B010000), size: 81920 (result: 0), SymType: '-deferred-', PDB: '', fileVersion: 10.0.19041.1320
C:\WINDOWS\system32\wbem\fastprox.dll:fastprox.dll (00007FFB0B280000), size: 1093632 (result: 0), SymType: '-deferred-', PDB: '', fileVersion: 10.0.19041.546
C:\WINDOWS\SYSTEM32\amsi.dll:amsi.dll (00007FFB0A950000), size: 131072 (result: 0), SymType: '-deferred-', PDB: '', fileVersion: 10.0.19041.1620
C:\WINDOWS\SYSTEM32\USERENV.dll:USERENV.dll (00007FFB1EED0000), size: 188416 (result: 0), SymType: '-deferred-', PDB: '', fileVersion: 10.0.19041.572
C:\ProgramData\Microsoft\Windows Defender\Platform\4.18.2203.5-0\MpOav.dll:MpOav.dll (00007FFB0AA70000), size: 503808 (result: 0), SymType: '-deferred-', PDB: '', fileVersion: 4.18.2203.5
C:\WINDOWS\SYSTEM32\opencl.dll:opencl.dll (00007FFAFAE30000), size: 147456 (result: 0), SymType: '-deferred-', PDB: '', fileVersion: 2.2.6.0
C:\Program Files\Unity\Hub\Editor\2021.2.8f1\Editor\radeonrays.dll:radeonrays.dll (00007FFAD5770000), size: 557056 (result: 0), SymType: '-deferred-', PDB: ''
C:\Program Files\Unity\Hub\Editor\2021.2.8f1\Editor\Data\MonoBleedingEdge\EmbedRuntime\mono-2.0-bdwgc.dll:mono-2.0-bdwgc.dll (00007FFAC0A40000), size: 11177984 (result: 0), SymType: '-deferred-', PDB: ''
J:\QWQ\Library\PackageCache\com.unity.burst@1.6.0\.Runtime\burst-llvm-11.dll:burst-llvm-11.dll (00007FFAB8A90000), size: 38744064 (result: 0), SymType: '-deferred-', PDB: ''
J:\QWQ\Library\BurstCache\JIT\42b6e62ad68b7ee932655d9a94d942e6.dll:42b6e62ad68b7ee932655d9a94d942e6.dll (00007FFB01AC0000), size: 24576 (result: 0), SymType: '-deferred-', PDB: ''
J:\QWQ\Library\BurstCache\JIT\309fc0fe176412035dcf3c106a579d41.dll:309fc0fe176412035dcf3c106a579d41.dll (00007FFB07D00000), size: 73728 (result: 0), SymType: '-deferred-', PDB: ''
C:\WINDOWS\SYSTEM32\PROPSYS.dll:PROPSYS.dll (00007FFB1A9B0000), size: 1007616 (result: 0), SymType: '-deferred-', PDB: '', fileVersion: 7.0.19041.1023
C:\WINDOWS\WinSxS\amd64_microsoft.windows.common-controls_6595b64144ccf1df_6.0.19041.1110_none_60b5254171f9507e\comctl32.dll:comctl32.dll (00007FFB0C1E0000), size: 2727936 (result: 0), SymType: '-deferred-', PDB: '', fileVersion: 6.10.19041.1110
C:\Windows\System32\thumbcache.dll:thumbcache.dll (00007FFB08D90000), size: 417792 (result: 0), SymType: '-deferred-', PDB: '', fileVersion: 10.0.19041.1151
C:\WINDOWS\SYSTEM32\policymanager.dll:policymanager.dll (00007FFB19E50000), size: 655360 (result: 0), SymType: '-deferred-', PDB: '', fileVersion: 10.0.19041.1620
C:\WINDOWS\SYSTEM32\msvcp110_win.dll:msvcp110_win.dll (00007FFB1E0E0000), size: 565248 (result: 0), SymType: '-deferred-', PDB: '', fileVersion: 10.0.19041.546
C:\WINDOWS\SYSTEM32\dbghelp.dll:dbghelp.dll (00007FFB18D40000), size: 1982464 (result: 0), SymType: '-deferred-', PDB: '', fileVersion: 10.0.19041.867

========== OUTPUTTING STACK TRACE ==================

0x00007FFB1F2F4F69 (KERNELBASE) RaiseException
0x00007FFAC0AB064C (mono-2.0-bdwgc) [C:\build\output\Unity-Technologies\mono\mono\utils\mono-log-common.c:143] mono_log_write_logfile 
0x00007FFAC0A9C4A2 (mono-2.0-bdwgc) [C:\build\output\Unity-Technologies\mono\mono\eglib\goutput.c:172] monoeg_g_logv_nofree 
0x00007FFAC0A9C57C (mono-2.0-bdwgc) [C:\build\output\Unity-Technologies\mono\mono\eglib\goutput.c:215] monoeg_assertion_message 
0x00007FFAC0A9C5E6 (mono-2.0-bdwgc) [C:\build\output\Unity-Technologies\mono\mono\eglib\goutput.c:239] mono_assertion_message_unreachable 
0x00007FFAC0B0E826 (mono-2.0-bdwgc) [C:\build\output\Unity-Technologies\mono\mono\metadata\class-accessors.c:86] mono_class_get_flags 
0x00007FFAC0B04195 (mono-2.0-bdwgc) [C:\build\output\Unity-Technologies\mono\mono\metadata\class-init.c:253] mono_class_setup_fields 
0x00007FFAC0B08852 (mono-2.0-bdwgc) [C:\build\output\Unity-Technologies\mono\mono\metadata\class-init.c:1768] init_sizes_with_info 
0x00007FFAC0B0B021 (mono-2.0-bdwgc) [C:\build\output\Unity-Technologies\mono\mono\metadata\class-init.c:2835] mono_class_init_internal 
0x00007FFAC0AFD3FD (mono-2.0-bdwgc) [C:\build\output\Unity-Technologies\mono\mono\metadata\class.c:3530] mono_class_is_subclass_of_internal 
0x00007FFAC0BF8123 (mono-2.0-bdwgc) [C:\build\output\Unity-Technologies\mono\mono\metadata\external-only.c:319] mono_class_is_subclass_of 
0x00007FF605F541CD (Unity) scripting_class_is_subclass_of
0x00007FF605F4E36E (Unity) Scripting::FindObjectsOfType
0x00007FF605E66F55 (Unity) Resources_Bindings::FindObjectsOfTypeAll
0x00007FF60526D6FE (Unity) ResourcesAPIInternal_CUSTOM_FindObjectsOfTypeAll
0x000001B346E0D1DA (Mono JIT Code) (wrapper managed-to-native) UnityEngine.ResourcesAPIInternal:FindObjectsOfTypeAll (System.Type)
0x000001B346E0D123 (Mono JIT Code) UnityEngine.ResourcesAPI:FindObjectsOfTypeAll (System.Type)
0x000001B346E0CF7B (Mono JIT Code) UnityEngine.Resources:FindObjectsOfTypeAll (System.Type)
0x000001B346E0CE6B (Mono JIT Code) UnityEditor.EditorWindow:HasOpenInstances<T_REF> ()
0x000001B346E0CD63 (Mono JIT Code) [J:\QWQ\Library\PackageCache\com.unity.render-pipelines.high-definition@12.1.3\Editor\Wizard\HDWizard.Configuration.cs:151] UnityEditor.Rendering.HighDefinition.HDWizard:InitializeEntryList () 
0x000001B3AD96973E (Mono JIT Code) (wrapper runtime-invoke) object:runtime_invoke_void (object,intptr,intptr,intptr)
0x00007FFAC0CBE034 (mono-2.0-bdwgc) [C:\build\output\Unity-Technologies\mono\mono\mini\mini-runtime.c:3445] mono_jit_runtime_invoke 
0x00007FFAC0BFE724 (mono-2.0-bdwgc) [C:\build\output\Unity-Technologies\mono\mono\metadata\object.c:3064] do_runtime_invoke 
0x00007FFAC0C0576F (mono-2.0-bdwgc) [C:\build\output\Unity-Technologies\mono\mono\metadata\object.c:5771] mono_runtime_try_invoke_array 
0x00007FFAC0B3CE20 (mono-2.0-bdwgc) [C:\build\output\Unity-Technologies\mono\mono\metadata\icall.c:4017] ves_icall_InternalInvoke 
0x00007FFAC0B61611 (mono-2.0-bdwgc) [C:\build\output\Unity-Technologies\mono\mono\metadata\icall-def.h:687] ves_icall_InternalInvoke_raw 
0x000001B345B44DF0 (Mono JIT Code) (wrapper managed-to-native) System.Reflection.RuntimeMethodInfo:InternalInvoke (System.Reflection.RuntimeMethodInfo,object,object[],System.Exception&)
0x000001B345B441EB (Mono JIT Code) System.Reflection.RuntimeMethodInfo:Invoke (object,System.Reflection.BindingFlags,System.Reflection.Binder,object[],System.Globalization.CultureInfo)
0x000001B345B440AE (Mono JIT Code) System.Reflection.MethodBase:Invoke (object,object[])
0x000001B346E04E63 (Mono JIT Code) UnityEditor.EditorAssemblies:ProcessInitializeOnLoadMethodAttributes ()
0x000001B3505383DD (Mono JIT Code) (wrapper runtime-invoke) object:runtime_invoke_void (object,intptr,intptr,intptr)
0x00007FFAC0CBE034 (mono-2.0-bdwgc) [C:\build\output\Unity-Technologies\mono\mono\mini\mini-runtime.c:3445] mono_jit_runtime_invoke 
0x00007FFAC0BFE724 (mono-2.0-bdwgc) [C:\build\output\Unity-Technologies\mono\mono\metadata\object.c:3064] do_runtime_invoke 
0x00007FFAC0BFE8BC (mono-2.0-bdwgc) [C:\build\output\Unity-Technologies\mono\mono\metadata\object.c:3111] mono_runtime_invoke 
0x00007FF605F54E44 (Unity) scripting_method_invoke
0x00007FF605F4FA64 (Unity) ScriptingInvocation::Invoke
0x00007FF605F493A5 (Unity) ScriptingInvocation::Invoke<void>
0x00007FF60606D1BB (Unity) Scripting::UnityEditor::EditorAssembliesProxy::ProcessInitializeOnLoadMethodAttributes
0x00007FF605F29123 (Unity) MonoManager::SetupLoadedEditorAssemblies
0x00007FF605F1ECCD (Unity) MonoManager::EndReloadAssembly
0x00007FF605F266F8 (Unity) MonoManager::ReloadAssembly
0x00007FF606E3DCC2 (Unity) LoadDomainAndUserAssemblies
0x00007FF606E3E3F4 (Unity) LoadUserAssemblies
0x00007FF6072CD898 (Unity) <lambda_c8aac203af85da22e031a8e6d38250eb>::operator()
0x00007FF607362252 (Unity) asio::detail::completion_handler<core::mutable_function<void __cdecl(void)> >::do_complete
0x00007FF6073644DD (Unity) asio::detail::win_iocp_io_service::do_one
0x00007FF6073678FE (Unity) asio::io_service::run
0x00007FF6073606F1 (Unity) IOService::Run
0x00007FF6072F9DE8 (Unity) RunAssetImportWorkerClientV2
0x00007FF6072F9EBB (Unity) RunAssetImporterV2
0x00007FF606B40F10 (Unity) Application::InitializeProject
0x00007FF606F8C608 (Unity) WinMain
0x00007FF60829D942 (Unity) __scrt_common_main_seh
0x00007FFB1F927034 (KERNEL32) BaseThreadInitThunk
0x00007FFB21902651 (ntdll) RtlUserThreadStart

========== END OF STACKTRACE ===========

A crash has been intercepted by the crash handler. For call stack and other details, see the latest crash report generated in:
 * C:/Users/pc/AppData/Local/Temp/Unity/Editor/Crashes
