Using pre-set license
Built from '2021.2/staging' branch; Version is '2021.2.8f1 (d0e5f0a7b06a) revision 13690352'; Using compiler version '192829333'; Build Type 'Release'
OS: 'Windows 10  (10.0.19042) 64bit Professional' Language: 'zh' Physical Memory: 16300 MB
BatchMode: 1, IsHumanControllingUs: 0, StartBugReporterOnCrash: 0, Is64bit: 1, IsPro: 0

COMMAND LINE ARGUMENTS:
D:\Unity\2021.2.8f1\Editor\Unity.exe
-adb2
-batchMode
-noUpm
-name
AssetImportWorker0
-projectPath
C:/Users/GOD/Desktop/Terrain
-logFile
Logs/AssetImportWorker0.log
-srvPort
50873
Successfully changed project path to: C:/Users/GOD/Desktop/Terrain
C:/Users/GOD/Desktop/Terrain
[UnityMemory] Configuration Parameters - Can be set up in boot.config
    "memorysetup-bucket-allocator-granularity=16"
    "memorysetup-bucket-allocator-bucket-count=8"
    "memorysetup-bucket-allocator-block-size=33554432"
    "memorysetup-bucket-allocator-block-count=8"
    "memorysetup-main-allocator-block-size=16777216"
    "memorysetup-thread-allocator-block-size=16777216"
    "memorysetup-gfx-main-allocator-block-size=16777216"
    "memorysetup-gfx-thread-allocator-block-size=16777216"
    "memorysetup-cache-allocator-block-size=4194304"
    "memorysetup-typetree-allocator-block-size=2097152"
    "memorysetup-profiler-bucket-allocator-granularity=16"
    "memorysetup-profiler-bucket-allocator-bucket-count=8"
    "memorysetup-profiler-bucket-allocator-block-size=33554432"
    "memorysetup-profiler-bucket-allocator-block-count=8"
    "memorysetup-profiler-allocator-block-size=16777216"
    "memorysetup-profiler-editor-allocator-block-size=1048576"
    "memorysetup-temp-allocator-size-main=16777216"
    "memorysetup-job-temp-allocator-block-size=2097152"
    "memorysetup-job-temp-allocator-block-size-background=1048576"
    "memorysetup-job-temp-allocator-reduction-small-platforms=262144"
    "memorysetup-temp-allocator-size-background-worker=32768"
    "memorysetup-temp-allocator-size-job-worker=262144"
    "memorysetup-temp-allocator-size-preload-manager=33554432"
    "memorysetup-temp-allocator-size-nav-mesh-worker=65536"
    "memorysetup-temp-allocator-size-audio-worker=65536"
    "memorysetup-temp-allocator-size-cloud-worker=32768"
    "memorysetup-temp-allocator-size-gi-baking-worker=262144"
    "memorysetup-temp-allocator-size-gfx=262144"
Refreshing native plugins compatible for Editor in 90.92 ms, found 2 plugins.
Preloading 0 native plugins for Editor in 0.00 ms.
Initialize engine version: 2021.2.8f1 (d0e5f0a7b06a)
[Subsystems] Discovering subsystems at path D:/Unity/2021.2.8f1/Editor/Data/Resources/UnitySubsystems
[Subsystems] Discovering subsystems at path C:/Users/GOD/Desktop/Terrain/Assets
GfxDevice: creating device client; threaded=0; jobified=0
Direct3D:
    Version:  Direct3D 11.0 [level 11.1]
    Renderer: NVIDIA GeForce RTX 2060 SUPER (ID=0x1f06)
    Vendor:   NVIDIA
    VRAM:     8031 MB
    Driver:   30.0.14.9676
Initialize mono
Mono path[0] = 'D:/Unity/2021.2.8f1/Editor/Data/Managed'
Mono path[1] = 'D:/Unity/2021.2.8f1/Editor/Data/MonoBleedingEdge/lib/mono/unityjit-win32'
Mono config path = 'D:/Unity/2021.2.8f1/Editor/Data/MonoBleedingEdge/etc'
Using monoOptions --debugger-agent=transport=dt_socket,embedding=1,server=y,suspend=n,address=127.0.0.1:56428
Begin MonoManager ReloadAssembly
Registering precompiled unity dll's ...
Register platform support module: D:/Unity/2021.2.8f1/Editor/Data/PlaybackEngines/WindowsStandaloneSupport/UnityEditor.WindowsStandalone.Extensions.dll
Registered in 0.002891 seconds.
Native extension for WindowsStandalone target not found
Refreshing native plugins compatible for Editor in 84.88 ms, found 2 plugins.
Preloading 0 native plugins for Editor in 0.00 ms.
Mono: successfully reloaded assembly
- Completed reload, in  0.609 seconds
Domain Reload Profiling:
	ReloadAssembly (609ms)
		BeginReloadAssembly (84ms)
			ExecutionOrderSort (0ms)
			DisableScriptedObjects (0ms)
			BackupInstance (0ms)
			ReleaseScriptingObjects (0ms)
			CreateAndSetChildDomain (1ms)
		EndReloadAssembly (452ms)
			LoadAssemblies (84ms)
			RebuildTransferFunctionScriptingTraits (0ms)
			SetupTypeCache (110ms)
			ReleaseScriptCaches (0ms)
			RebuildScriptCaches (26ms)
			SetupLoadedEditorAssemblies (266ms)
				LogAssemblyErrors (0ms)
				InitializePlatformSupportModulesInManaged (14ms)
				SetLoadedEditorAssemblies (0ms)
				RefreshPlugins (85ms)
				BeforeProcessingInitializeOnLoad (1ms)
				ProcessInitializeOnLoadAttributes (121ms)
				ProcessInitializeOnLoadMethodAttributes (45ms)
				AfterProcessingInitializeOnLoad (0ms)
				EditorAssembliesLoaded (0ms)
			ExecutionOrderSort2 (0ms)
			AwakeInstancesAfterBackupRestoration (0ms)
Platform modules already initialized, skipping
Registering precompiled user dll's ...
Registered in 0.007570 seconds.
Begin MonoManager ReloadAssembly
Native extension for WindowsStandalone target not found
Refreshing native plugins compatible for Editor in 93.78 ms, found 2 plugins.
Preloading 0 native plugins for Editor in 0.00 ms.
Mono: successfully reloaded assembly
- Completed reload, in  1.900 seconds
Domain Reload Profiling:
	ReloadAssembly (1901ms)
		BeginReloadAssembly (256ms)
			ExecutionOrderSort (0ms)
			DisableScriptedObjects (5ms)
			BackupInstance (0ms)
			ReleaseScriptingObjects (0ms)
			CreateAndSetChildDomain (50ms)
		EndReloadAssembly (1538ms)
			LoadAssemblies (195ms)
			RebuildTransferFunctionScriptingTraits (0ms)
			SetupTypeCache (280ms)
			ReleaseScriptCaches (1ms)
			RebuildScriptCaches (82ms)
			SetupLoadedEditorAssemblies (1048ms)
				LogAssemblyErrors (0ms)
				InitializePlatformSupportModulesInManaged (10ms)
				SetLoadedEditorAssemblies (0ms)
				RefreshPlugins (94ms)
				BeforeProcessingInitializeOnLoad (87ms)
				ProcessInitializeOnLoadAttributes (807ms)
				ProcessInitializeOnLoadMethodAttributes (46ms)
				AfterProcessingInitializeOnLoad (3ms)
				EditorAssembliesLoaded (0ms)
			ExecutionOrderSort2 (0ms)
			AwakeInstancesAfterBackupRestoration (6ms)
Platform modules already initialized, skipping
========================================================================
Worker process is ready to serve import requests
Launched and connected shader compiler UnityShaderCompiler.exe after 0.08 seconds
Refreshing native plugins compatible for Editor in 1.25 ms, found 2 plugins.
Preloading 0 native plugins for Editor in 0.00 ms.
Unloading 4777 Unused Serialized files (Serialized files now loaded: 0)
Unloading 80 unused Assets / (6.1 MB). Loaded Objects now: 5249.
Memory consumption went from 346.3 MB to 340.2 MB.
Total: 4.450800 ms (FindLiveObjects: 0.459100 ms CreateObjectMapping: 0.371600 ms MarkObjects: 2.656000 ms  DeleteObjects: 0.962700 ms)

AssetImportParameters requested are different than current active one (requested -> active):
  custom:video-decoder-ogg-theora: a1e56fd34408186e4bbccfd4996cb3dc -> 
  custom:container-muxer-webm: aa71ff27fc2769a1b78a27578f13a17b -> 
  custom:container-demuxer-webm: 4f35f7cbe854078d1ac9338744f61a02 -> 
  custom:video-encoder-webm-vp8: eb34c28f22e8b96e1ab97ce403110664 -> 
  custom:audio-encoder-webm-vorbis: bf7c407c2cedff20999df2af8eb42d56 -> 
  custom:framework-win-MediaFoundation: 216162199b28c13a410421893ffa2e32 -> 
  custom:container-demuxer-ogg: 62fdf1f143b41e24485cea50d1cbac27 -> 
  custom:video-decoder-webm-vp8: 9c59270c3fd7afecdb556c50c9e8de78 -> 
  custom:audio-decoder-ogg-vorbis: bf7c407c2cedff20999df2af8eb42d56 -> 
========================================================================
Received Import Request.
  Time since last request: 132224.510995 seconds.
  path: Assets/AA/Prefabs/Cube.prefab
  artifactKey: Guid(cb18f15099027a74c8aae41a165f5dc5) Importer(815301076,1909f56bfc062723c751e8b465ee728b)
Start importing Assets/AA/Prefabs/Cube.prefab using Guid(cb18f15099027a74c8aae41a165f5dc5) Importer(815301076,1909f56bfc062723c751e8b465ee728b)  -> (artifact id: 'cc66944574c02aea22d8d1c8670b1c15') in 0.846625 seconds 
========================================================================
Received Import Request.
  Time since last request: 0.000045 seconds.
  path: Assets/AA/Prefabs/targetUI.prefab
  artifactKey: Guid(c45aa95978c1dc8438ac09ca16855704) Importer(815301076,1909f56bfc062723c751e8b465ee728b)
Start importing Assets/AA/Prefabs/targetUI.prefab using Guid(c45aa95978c1dc8438ac09ca16855704) Importer(815301076,1909f56bfc062723c751e8b465ee728b)  -> (artifact id: 'd354f9e4ea97ee784a7bbf39217bc015') in 0.013874 seconds 
========================================================================
Received Import Request.
  Time since last request: 0.000037 seconds.
  path: Assets/AA/Prefabs/Crab(Error).prefab
  artifactKey: Guid(dcd5302670fcad34fb588d725d862945) Importer(815301076,1909f56bfc062723c751e8b465ee728b)
Start importing Assets/AA/Prefabs/Crab(Error).prefab using Guid(dcd5302670fcad34fb588d725d862945) Importer(815301076,1909f56bfc062723c751e8b465ee728b)  -> (artifact id: 'bb20bccf448ce982bb04bcacb55c6cc0') in 0.161534 seconds 
========================================================================
Received Import Request.
  Time since last request: 0.000029 seconds.
  path: Assets/AA/Prefabs/Scorpion.prefab
  artifactKey: Guid(c0129b358dce1694e9b8ef9de81a4d66) Importer(815301076,1909f56bfc062723c751e8b465ee728b)
Start importing Assets/AA/Prefabs/Scorpion.prefab using Guid(c0129b358dce1694e9b8ef9de81a4d66) Importer(815301076,1909f56bfc062723c751e8b465ee728b)  -> (artifact id: 'dac1697ad230236a1cbe9bf4614c5317') in 0.211234 seconds 
========================================================================
Received Import Request.
  Time since last request: 0.000038 seconds.
  path: Assets/AA/Prefabs/MissionTager.prefab
  artifactKey: Guid(c0c7becdbeb36854fbfe093c5e054561) Importer(815301076,1909f56bfc062723c751e8b465ee728b)
Start importing Assets/AA/Prefabs/MissionTager.prefab using Guid(c0c7becdbeb36854fbfe093c5e054561) Importer(815301076,1909f56bfc062723c751e8b465ee728b)  -> (artifact id: 'a11ab027553116ff6f273702aaf0e6d0') in 0.020381 seconds 
========================================================================
Received Import Request.
  Time since last request: 0.000044 seconds.
  path: Assets/AA/Prefabs/POPP.prefab
  artifactKey: Guid(d5e87e674587f7743b1e19bdedabbda3) Importer(815301076,1909f56bfc062723c751e8b465ee728b)
Start importing Assets/AA/Prefabs/POPP.prefab using Guid(d5e87e674587f7743b1e19bdedabbda3) Importer(815301076,1909f56bfc062723c751e8b465ee728b)  -> (artifact id: '6f2d87f3331e8ed756cbffe6d26a97f8') in 0.499745 seconds 
========================================================================
Received Import Request.
  Time since last request: 0.000039 seconds.
  path: Assets/AA/Prefabs/NPC_Guard.prefab
  artifactKey: Guid(32e64f2c46e35e24cb3a145b48e91828) Importer(815301076,1909f56bfc062723c751e8b465ee728b)
Start importing Assets/AA/Prefabs/NPC_Guard.prefab using Guid(32e64f2c46e35e24cb3a145b48e91828) Importer(815301076,1909f56bfc062723c751e8b465ee728b)  -> (artifact id: 'f4d399953e85977d024dd7f3f05093ba') in 0.193106 seconds 
========================================================================
Received Import Request.
  Time since last request: 0.000082 seconds.
  path: Assets/AA/Prefabs/Crab.prefab
  artifactKey: Guid(39a47cf5bbe7cec4cbd2df29e20cb2c1) Importer(815301076,1909f56bfc062723c751e8b465ee728b)
Start importing Assets/AA/Prefabs/Crab.prefab using Guid(39a47cf5bbe7cec4cbd2df29e20cb2c1) Importer(815301076,1909f56bfc062723c751e8b465ee728b)  -> (artifact id: '10245617034cacb2c867759220401077') in 0.069931 seconds 
========================================================================
Received Import Request.
  Time since last request: 0.000040 seconds.
  path: Assets/AA/Prefabs/BloodCanvas.prefab
  artifactKey: Guid(2cc434fb5b7af434fb338cccc3d15df1) Importer(815301076,1909f56bfc062723c751e8b465ee728b)
Start importing Assets/AA/Prefabs/BloodCanvas.prefab using Guid(2cc434fb5b7af434fb338cccc3d15df1) Importer(815301076,1909f56bfc062723c751e8b465ee728b)  -> (artifact id: 'f275942881bcac29a754051ab7e0959f') in 0.014442 seconds 
========================================================================
Received Import Request.
  Time since last request: 172.194797 seconds.
  path: Assets/FBX AND TEXTURE/Water Tower
  artifactKey: Guid(0a1d975c35afeed41a1f4173e6f85700) Importer(815301076,1909f56bfc062723c751e8b465ee728b)
Start importing Assets/FBX AND TEXTURE/Water Tower using Guid(0a1d975c35afeed41a1f4173e6f85700) Importer(815301076,1909f56bfc062723c751e8b465ee728b)  -> (artifact id: '739e5347194216f07196254d5370a49c') in 0.006798 seconds 
========================================================================
Received Import Request.
  Time since last request: 0.977334 seconds.
  path: Assets/FBX AND TEXTURE/WatchTower
  artifactKey: Guid(dc5a9684238a52c4c9d5a5cd663cb4ae) Importer(815301076,1909f56bfc062723c751e8b465ee728b)
Start importing Assets/FBX AND TEXTURE/WatchTower using Guid(dc5a9684238a52c4c9d5a5cd663cb4ae) Importer(815301076,1909f56bfc062723c751e8b465ee728b)  -> (artifact id: '7ecb2ce637fb7b0e20feb1f28d1c2360') in 0.005432 seconds 
========================================================================
Received Import Request.
  Time since last request: 0.051057 seconds.
  path: Assets/FBX AND TEXTURE/WatchTower/WatchTower_TT_checker_2048x2048_UV_GRID_BaseMap.png
  artifactKey: Guid(e97044f63485f484b821a221599030bb) Importer(815301076,1909f56bfc062723c751e8b465ee728b)
Start importing Assets/FBX AND TEXTURE/WatchTower/WatchTower_TT_checker_2048x2048_UV_GRID_BaseMap.png using Guid(e97044f63485f484b821a221599030bb) Importer(815301076,1909f56bfc062723c751e8b465ee728b)  -> (artifact id: '84fa7d6aa69e0bc658b25b12daf947a5') in 0.075460 seconds 
========================================================================
Received Import Request.
  Time since last request: 0.000058 seconds.
  path: Assets/FBX AND TEXTURE/WatchTower/WatchTower_TT_checker_2048x2048_UV_GRID_Normal.png
  artifactKey: Guid(b8dd2517f7f3a1947aa48b773758f6d5) Importer(815301076,1909f56bfc062723c751e8b465ee728b)
Start importing Assets/FBX AND TEXTURE/WatchTower/WatchTower_TT_checker_2048x2048_UV_GRID_Normal.png using Guid(b8dd2517f7f3a1947aa48b773758f6d5) Importer(815301076,1909f56bfc062723c751e8b465ee728b)  -> (artifact id: 'c6a7674ec22fb9ccf4501c2db6ae4d2d') in 0.033034 seconds 
========================================================================
Received Import Request.
  Time since last request: 0.000067 seconds.
  path: Assets/FBX AND TEXTURE/WatchTower/WatchTower_TT_checker_2048x2048_UV_GRID_Emissive.png
  artifactKey: Guid(768e1050b9dc11f45bebd8bf7ee1f61c) Importer(815301076,1909f56bfc062723c751e8b465ee728b)
Start importing Assets/FBX AND TEXTURE/WatchTower/WatchTower_TT_checker_2048x2048_UV_GRID_Emissive.png using Guid(768e1050b9dc11f45bebd8bf7ee1f61c) Importer(815301076,1909f56bfc062723c751e8b465ee728b)  -> (artifact id: '1daa974675ec7344f766189495c4f74b') in 0.035631 seconds 
========================================================================
Received Import Request.
  Time since last request: 0.000046 seconds.
  path: Assets/FBX AND TEXTURE/WatchTower/WatchTower_TT_checker_2048x2048_UV_GRID_MaskMap.png
  artifactKey: Guid(cc3ccec561270a440873c07172d4f4dd) Importer(815301076,1909f56bfc062723c751e8b465ee728b)
Start importing Assets/FBX AND TEXTURE/WatchTower/WatchTower_TT_checker_2048x2048_UV_GRID_MaskMap.png using Guid(cc3ccec561270a440873c07172d4f4dd) Importer(815301076,1909f56bfc062723c751e8b465ee728b)  -> (artifact id: 'e4356f722bdf4f829a04eb1936691ad8') in 0.027031 seconds 
========================================================================
Received Import Request.
  Time since last request: 5.551225 seconds.
  path: Assets/FBX AND TEXTURE/WatchTower/New Material.mat
  artifactKey: Guid(58654906601e0494b97f88c8a81ceff5) Importer(815301076,1909f56bfc062723c751e8b465ee728b)
Start importing Assets/FBX AND TEXTURE/WatchTower/New Material.mat using Guid(58654906601e0494b97f88c8a81ceff5) Importer(815301076,1909f56bfc062723c751e8b465ee728b)  -> (artifact id: '68e3a1395159beec14575ad9ed7a8817') in 0.037053 seconds 
========================================================================
Received Import Request.
  Time since last request: 4.133872 seconds.
  path: Assets/FBX AND TEXTURE/WatchTower/WatchTower_TT_checker_2048x2048_UV_GRID_Normal.png
  artifactKey: Guid(b8dd2517f7f3a1947aa48b773758f6d5) Importer(815301076,1909f56bfc062723c751e8b465ee728b)
Start importing Assets/FBX AND TEXTURE/WatchTower/WatchTower_TT_checker_2048x2048_UV_GRID_Normal.png using Guid(b8dd2517f7f3a1947aa48b773758f6d5) Importer(815301076,1909f56bfc062723c751e8b465ee728b)  -> (artifact id: '40502dce1f0bbfb501cd8949f9d70bc6') in 0.016318 seconds 
========================================================================
Received Import Request.
  Time since last request: 99.807403 seconds.
  path: Assets/FBX AND TEXTURE/Water Tower/New Material.mat
  artifactKey: Guid(91fc0a3fab6286e48bb17618840d3baf) Importer(815301076,1909f56bfc062723c751e8b465ee728b)
Start importing Assets/FBX AND TEXTURE/Water Tower/New Material.mat using Guid(91fc0a3fab6286e48bb17618840d3baf) Importer(815301076,1909f56bfc062723c751e8b465ee728b)  -> (artifact id: '3f32b55f7f58c29705ba40f9f96de461') in 0.038433 seconds 
========================================================================
Received Import Request.
  Time since last request: 0.000033 seconds.
  path: Assets/FBX AND TEXTURE/Water Tower/Water_Tower_TT_checker_2048x2048_UV_GRID_MaskMap.png
  artifactKey: Guid(329b8eb230b242845a317c4ae923c056) Importer(815301076,1909f56bfc062723c751e8b465ee728b)
Start importing Assets/FBX AND TEXTURE/Water Tower/Water_Tower_TT_checker_2048x2048_UV_GRID_MaskMap.png using Guid(329b8eb230b242845a317c4ae923c056) Importer(815301076,1909f56bfc062723c751e8b465ee728b)  -> (artifact id: 'b9f062822070cc13c08e956c5978c2e6') in 0.039786 seconds 
========================================================================
Received Import Request.
  Time since last request: 0.000033 seconds.
  path: Assets/FBX AND TEXTURE/Water Tower/Water_Tower_TT_checker_2048x2048_UV_GRID_Emissive.png
  artifactKey: Guid(3436952700839da4386bd7e6b3027cc8) Importer(815301076,1909f56bfc062723c751e8b465ee728b)
Start importing Assets/FBX AND TEXTURE/Water Tower/Water_Tower_TT_checker_2048x2048_UV_GRID_Emissive.png using Guid(3436952700839da4386bd7e6b3027cc8) Importer(815301076,1909f56bfc062723c751e8b465ee728b)  -> (artifact id: '86fb02fab31d50e90610f14241b084c7') in 0.013837 seconds 
========================================================================
Received Import Request.
  Time since last request: 0.000132 seconds.
  path: Assets/FBX AND TEXTURE/Water Tower/Water_Tower.fbx
  artifactKey: Guid(11b9b1f29fb3120469dbc0a31c9f3b88) Importer(815301076,1909f56bfc062723c751e8b465ee728b)
Start importing Assets/FBX AND TEXTURE/Water Tower/Water_Tower.fbx using Guid(11b9b1f29fb3120469dbc0a31c9f3b88) Importer(815301076,1909f56bfc062723c751e8b465ee728b)  -> (artifact id: 'b29199cc43061d240e2d85df7cb076cd') in 0.057066 seconds 
========================================================================
Received Import Request.
  Time since last request: 0.000034 seconds.
  path: Assets/FBX AND TEXTURE/Water Tower/Water_Tower_TT_checker_2048x2048_UV_GRID_BaseMap.png
  artifactKey: Guid(13cd24620e280134683aa27ce3a9dc99) Importer(815301076,1909f56bfc062723c751e8b465ee728b)
Start importing Assets/FBX AND TEXTURE/Water Tower/Water_Tower_TT_checker_2048x2048_UV_GRID_BaseMap.png using Guid(13cd24620e280134683aa27ce3a9dc99) Importer(815301076,1909f56bfc062723c751e8b465ee728b)  -> (artifact id: 'b32617e5a784ddfd36da7651c08364b9') in 0.015958 seconds 
========================================================================
Received Import Request.
  Time since last request: 0.000035 seconds.
  path: Assets/FBX AND TEXTURE/Water Tower/Water_Tower_TT_checker_2048x2048_UV_GRID_Normal.png
  artifactKey: Guid(120319b449a99b344bd96040ab06aa88) Importer(815301076,1909f56bfc062723c751e8b465ee728b)
Start importing Assets/FBX AND TEXTURE/Water Tower/Water_Tower_TT_checker_2048x2048_UV_GRID_Normal.png using Guid(120319b449a99b344bd96040ab06aa88) Importer(815301076,1909f56bfc062723c751e8b465ee728b)  -> (artifact id: 'dfc22438e56db34e01c7c18e787c8145') in 0.020607 seconds 
========================================================================
Received Import Request.
  Time since last request: 12.268495 seconds.
  path: Assets/FBX AND TEXTURE/WatchTower/WatchTower.fbx
  artifactKey: Guid(faaa79a8ccd761d4f98eb319fc8525c5) Importer(815301076,1909f56bfc062723c751e8b465ee728b)
Start importing Assets/FBX AND TEXTURE/WatchTower/WatchTower.fbx using Guid(faaa79a8ccd761d4f98eb319fc8525c5) Importer(815301076,1909f56bfc062723c751e8b465ee728b)  -> (artifact id: 'a4ed56364e89d713086fbb90b51fc484') in 0.164922 seconds 
========================================================================
Received Import Request.
  Time since last request: 50.961855 seconds.
  path: Assets/WatchTower.fbx
  artifactKey: Guid(faaa79a8ccd761d4f98eb319fc8525c5) Importer(815301076,1909f56bfc062723c751e8b465ee728b)
Start importing Assets/WatchTower.fbx using Guid(faaa79a8ccd761d4f98eb319fc8525c5) Importer(815301076,1909f56bfc062723c751e8b465ee728b)  -> (artifact id: '66a9c0b4da8744cb381e99f54e48e12a') in 0.168246 seconds 
========================================================================
Received Import Request.
  Time since last request: 46.635506 seconds.
  path: Assets/WatchTower.fbx
  artifactKey: Guid(b83fdf44f74ae754ca43952ead177480) Importer(815301076,1909f56bfc062723c751e8b465ee728b)
Start importing Assets/WatchTower.fbx using Guid(b83fdf44f74ae754ca43952ead177480) Importer(815301076,1909f56bfc062723c751e8b465ee728b)  -> (artifact id: '8eceb7a86c8e59d8d5862edba6227c48') in 0.140428 seconds 
