Using pre-set license
Built from '2021.2/staging' branch; Version is '2021.2.8f1 (d0e5f0a7b06a) revision 13690352'; Using compiler version '192829333'; Build Type 'Release'
OS: 'Windows 10  (10.0.19044) 64bit Core' Language: 'zh' Physical Memory: 8103 MB
BatchMode: 1, IsHumanControllingUs: 0, StartBugReporterOnCrash: 0, Is64bit: 1, IsPro: 0

COMMAND LINE ARGUMENTS:
C:\Program Files\Unity\Hub\Editor\2021.2.8f1\Editor\Unity.exe
-adb2
-batchMode
-noUpm
-name
AssetImportWorker3
-projectPath
J:/QWQ
-logFile
Logs/AssetImportWorker3.log
-srvPort
51453
Successfully changed project path to: J:/QWQ
J:/QWQ
[UnityMemory] Configuration Parameters - Can be set up in boot.config
    "memorysetup-bucket-allocator-granularity=16"
    "memorysetup-bucket-allocator-bucket-count=8"
    "memorysetup-bucket-allocator-block-size=33554432"
    "memorysetup-bucket-allocator-block-count=8"
    "memorysetup-main-allocator-block-size=16777216"
    "memorysetup-thread-allocator-block-size=16777216"
    "memorysetup-gfx-main-allocator-block-size=16777216"
    "memorysetup-gfx-thread-allocator-block-size=16777216"
    "memorysetup-cache-allocator-block-size=4194304"
    "memorysetup-typetree-allocator-block-size=2097152"
    "memorysetup-profiler-bucket-allocator-granularity=16"
    "memorysetup-profiler-bucket-allocator-bucket-count=8"
    "memorysetup-profiler-bucket-allocator-block-size=33554432"
    "memorysetup-profiler-bucket-allocator-block-count=8"
    "memorysetup-profiler-allocator-block-size=16777216"
    "memorysetup-profiler-editor-allocator-block-size=1048576"
    "memorysetup-temp-allocator-size-main=16777216"
    "memorysetup-job-temp-allocator-block-size=2097152"
    "memorysetup-job-temp-allocator-block-size-background=1048576"
    "memorysetup-job-temp-allocator-reduction-small-platforms=262144"
    "memorysetup-temp-allocator-size-background-worker=32768"
    "memorysetup-temp-allocator-size-job-worker=262144"
    "memorysetup-temp-allocator-size-preload-manager=33554432"
    "memorysetup-temp-allocator-size-nav-mesh-worker=65536"
    "memorysetup-temp-allocator-size-audio-worker=65536"
    "memorysetup-temp-allocator-size-cloud-worker=32768"
    "memorysetup-temp-allocator-size-gi-baking-worker=262144"
    "memorysetup-temp-allocator-size-gfx=262144"
Refreshing native plugins compatible for Editor in 129.10 ms, found 2 plugins.
Preloading 0 native plugins for Editor in 0.00 ms.
Initialize engine version: 2021.2.8f1 (d0e5f0a7b06a)
[Subsystems] Discovering subsystems at path C:/Program Files/Unity/Hub/Editor/2021.2.8f1/Editor/Data/Resources/UnitySubsystems
[Subsystems] Discovering subsystems at path J:/QWQ/Assets
GfxDevice: creating device client; threaded=0; jobified=0
Direct3D:
    Version:  Direct3D 11.0 [level 11.1]
    Renderer: AMD Radeon (TM) R9 380 Series (ID=0x6939)
    Vendor:   ATI
    VRAM:     2022 MB
    Driver:   27.20.20903.8001
Initialize mono
Mono path[0] = 'C:/Program Files/Unity/Hub/Editor/2021.2.8f1/Editor/Data/Managed'
Mono path[1] = 'C:/Program Files/Unity/Hub/Editor/2021.2.8f1/Editor/Data/MonoBleedingEdge/lib/mono/unityjit-win32'
Mono config path = 'C:/Program Files/Unity/Hub/Editor/2021.2.8f1/Editor/Data/MonoBleedingEdge/etc'
Using monoOptions --debugger-agent=transport=dt_socket,embedding=1,server=y,suspend=n,address=127.0.0.1:56036
Begin MonoManager ReloadAssembly
Registering precompiled unity dll's ...
Register platform support module: C:/Program Files/Unity/Hub/Editor/2021.2.8f1/Editor/Data/PlaybackEngines/WindowsStandaloneSupport/UnityEditor.WindowsStandalone.Extensions.dll
Registered in 0.024119 seconds.
Native extension for WindowsStandalone target not found
Refreshing native plugins compatible for Editor in 118.08 ms, found 2 plugins.
Preloading 0 native plugins for Editor in 0.00 ms.
Mono: successfully reloaded assembly
- Completed reload, in  0.946 seconds
Domain Reload Profiling:
	ReloadAssembly (946ms)
		BeginReloadAssembly (151ms)
			ExecutionOrderSort (0ms)
			DisableScriptedObjects (0ms)
			BackupInstance (0ms)
			ReleaseScriptingObjects (0ms)
			CreateAndSetChildDomain (1ms)
		EndReloadAssembly (645ms)
			LoadAssemblies (147ms)
			RebuildTransferFunctionScriptingTraits (0ms)
			SetupTypeCache (185ms)
			ReleaseScriptCaches (0ms)
			RebuildScriptCaches (33ms)
			SetupLoadedEditorAssemblies (355ms)
				LogAssemblyErrors (0ms)
				InitializePlatformSupportModulesInManaged (22ms)
				SetLoadedEditorAssemblies (0ms)
				RefreshPlugins (118ms)
				BeforeProcessingInitializeOnLoad (1ms)
				ProcessInitializeOnLoadAttributes (158ms)
				ProcessInitializeOnLoadMethodAttributes (55ms)
				AfterProcessingInitializeOnLoad (0ms)
				EditorAssembliesLoaded (0ms)
			ExecutionOrderSort2 (0ms)
			AwakeInstancesAfterBackupRestoration (0ms)
Platform modules already initialized, skipping
Registering precompiled user dll's ...
Registered in 0.005864 seconds.
Begin MonoManager ReloadAssembly
Native extension for WindowsStandalone target not found
Refreshing native plugins compatible for Editor in 205.87 ms, found 2 plugins.
Preloading 0 native plugins for Editor in 0.00 ms.
Mono: successfully reloaded assembly
- Completed reload, in  4.602 seconds
Domain Reload Profiling:
	ReloadAssembly (4603ms)
		BeginReloadAssembly (235ms)
			ExecutionOrderSort (0ms)
			DisableScriptedObjects (11ms)
			BackupInstance (0ms)
			ReleaseScriptingObjects (0ms)
			CreateAndSetChildDomain (39ms)
		EndReloadAssembly (4204ms)
			LoadAssemblies (183ms)
			RebuildTransferFunctionScriptingTraits (0ms)
			SetupTypeCache (669ms)
			ReleaseScriptCaches (1ms)
			RebuildScriptCaches (146ms)
			SetupLoadedEditorAssemblies (3127ms)
				LogAssemblyErrors (0ms)
				InitializePlatformSupportModulesInManaged (26ms)
				SetLoadedEditorAssemblies (0ms)
				RefreshPlugins (206ms)
				BeforeProcessingInitializeOnLoad (178ms)
				ProcessInitializeOnLoadAttributes (2537ms)
				ProcessInitializeOnLoadMethodAttributes (151ms)
				AfterProcessingInitializeOnLoad (29ms)
				EditorAssembliesLoaded (0ms)
			ExecutionOrderSort2 (0ms)
			AwakeInstancesAfterBackupRestoration (13ms)
Platform modules already initialized, skipping
========================================================================
Worker process is ready to serve import requests
Launched and connected shader compiler UnityShaderCompiler.exe after 0.20 seconds
Refreshing native plugins compatible for Editor in 1.19 ms, found 2 plugins.
Preloading 0 native plugins for Editor in 0.00 ms.
Unloading 4913 Unused Serialized files (Serialized files now loaded: 0)
Unloading 79 unused Assets / (6.1 MB). Loaded Objects now: 5376.
Memory consumption went from 276.0 MB to 269.9 MB.
Total: 9.936100 ms (FindLiveObjects: 0.872000 ms CreateObjectMapping: 1.153000 ms MarkObjects: 5.679700 ms  DeleteObjects: 2.229500 ms)

AssetImportParameters requested are different than current active one (requested -> active):
  custom:video-decoder-ogg-theora: a1e56fd34408186e4bbccfd4996cb3dc -> 
  custom:container-muxer-webm: aa71ff27fc2769a1b78a27578f13a17b -> 
  custom:container-demuxer-webm: 4f35f7cbe854078d1ac9338744f61a02 -> 
  custom:video-encoder-webm-vp8: eb34c28f22e8b96e1ab97ce403110664 -> 
  custom:audio-encoder-webm-vorbis: bf7c407c2cedff20999df2af8eb42d56 -> 
  custom:framework-win-MediaFoundation: 216162199b28c13a410421893ffa2e32 -> 
  custom:container-demuxer-ogg: 62fdf1f143b41e24485cea50d1cbac27 -> 
  custom:video-decoder-webm-vp8: 9c59270c3fd7afecdb556c50c9e8de78 -> 
  custom:audio-decoder-ogg-vorbis: bf7c407c2cedff20999df2af8eb42d56 -> 
========================================================================
Received Import Request.
  Time since last request: 733863.597909 seconds.
  path: Assets/AA/Prefabs/Bullet/Hit B1_B.prefab
  artifactKey: Guid(1a525002018361e46ac2e731770afee2) Importer(815301076,1909f56bfc062723c751e8b465ee728b)
Start importing Assets/AA/Prefabs/Bullet/Hit B1_B.prefab using Guid(1a525002018361e46ac2e731770afee2) Importer(815301076,1909f56bfc062723c751e8b465ee728b)  -> (artifact id: 'c3e020a0829204152edc0ad5df45576b') in 0.234482 seconds 
========================================================================
Received Import Request.
  Time since last request: 0.000037 seconds.
  path: Assets/Level2/FBX AND TEXTURE/Sentry/New Material.mat
  artifactKey: Guid(43588fb6aa063b94fa237144ba882abf) Importer(815301076,1909f56bfc062723c751e8b465ee728b)
Start importing Assets/Level2/FBX AND TEXTURE/Sentry/New Material.mat using Guid(43588fb6aa063b94fa237144ba882abf) Importer(815301076,1909f56bfc062723c751e8b465ee728b)  -> (artifact id: '1978def4eafdabcf651c61b7944b9e55') in 3.221308 seconds 
========================================================================
Received Import Request.
  Time since last request: 0.000053 seconds.
  path: Assets/AA/Prefabs/Bullet/Boss_Bullet.prefab
  artifactKey: Guid(dd3052da09ee28d4488ec657cb45da46) Importer(815301076,1909f56bfc062723c751e8b465ee728b)
Start importing Assets/AA/Prefabs/Bullet/Boss_Bullet.prefab using Guid(dd3052da09ee28d4488ec657cb45da46) Importer(815301076,1909f56bfc062723c751e8b465ee728b)  -> (artifact id: '34d36d7faea0bc6b05399f6976550088') in 0.447253 seconds 
========================================================================
Received Import Request.
  Time since last request: 49.671516 seconds.
  path: Assets/AA/ParticleEffect/Materials/B 2.mat
  artifactKey: Guid(a22423c0096c79942b3c477f1c2a013f) Importer(815301076,1909f56bfc062723c751e8b465ee728b)
Start importing Assets/AA/ParticleEffect/Materials/B 2.mat using Guid(a22423c0096c79942b3c477f1c2a013f) Importer(815301076,1909f56bfc062723c751e8b465ee728b)  -> (artifact id: '8f3997c953f537520eb665873e5246ab') in 0.257550 seconds 
========================================================================
Received Import Request.
  Time since last request: 146.087021 seconds.
  path: Assets/AA/Monster/BOSS 2/Textures/Gun/Boss2_Gun Material 1.mat
  artifactKey: Guid(a08f0c1cbfcdfda409d295df3fdc3d6d) Importer(815301076,1909f56bfc062723c751e8b465ee728b)
Start importing Assets/AA/Monster/BOSS 2/Textures/Gun/Boss2_Gun Material 1.mat using Guid(a08f0c1cbfcdfda409d295df3fdc3d6d) Importer(815301076,1909f56bfc062723c751e8b465ee728b)  -> (artifact id: '48b041aba4e439368a078c852e7fa5aa') in 0.432113 seconds 
========================================================================
Received Import Request.
  Time since last request: 234.161449 seconds.
  path: Assets/AA/Monster/BOSS 2/Textures/Gun/Boss2_Gun Material 1.mat
  artifactKey: Guid(a08f0c1cbfcdfda409d295df3fdc3d6d) Importer(815301076,1909f56bfc062723c751e8b465ee728b)
Start importing Assets/AA/Monster/BOSS 2/Textures/Gun/Boss2_Gun Material 1.mat using Guid(a08f0c1cbfcdfda409d295df3fdc3d6d) Importer(815301076,1909f56bfc062723c751e8b465ee728b)  -> (artifact id: 'f4b9be58f8da0f4d06fc589e3196e0c2') in 0.096832 seconds 
========================================================================
Received Prepare
Registering precompiled user dll's ...
Registered in 0.008603 seconds.
Begin MonoManager ReloadAssembly
Native extension for WindowsStandalone target not found
Refreshing native plugins compatible for Editor in 1.34 ms, found 2 plugins.
Preloading 0 native plugins for Editor in 0.00 ms.
Mono: successfully reloaded assembly
- Completed reload, in  2.218 seconds
Domain Reload Profiling:
	ReloadAssembly (2218ms)
		BeginReloadAssembly (294ms)
			ExecutionOrderSort (0ms)
			DisableScriptedObjects (58ms)
			BackupInstance (0ms)
			ReleaseScriptingObjects (0ms)
			CreateAndSetChildDomain (77ms)
		EndReloadAssembly (1741ms)
			LoadAssemblies (143ms)
			RebuildTransferFunctionScriptingTraits (0ms)
			SetupTypeCache (454ms)
			ReleaseScriptCaches (4ms)
			RebuildScriptCaches (147ms)
			SetupLoadedEditorAssemblies (821ms)
				LogAssemblyErrors (0ms)
				InitializePlatformSupportModulesInManaged (28ms)
				SetLoadedEditorAssemblies (1ms)
				RefreshPlugins (1ms)
				BeforeProcessingInitializeOnLoad (132ms)
				ProcessInitializeOnLoadAttributes (606ms)
				ProcessInitializeOnLoadMethodAttributes (40ms)
				AfterProcessingInitializeOnLoad (13ms)
				EditorAssembliesLoaded (0ms)
			ExecutionOrderSort2 (0ms)
			AwakeInstancesAfterBackupRestoration (12ms)
Platform modules already initialized, skipping
Refreshing native plugins compatible for Editor in 1.39 ms, found 2 plugins.
Preloading 0 native plugins for Editor in 0.00 ms.
Unloading 4551 Unused Serialized files (Serialized files now loaded: 0)
Unloading 65 unused Assets / (6.1 MB). Loaded Objects now: 5550.
Memory consumption went from 273.9 MB to 267.8 MB.
Total: 7.621700 ms (FindLiveObjects: 1.160500 ms CreateObjectMapping: 0.729300 ms MarkObjects: 4.441000 ms  DeleteObjects: 1.275900 ms)

AssetImportParameters requested are different than current active one (requested -> active):
  custom:video-decoder-ogg-theora: a1e56fd34408186e4bbccfd4996cb3dc -> 
  custom:container-muxer-webm: aa71ff27fc2769a1b78a27578f13a17b -> 
  custom:container-demuxer-webm: 4f35f7cbe854078d1ac9338744f61a02 -> 
  custom:video-encoder-webm-vp8: eb34c28f22e8b96e1ab97ce403110664 -> 
  custom:audio-encoder-webm-vorbis: bf7c407c2cedff20999df2af8eb42d56 -> 
  custom:framework-win-MediaFoundation: 216162199b28c13a410421893ffa2e32 -> 
  custom:container-demuxer-ogg: 62fdf1f143b41e24485cea50d1cbac27 -> 
  custom:video-decoder-webm-vp8: 9c59270c3fd7afecdb556c50c9e8de78 -> 
  custom:audio-decoder-ogg-vorbis: bf7c407c2cedff20999df2af8eb42d56 -> 
========================================================================
Received Import Request.
  Time since last request: 92.155378 seconds.
  path: Assets/AA/Monster/BOSS 2/Textures/Gun/Boss2_Gun Material.mat
  artifactKey: Guid(7ca419cfa93e0564ca2206717dfa2401) Importer(815301076,1909f56bfc062723c751e8b465ee728b)
Start importing Assets/AA/Monster/BOSS 2/Textures/Gun/Boss2_Gun Material.mat using Guid(7ca419cfa93e0564ca2206717dfa2401) Importer(815301076,1909f56bfc062723c751e8b465ee728b)  -> (artifact id: 'd1e0c6642aafe30940246e001eaae314') in 2.626744 seconds 
========================================================================
Received Prepare
Registering precompiled user dll's ...
Registered in 0.007859 seconds.
Begin MonoManager ReloadAssembly
Native extension for WindowsStandalone target not found
Refreshing native plugins compatible for Editor in 1.63 ms, found 2 plugins.
Preloading 0 native plugins for Editor in 0.00 ms.
Mono: successfully reloaded assembly
- Completed reload, in  4.159 seconds
Domain Reload Profiling:
	ReloadAssembly (4161ms)
		BeginReloadAssembly (780ms)
			ExecutionOrderSort (0ms)
			DisableScriptedObjects (114ms)
			BackupInstance (0ms)
			ReleaseScriptingObjects (1ms)
			CreateAndSetChildDomain (189ms)
		EndReloadAssembly (3060ms)
			LoadAssemblies (1744ms)
			RebuildTransferFunctionScriptingTraits (0ms)
			SetupTypeCache (372ms)
			ReleaseScriptCaches (3ms)
			RebuildScriptCaches (99ms)
			SetupLoadedEditorAssemblies (990ms)
				LogAssemblyErrors (0ms)
				InitializePlatformSupportModulesInManaged (45ms)
				SetLoadedEditorAssemblies (2ms)
				RefreshPlugins (2ms)
				BeforeProcessingInitializeOnLoad (122ms)
				ProcessInitializeOnLoadAttributes (758ms)
				ProcessInitializeOnLoadMethodAttributes (49ms)
				AfterProcessingInitializeOnLoad (12ms)
				EditorAssembliesLoaded (0ms)
			ExecutionOrderSort2 (0ms)
			AwakeInstancesAfterBackupRestoration (22ms)
Platform modules already initialized, skipping
Refreshing native plugins compatible for Editor in 2.13 ms, found 2 plugins.
Preloading 0 native plugins for Editor in 0.00 ms.
Unloading 4537 Unused Serialized files (Serialized files now loaded: 0)
Unloading 65 unused Assets / (6.1 MB). Loaded Objects now: 5658.
Memory consumption went from 273.5 MB to 267.4 MB.
Total: 10.622700 ms (FindLiveObjects: 0.764900 ms CreateObjectMapping: 0.605500 ms MarkObjects: 6.892800 ms  DeleteObjects: 2.353000 ms)

AssetImportParameters requested are different than current active one (requested -> active):
  custom:video-decoder-ogg-theora: a1e56fd34408186e4bbccfd4996cb3dc -> 
  custom:container-muxer-webm: aa71ff27fc2769a1b78a27578f13a17b -> 
  custom:container-demuxer-webm: 4f35f7cbe854078d1ac9338744f61a02 -> 
  custom:video-encoder-webm-vp8: eb34c28f22e8b96e1ab97ce403110664 -> 
  custom:audio-encoder-webm-vorbis: bf7c407c2cedff20999df2af8eb42d56 -> 
  custom:framework-win-MediaFoundation: 216162199b28c13a410421893ffa2e32 -> 
  custom:container-demuxer-ogg: 62fdf1f143b41e24485cea50d1cbac27 -> 
  custom:video-decoder-webm-vp8: 9c59270c3fd7afecdb556c50c9e8de78 -> 
  custom:audio-decoder-ogg-vorbis: bf7c407c2cedff20999df2af8eb42d56 -> 
========================================================================
Received Import Request.
  Time since last request: 1015.264704 seconds.
  path: Assets/AA/Monster/BOSS 2/Textures/Gun/Boss2_Gun Material 1.mat
  artifactKey: Guid(a08f0c1cbfcdfda409d295df3fdc3d6d) Importer(815301076,1909f56bfc062723c751e8b465ee728b)
Start importing Assets/AA/Monster/BOSS 2/Textures/Gun/Boss2_Gun Material 1.mat using Guid(a08f0c1cbfcdfda409d295df3fdc3d6d) Importer(815301076,1909f56bfc062723c751e8b465ee728b)  -> (artifact id: '9e8f3f43c2f412f64df9ddfe4ca78bde') in 2.460211 seconds 
========================================================================
Received Prepare
Registering precompiled user dll's ...
Registered in 0.005644 seconds.
Begin MonoManager ReloadAssembly
Native extension for WindowsStandalone target not found
Refreshing native plugins compatible for Editor in 4.82 ms, found 2 plugins.
Preloading 0 native plugins for Editor in 0.00 ms.
Mono: successfully reloaded assembly
- Completed reload, in  7.304 seconds
Domain Reload Profiling:
	ReloadAssembly (7305ms)
		BeginReloadAssembly (490ms)
			ExecutionOrderSort (0ms)
			DisableScriptedObjects (46ms)
			BackupInstance (0ms)
			ReleaseScriptingObjects (0ms)
			CreateAndSetChildDomain (126ms)
		EndReloadAssembly (6274ms)
			LoadAssemblies (3573ms)
			RebuildTransferFunctionScriptingTraits (0ms)
			SetupTypeCache (1025ms)
			ReleaseScriptCaches (12ms)
			RebuildScriptCaches (187ms)
			SetupLoadedEditorAssemblies (1372ms)
				LogAssemblyErrors (0ms)
				InitializePlatformSupportModulesInManaged (29ms)
				SetLoadedEditorAssemblies (1ms)
				RefreshPlugins (5ms)
				BeforeProcessingInitializeOnLoad (188ms)
				ProcessInitializeOnLoadAttributes (1084ms)
				ProcessInitializeOnLoadMethodAttributes (52ms)
				AfterProcessingInitializeOnLoad (13ms)
				EditorAssembliesLoaded (0ms)
			ExecutionOrderSort2 (0ms)
			AwakeInstancesAfterBackupRestoration (31ms)
Platform modules already initialized, skipping
Refreshing native plugins compatible for Editor in 2.72 ms, found 2 plugins.
Preloading 0 native plugins for Editor in 0.00 ms.
Unloading 4537 Unused Serialized files (Serialized files now loaded: 0)
Unloading 65 unused Assets / (6.1 MB). Loaded Objects now: 5766.
Memory consumption went from 273.6 MB to 267.5 MB.
Total: 11.171100 ms (FindLiveObjects: 0.864100 ms CreateObjectMapping: 0.914600 ms MarkObjects: 7.799600 ms  DeleteObjects: 1.587300 ms)

AssetImportParameters requested are different than current active one (requested -> active):
  custom:video-decoder-ogg-theora: a1e56fd34408186e4bbccfd4996cb3dc -> 
  custom:container-muxer-webm: aa71ff27fc2769a1b78a27578f13a17b -> 
  custom:container-demuxer-webm: 4f35f7cbe854078d1ac9338744f61a02 -> 
  custom:video-encoder-webm-vp8: eb34c28f22e8b96e1ab97ce403110664 -> 
  custom:audio-encoder-webm-vorbis: bf7c407c2cedff20999df2af8eb42d56 -> 
  custom:framework-win-MediaFoundation: 216162199b28c13a410421893ffa2e32 -> 
  custom:container-demuxer-ogg: 62fdf1f143b41e24485cea50d1cbac27 -> 
  custom:video-decoder-webm-vp8: 9c59270c3fd7afecdb556c50c9e8de78 -> 
  custom:audio-decoder-ogg-vorbis: bf7c407c2cedff20999df2af8eb42d56 -> 
========================================================================
Received Prepare
Registering precompiled user dll's ...
Registered in 0.005745 seconds.
Begin MonoManager ReloadAssembly
Native extension for WindowsStandalone target not found
Refreshing native plugins compatible for Editor in 3.15 ms, found 2 plugins.
Preloading 0 native plugins for Editor in 0.00 ms.
Mono: successfully reloaded assembly
- Completed reload, in  4.781 seconds
Domain Reload Profiling:
	ReloadAssembly (4783ms)
		BeginReloadAssembly (593ms)
			ExecutionOrderSort (0ms)
			DisableScriptedObjects (15ms)
			BackupInstance (0ms)
			ReleaseScriptingObjects (1ms)
			CreateAndSetChildDomain (130ms)
		EndReloadAssembly (3845ms)
			LoadAssemblies (1627ms)
			RebuildTransferFunctionScriptingTraits (0ms)
			SetupTypeCache (492ms)
			ReleaseScriptCaches (6ms)
			RebuildScriptCaches (210ms)
			SetupLoadedEditorAssemblies (1361ms)
				LogAssemblyErrors (0ms)
				InitializePlatformSupportModulesInManaged (31ms)
				SetLoadedEditorAssemblies (1ms)
				RefreshPlugins (3ms)
				BeforeProcessingInitializeOnLoad (258ms)
				ProcessInitializeOnLoadAttributes (982ms)
				ProcessInitializeOnLoadMethodAttributes (69ms)
				AfterProcessingInitializeOnLoad (16ms)
				EditorAssembliesLoaded (0ms)
			ExecutionOrderSort2 (0ms)
			AwakeInstancesAfterBackupRestoration (46ms)
Platform modules already initialized, skipping
Refreshing native plugins compatible for Editor in 2.09 ms, found 2 plugins.
Preloading 0 native plugins for Editor in 0.00 ms.
Unloading 4537 Unused Serialized files (Serialized files now loaded: 0)
Unloading 65 unused Assets / (6.1 MB). Loaded Objects now: 5769.
Memory consumption went from 273.4 MB to 267.3 MB.
Total: 11.497900 ms (FindLiveObjects: 0.651200 ms CreateObjectMapping: 1.556800 ms MarkObjects: 6.841000 ms  DeleteObjects: 2.446400 ms)

AssetImportParameters requested are different than current active one (requested -> active):
  custom:video-decoder-ogg-theora: a1e56fd34408186e4bbccfd4996cb3dc -> 
  custom:container-muxer-webm: aa71ff27fc2769a1b78a27578f13a17b -> 
  custom:container-demuxer-webm: 4f35f7cbe854078d1ac9338744f61a02 -> 
  custom:video-encoder-webm-vp8: eb34c28f22e8b96e1ab97ce403110664 -> 
  custom:audio-encoder-webm-vorbis: bf7c407c2cedff20999df2af8eb42d56 -> 
  custom:framework-win-MediaFoundation: 216162199b28c13a410421893ffa2e32 -> 
  custom:container-demuxer-ogg: 62fdf1f143b41e24485cea50d1cbac27 -> 
  custom:video-decoder-webm-vp8: 9c59270c3fd7afecdb556c50c9e8de78 -> 
  custom:audio-decoder-ogg-vorbis: bf7c407c2cedff20999df2af8eb42d56 -> 
========================================================================
Received Prepare
Registering precompiled user dll's ...
Registered in 0.126591 seconds.
Begin MonoManager ReloadAssembly
Native extension for WindowsStandalone target not found
Refreshing native plugins compatible for Editor in 1.30 ms, found 2 plugins.
Preloading 0 native plugins for Editor in 0.00 ms.
Mono: successfully reloaded assembly
- Completed reload, in  1.801 seconds
Domain Reload Profiling:
	ReloadAssembly (1802ms)
		BeginReloadAssembly (193ms)
			ExecutionOrderSort (0ms)
			DisableScriptedObjects (8ms)
			BackupInstance (0ms)
			ReleaseScriptingObjects (0ms)
			CreateAndSetChildDomain (53ms)
		EndReloadAssembly (1487ms)
			LoadAssemblies (108ms)
			RebuildTransferFunctionScriptingTraits (0ms)
			SetupTypeCache (325ms)
			ReleaseScriptCaches (3ms)
			RebuildScriptCaches (112ms)
			SetupLoadedEditorAssemblies (797ms)
				LogAssemblyErrors (0ms)
				InitializePlatformSupportModulesInManaged (16ms)
				SetLoadedEditorAssemblies (1ms)
				RefreshPlugins (1ms)
				BeforeProcessingInitializeOnLoad (125ms)
				ProcessInitializeOnLoadAttributes (591ms)
				ProcessInitializeOnLoadMethodAttributes (46ms)
				AfterProcessingInitializeOnLoad (16ms)
				EditorAssembliesLoaded (0ms)
			ExecutionOrderSort2 (0ms)
			AwakeInstancesAfterBackupRestoration (33ms)
Platform modules already initialized, skipping
Refreshing native plugins compatible for Editor in 1.20 ms, found 2 plugins.
Preloading 0 native plugins for Editor in 0.00 ms.
Unloading 4537 Unused Serialized files (Serialized files now loaded: 0)
Unloading 65 unused Assets / (6.1 MB). Loaded Objects now: 5772.
Memory consumption went from 273.5 MB to 267.4 MB.
Total: 6.296900 ms (FindLiveObjects: 0.493900 ms CreateObjectMapping: 0.478400 ms MarkObjects: 3.906500 ms  DeleteObjects: 1.416300 ms)

AssetImportParameters requested are different than current active one (requested -> active):
  custom:video-decoder-ogg-theora: a1e56fd34408186e4bbccfd4996cb3dc -> 
  custom:container-muxer-webm: aa71ff27fc2769a1b78a27578f13a17b -> 
  custom:container-demuxer-webm: 4f35f7cbe854078d1ac9338744f61a02 -> 
  custom:video-encoder-webm-vp8: eb34c28f22e8b96e1ab97ce403110664 -> 
  custom:audio-encoder-webm-vorbis: bf7c407c2cedff20999df2af8eb42d56 -> 
  custom:framework-win-MediaFoundation: 216162199b28c13a410421893ffa2e32 -> 
  custom:container-demuxer-ogg: 62fdf1f143b41e24485cea50d1cbac27 -> 
  custom:video-decoder-webm-vp8: 9c59270c3fd7afecdb556c50c9e8de78 -> 
  custom:audio-decoder-ogg-vorbis: bf7c407c2cedff20999df2af8eb42d56 -> 
========================================================================
Received Import Request.
  Time since last request: 274.254398 seconds.
  path: Assets/Animations/Object/MachineGunTurret.controller
  artifactKey: Guid(c234125f68f553649b4d240d8d93d1e3) Importer(815301076,1909f56bfc062723c751e8b465ee728b)
Start importing Assets/Animations/Object/MachineGunTurret.controller using Guid(c234125f68f553649b4d240d8d93d1e3) Importer(815301076,1909f56bfc062723c751e8b465ee728b)  -> (artifact id: '01523d53c2aefc7f7e69d1c73848a1cc') in 0.232139 seconds 
========================================================================
Received Prepare
Registering precompiled user dll's ...
Registered in 0.006051 seconds.
Begin MonoManager ReloadAssembly
Native extension for WindowsStandalone target not found
Refreshing native plugins compatible for Editor in 1.06 ms, found 2 plugins.
Preloading 0 native plugins for Editor in 0.00 ms.
Mono: successfully reloaded assembly
- Completed reload, in  1.938 seconds
Domain Reload Profiling:
	ReloadAssembly (1939ms)
		BeginReloadAssembly (203ms)
			ExecutionOrderSort (0ms)
			DisableScriptedObjects (9ms)
			BackupInstance (0ms)
			ReleaseScriptingObjects (0ms)
			CreateAndSetChildDomain (61ms)
		EndReloadAssembly (1597ms)
			LoadAssemblies (123ms)
			RebuildTransferFunctionScriptingTraits (0ms)
			SetupTypeCache (367ms)
			ReleaseScriptCaches (3ms)
			RebuildScriptCaches (124ms)
			SetupLoadedEditorAssemblies (837ms)
				LogAssemblyErrors (0ms)
				InitializePlatformSupportModulesInManaged (19ms)
				SetLoadedEditorAssemblies (1ms)
				RefreshPlugins (1ms)
				BeforeProcessingInitializeOnLoad (134ms)
				ProcessInitializeOnLoadAttributes (622ms)
				ProcessInitializeOnLoadMethodAttributes (45ms)
				AfterProcessingInitializeOnLoad (14ms)
				EditorAssembliesLoaded (0ms)
			ExecutionOrderSort2 (0ms)
			AwakeInstancesAfterBackupRestoration (28ms)
Platform modules already initialized, skipping
Refreshing native plugins compatible for Editor in 1.02 ms, found 2 plugins.
Preloading 0 native plugins for Editor in 0.00 ms.
Unloading 4537 Unused Serialized files (Serialized files now loaded: 0)
Unloading 65 unused Assets / (6.1 MB). Loaded Objects now: 5775.
Memory consumption went from 273.5 MB to 267.4 MB.
Total: 12.970700 ms (FindLiveObjects: 1.543400 ms CreateObjectMapping: 1.132100 ms MarkObjects: 8.931600 ms  DeleteObjects: 1.338600 ms)

AssetImportParameters requested are different than current active one (requested -> active):
  custom:video-decoder-ogg-theora: a1e56fd34408186e4bbccfd4996cb3dc -> 
  custom:container-muxer-webm: aa71ff27fc2769a1b78a27578f13a17b -> 
  custom:container-demuxer-webm: 4f35f7cbe854078d1ac9338744f61a02 -> 
  custom:video-encoder-webm-vp8: eb34c28f22e8b96e1ab97ce403110664 -> 
  custom:audio-encoder-webm-vorbis: bf7c407c2cedff20999df2af8eb42d56 -> 
  custom:framework-win-MediaFoundation: 216162199b28c13a410421893ffa2e32 -> 
  custom:container-demuxer-ogg: 62fdf1f143b41e24485cea50d1cbac27 -> 
  custom:video-decoder-webm-vp8: 9c59270c3fd7afecdb556c50c9e8de78 -> 
  custom:audio-decoder-ogg-vorbis: bf7c407c2cedff20999df2af8eb42d56 -> 
========================================================================
Received Import Request.
  Time since last request: 194.318796 seconds.
  path: Assets/Animations/Object/MachineGunTurret.controller
  artifactKey: Guid(c234125f68f553649b4d240d8d93d1e3) Importer(815301076,1909f56bfc062723c751e8b465ee728b)
Start importing Assets/Animations/Object/MachineGunTurret.controller using Guid(c234125f68f553649b4d240d8d93d1e3) Importer(815301076,1909f56bfc062723c751e8b465ee728b)  -> (artifact id: '74576ab23ac59406c1ae88bb16c6dfd3') in 0.088786 seconds 
========================================================================
Received Import Request.
  Time since last request: 112.416861 seconds.
  path: Assets/AA/Monster/BOSS 2/BOSS 2.controller
  artifactKey: Guid(67bfa0e0208d8f8409a322fd36862edb) Importer(815301076,1909f56bfc062723c751e8b465ee728b)
Start importing Assets/AA/Monster/BOSS 2/BOSS 2.controller using Guid(67bfa0e0208d8f8409a322fd36862edb) Importer(815301076,1909f56bfc062723c751e8b465ee728b)  -> (artifact id: 'f0d008747a0eb3e515d832573d8a8f0f') in 0.209862 seconds 
========================================================================
Received Import Request.
  Time since last request: 360.813160 seconds.
  path: Assets/FBX AND TEXTURE/Stage1 MainBuilding/Wall.top.Bottomside.Armrest/Mask.png
  artifactKey: Guid(1b1e8b062a2c34e408ea87ff0a63d93a) Importer(815301076,1909f56bfc062723c751e8b465ee728b)
Start importing Assets/FBX AND TEXTURE/Stage1 MainBuilding/Wall.top.Bottomside.Armrest/Mask.png using Guid(1b1e8b062a2c34e408ea87ff0a63d93a) Importer(815301076,1909f56bfc062723c751e8b465ee728b)  -> (artifact id: 'e33ea153302991ba8a51399b49af10bc') in 0.485960 seconds 
========================================================================
Received Import Request.
  Time since last request: 4.787226 seconds.
  path: Assets/FBX AND TEXTURE/BigCrystal/Green_Crystal/normal.png
  artifactKey: Guid(1c54130939b07e74997e146c82808ded) Importer(815301076,1909f56bfc062723c751e8b465ee728b)
Start importing Assets/FBX AND TEXTURE/BigCrystal/Green_Crystal/normal.png using Guid(1c54130939b07e74997e146c82808ded) Importer(815301076,1909f56bfc062723c751e8b465ee728b)  -> (artifact id: '0204208e285c743a2951f2248dbdc1c8') in 0.331235 seconds 
========================================================================
Received Import Request.
  Time since last request: 0.727908 seconds.
  path: Assets/FBX AND TEXTURE/Barrel/Normal.png
  artifactKey: Guid(0e8e3fc09872c3546acc1c8973c066d4) Importer(815301076,1909f56bfc062723c751e8b465ee728b)
Start importing Assets/FBX AND TEXTURE/Barrel/Normal.png using Guid(0e8e3fc09872c3546acc1c8973c066d4) Importer(815301076,1909f56bfc062723c751e8b465ee728b)  -> (artifact id: 'adbc5d6103acfa21f09debe32d66628f') in 0.318900 seconds 
========================================================================
Received Import Request.
  Time since last request: 0.000028 seconds.
  path: Assets/FBX AND TEXTURE/NeonBoard/NeonBoard_Material_BaseMap.png
  artifactKey: Guid(72b6832c46e9fcc4aa3a09b745bdef49) Importer(815301076,1909f56bfc062723c751e8b465ee728b)
Start importing Assets/FBX AND TEXTURE/NeonBoard/NeonBoard_Material_BaseMap.png using Guid(72b6832c46e9fcc4aa3a09b745bdef49) Importer(815301076,1909f56bfc062723c751e8b465ee728b)  -> (artifact id: '57f8d29ffaf269f738130fcac4fc69e8') in 0.237611 seconds 
========================================================================
Received Import Request.
  Time since last request: 1.761554 seconds.
  path: Assets/FBX AND TEXTURE/BigCrystal/Green_Crystal/emission.png
  artifactKey: Guid(568449ac68683f9449cf27b540d38a93) Importer(815301076,1909f56bfc062723c751e8b465ee728b)
Start importing Assets/FBX AND TEXTURE/BigCrystal/Green_Crystal/emission.png using Guid(568449ac68683f9449cf27b540d38a93) Importer(815301076,1909f56bfc062723c751e8b465ee728b)  -> (artifact id: 'b971688d8efc614db45aece63328a0dc') in 0.305080 seconds 
========================================================================
Received Import Request.
  Time since last request: 301.021445 seconds.
  path: Assets/FBX AND TEXTURE/Chair/Chair_TT_checker_2048x2048_UV_GRID_BaseMap.png
  artifactKey: Guid(8d536349ee546a64b9fcd6a223a7d667) Importer(815301076,1909f56bfc062723c751e8b465ee728b)
Start importing Assets/FBX AND TEXTURE/Chair/Chair_TT_checker_2048x2048_UV_GRID_BaseMap.png using Guid(8d536349ee546a64b9fcd6a223a7d667) Importer(815301076,1909f56bfc062723c751e8b465ee728b)  -> (artifact id: '96cf2b814e13846ec9bca88171b3ce03') in 0.194557 seconds 
========================================================================
Received Import Request.
  Time since last request: 0.000032 seconds.
  path: Assets/FBX AND TEXTURE/Chair/Chair_TT_checker_2048x2048_UV_GRID_Normal.png
  artifactKey: Guid(44fc10a49e27bed42b2dc528a9d85185) Importer(815301076,1909f56bfc062723c751e8b465ee728b)
Start importing Assets/FBX AND TEXTURE/Chair/Chair_TT_checker_2048x2048_UV_GRID_Normal.png using Guid(44fc10a49e27bed42b2dc528a9d85185) Importer(815301076,1909f56bfc062723c751e8b465ee728b)  -> (artifact id: '651858f15eb54c3c0140895fab82f685') in 0.267350 seconds 
========================================================================
Received Import Request.
  Time since last request: 0.000028 seconds.
  path: Assets/FBX AND TEXTURE/Chair/Chair_TT_checker_2048x2048_UV_GRID_MaskMap.png
  artifactKey: Guid(4c528c159d37e334b95c447dbd3e6300) Importer(815301076,1909f56bfc062723c751e8b465ee728b)
Start importing Assets/FBX AND TEXTURE/Chair/Chair_TT_checker_2048x2048_UV_GRID_MaskMap.png using Guid(4c528c159d37e334b95c447dbd3e6300) Importer(815301076,1909f56bfc062723c751e8b465ee728b)  -> (artifact id: '78086242cdaab24d5c6ac8cea37d52e3') in 0.315775 seconds 
========================================================================
Received Import Request.
  Time since last request: 47.359019 seconds.
  path: Assets/AA/Monster/BOSS 2/Textures/Gun/Boss2_Gun Material 1.mat
  artifactKey: Guid(a08f0c1cbfcdfda409d295df3fdc3d6d) Importer(815301076,1909f56bfc062723c751e8b465ee728b)
Start importing Assets/AA/Monster/BOSS 2/Textures/Gun/Boss2_Gun Material 1.mat using Guid(a08f0c1cbfcdfda409d295df3fdc3d6d) Importer(815301076,1909f56bfc062723c751e8b465ee728b)  -> (artifact id: 'c7947be56a856153838570d6cd8c3514') in 1.995000 seconds 
========================================================================
Received Import Request.
  Time since last request: 0.000050 seconds.
  path: Assets/AA/Monster/BOSS 2/Textures/Gun/Boss2_Gun Material 2.mat
  artifactKey: Guid(45ca5acf34286d04a8fd61c97e4b371e) Importer(815301076,1909f56bfc062723c751e8b465ee728b)
Start importing Assets/AA/Monster/BOSS 2/Textures/Gun/Boss2_Gun Material 2.mat using Guid(45ca5acf34286d04a8fd61c97e4b371e) Importer(815301076,1909f56bfc062723c751e8b465ee728b)  -> (artifact id: 'e41aab371f37ff8d92130d0b49df9938') in 0.087389 seconds 
========================================================================
Received Import Request.
  Time since last request: 257.627767 seconds.
  path: Assets/AA/Monster/BOSS 2/Textures/Gun/Boss2_Gun Material 2.mat
  artifactKey: Guid(45ca5acf34286d04a8fd61c97e4b371e) Importer(815301076,1909f56bfc062723c751e8b465ee728b)
Start importing Assets/AA/Monster/BOSS 2/Textures/Gun/Boss2_Gun Material 2.mat using Guid(45ca5acf34286d04a8fd61c97e4b371e) Importer(815301076,1909f56bfc062723c751e8b465ee728b)  -> (artifact id: 'f6f436e92b6184c92b8929ca1b8da32e') in 0.075521 seconds 
========================================================================
Received Prepare
Registering precompiled user dll's ...
Registered in 0.007080 seconds.
Begin MonoManager ReloadAssembly
Native extension for WindowsStandalone target not found
Refreshing native plugins compatible for Editor in 1.39 ms, found 2 plugins.
Preloading 0 native plugins for Editor in 0.00 ms.
Mono: successfully reloaded assembly
- Completed reload, in  5.972 seconds
Domain Reload Profiling:
	ReloadAssembly (5974ms)
		BeginReloadAssembly (914ms)
			ExecutionOrderSort (0ms)
			DisableScriptedObjects (69ms)
			BackupInstance (0ms)
			ReleaseScriptingObjects (0ms)
			CreateAndSetChildDomain (407ms)
		EndReloadAssembly (4702ms)
			LoadAssemblies (1577ms)
			RebuildTransferFunctionScriptingTraits (0ms)
			SetupTypeCache (864ms)
			ReleaseScriptCaches (8ms)
			RebuildScriptCaches (316ms)
			SetupLoadedEditorAssemblies (1337ms)
				LogAssemblyErrors (0ms)
				InitializePlatformSupportModulesInManaged (28ms)
				SetLoadedEditorAssemblies (1ms)
				RefreshPlugins (1ms)
				BeforeProcessingInitializeOnLoad (181ms)
				ProcessInitializeOnLoadAttributes (1039ms)
				ProcessInitializeOnLoadMethodAttributes (74ms)
				AfterProcessingInitializeOnLoad (12ms)
				EditorAssembliesLoaded (0ms)
			ExecutionOrderSort2 (0ms)
			AwakeInstancesAfterBackupRestoration (89ms)
Platform modules already initialized, skipping
Refreshing native plugins compatible for Editor in 1.99 ms, found 2 plugins.
Preloading 0 native plugins for Editor in 0.00 ms.
Unloading 4545 Unused Serialized files (Serialized files now loaded: 0)
Unloading 65 unused Assets / (6.1 MB). Loaded Objects now: 6006.
Memory consumption went from 308.1 MB to 302.1 MB.
Total: 19.377500 ms (FindLiveObjects: 0.676300 ms CreateObjectMapping: 0.517200 ms MarkObjects: 13.276800 ms  DeleteObjects: 4.159000 ms)

AssetImportParameters requested are different than current active one (requested -> active):
  custom:video-decoder-ogg-theora: a1e56fd34408186e4bbccfd4996cb3dc -> 
  custom:container-muxer-webm: aa71ff27fc2769a1b78a27578f13a17b -> 
  custom:container-demuxer-webm: 4f35f7cbe854078d1ac9338744f61a02 -> 
  custom:video-encoder-webm-vp8: eb34c28f22e8b96e1ab97ce403110664 -> 
  custom:audio-encoder-webm-vorbis: bf7c407c2cedff20999df2af8eb42d56 -> 
  custom:framework-win-MediaFoundation: 216162199b28c13a410421893ffa2e32 -> 
  custom:container-demuxer-ogg: 62fdf1f143b41e24485cea50d1cbac27 -> 
  custom:video-decoder-webm-vp8: 9c59270c3fd7afecdb556c50c9e8de78 -> 
  custom:audio-decoder-ogg-vorbis: bf7c407c2cedff20999df2af8eb42d56 -> 
========================================================================
Received Import Request.
  Time since last request: 321.631704 seconds.
  path: Assets/AA/Monster/BOSS 2/BOSS 2.controller
  artifactKey: Guid(67bfa0e0208d8f8409a322fd36862edb) Importer(815301076,1909f56bfc062723c751e8b465ee728b)
Start importing Assets/AA/Monster/BOSS 2/BOSS 2.controller using Guid(67bfa0e0208d8f8409a322fd36862edb) Importer(815301076,1909f56bfc062723c751e8b465ee728b)  -> (artifact id: '23cba8ecd93723d434c85e4dea67bda0') in 0.273674 seconds 
========================================================================
Received Import Request.
  Time since last request: 113.058287 seconds.
  path: Assets/AA/Monster/BOSS 2/Textures/Gun/Boss2_Gun Material 1.mat
  artifactKey: Guid(a08f0c1cbfcdfda409d295df3fdc3d6d) Importer(815301076,1909f56bfc062723c751e8b465ee728b)
Start importing Assets/AA/Monster/BOSS 2/Textures/Gun/Boss2_Gun Material 1.mat using Guid(a08f0c1cbfcdfda409d295df3fdc3d6d) Importer(815301076,1909f56bfc062723c751e8b465ee728b)  -> (artifact id: '90906cb1a8a806a7971c8848de3ede89') in 3.112989 seconds 
