Using pre-set license
Built from '2021.2/staging' branch; Version is '2021.2.8f1 (d0e5f0a7b06a) revision 13690352'; Using compiler version '192829333'; Build Type 'Release'
OS: 'Windows 10  (10.0.19044) 64bit Core' Language: 'zh' Physical Memory: 8103 MB
BatchMode: 1, IsHumanControllingUs: 0, StartBugReporterOnCrash: 0, Is64bit: 1, IsPro: 0

COMMAND LINE ARGUMENTS:
C:\Program Files\Unity\Hub\Editor\2021.2.8f1\Editor\Unity.exe
-adb2
-batchMode
-noUpm
-name
AssetImportWorker5
-projectPath
J:/QWQ
-logFile
Logs/AssetImportWorker5.log
-srvPort
63251
Successfully changed project path to: J:/QWQ
J:/QWQ
[UnityMemory] Configuration Parameters - Can be set up in boot.config
    "memorysetup-bucket-allocator-granularity=16"
    "memorysetup-bucket-allocator-bucket-count=8"
    "memorysetup-bucket-allocator-block-size=33554432"
    "memorysetup-bucket-allocator-block-count=8"
    "memorysetup-main-allocator-block-size=16777216"
    "memorysetup-thread-allocator-block-size=16777216"
    "memorysetup-gfx-main-allocator-block-size=16777216"
    "memorysetup-gfx-thread-allocator-block-size=16777216"
    "memorysetup-cache-allocator-block-size=4194304"
    "memorysetup-typetree-allocator-block-size=2097152"
    "memorysetup-profiler-bucket-allocator-granularity=16"
    "memorysetup-profiler-bucket-allocator-bucket-count=8"
    "memorysetup-profiler-bucket-allocator-block-size=33554432"
    "memorysetup-profiler-bucket-allocator-block-count=8"
    "memorysetup-profiler-allocator-block-size=16777216"
    "memorysetup-profiler-editor-allocator-block-size=1048576"
    "memorysetup-temp-allocator-size-main=16777216"
    "memorysetup-job-temp-allocator-block-size=2097152"
    "memorysetup-job-temp-allocator-block-size-background=1048576"
    "memorysetup-job-temp-allocator-reduction-small-platforms=262144"
    "memorysetup-temp-allocator-size-background-worker=32768"
    "memorysetup-temp-allocator-size-job-worker=262144"
    "memorysetup-temp-allocator-size-preload-manager=33554432"
    "memorysetup-temp-allocator-size-nav-mesh-worker=65536"
    "memorysetup-temp-allocator-size-audio-worker=65536"
    "memorysetup-temp-allocator-size-cloud-worker=32768"
    "memorysetup-temp-allocator-size-gi-baking-worker=262144"
    "memorysetup-temp-allocator-size-gfx=262144"
Refreshing native plugins compatible for Editor in 440.45 ms, found 2 plugins.
Preloading 0 native plugins for Editor in 0.00 ms.
Initialize engine version: 2021.2.8f1 (d0e5f0a7b06a)
[Subsystems] Discovering subsystems at path C:/Program Files/Unity/Hub/Editor/2021.2.8f1/Editor/Data/Resources/UnitySubsystems
[Subsystems] Discovering subsystems at path J:/QWQ/Assets
GfxDevice: creating device client; threaded=0; jobified=0
Direct3D:
    Version:  Direct3D 11.0 [level 11.1]
    Renderer: AMD Radeon (TM) R9 380 Series (ID=0x6939)
    Vendor:   ATI
    VRAM:     2022 MB
    Driver:   27.20.20903.8001
Initialize mono
Mono path[0] = 'C:/Program Files/Unity/Hub/Editor/2021.2.8f1/Editor/Data/Managed'
Mono path[1] = 'C:/Program Files/Unity/Hub/Editor/2021.2.8f1/Editor/Data/MonoBleedingEdge/lib/mono/unityjit-win32'
Mono config path = 'C:/Program Files/Unity/Hub/Editor/2021.2.8f1/Editor/Data/MonoBleedingEdge/etc'
Using monoOptions --debugger-agent=transport=dt_socket,embedding=1,server=y,suspend=n,address=127.0.0.1:56256
Begin MonoManager ReloadAssembly
Registering precompiled unity dll's ...
Register platform support module: C:/Program Files/Unity/Hub/Editor/2021.2.8f1/Editor/Data/PlaybackEngines/WindowsStandaloneSupport/UnityEditor.WindowsStandalone.Extensions.dll
Registered in 0.016498 seconds.
Native extension for WindowsStandalone target not found
Refreshing native plugins compatible for Editor in 667.32 ms, found 2 plugins.
Preloading 0 native plugins for Editor in 0.00 ms.
Mono: successfully reloaded assembly
- Completed reload, in  1.925 seconds
Domain Reload Profiling:
	ReloadAssembly (1926ms)
		BeginReloadAssembly (183ms)
			ExecutionOrderSort (0ms)
			DisableScriptedObjects (0ms)
			BackupInstance (0ms)
			ReleaseScriptingObjects (1ms)
			CreateAndSetChildDomain (2ms)
		EndReloadAssembly (1518ms)
			LoadAssemblies (174ms)
			RebuildTransferFunctionScriptingTraits (0ms)
			SetupTypeCache (277ms)
			ReleaseScriptCaches (0ms)
			RebuildScriptCaches (53ms)
			SetupLoadedEditorAssemblies (1075ms)
				LogAssemblyErrors (0ms)
				InitializePlatformSupportModulesInManaged (43ms)
				SetLoadedEditorAssemblies (0ms)
				RefreshPlugins (667ms)
				BeforeProcessingInitializeOnLoad (10ms)
				ProcessInitializeOnLoadAttributes (273ms)
				ProcessInitializeOnLoadMethodAttributes (81ms)
				AfterProcessingInitializeOnLoad (0ms)
				EditorAssembliesLoaded (0ms)
			ExecutionOrderSort2 (0ms)
			AwakeInstancesAfterBackupRestoration (0ms)
Platform modules already initialized, skipping
Registering precompiled user dll's ...
Registered in 0.011689 seconds.
Begin MonoManager ReloadAssembly
Native extension for WindowsStandalone target not found
Refreshing native plugins compatible for Editor in 262.56 ms, found 2 plugins.
Preloading 0 native plugins for Editor in 0.00 ms.
Mono: successfully reloaded assembly
- Completed reload, in  6.887 seconds
Domain Reload Profiling:
	ReloadAssembly (6888ms)
		BeginReloadAssembly (212ms)
			ExecutionOrderSort (0ms)
			DisableScriptedObjects (12ms)
			BackupInstance (0ms)
			ReleaseScriptingObjects (0ms)
			CreateAndSetChildDomain (34ms)
		EndReloadAssembly (6476ms)
			LoadAssemblies (147ms)
			RebuildTransferFunctionScriptingTraits (0ms)
			SetupTypeCache (614ms)
			ReleaseScriptCaches (1ms)
			RebuildScriptCaches (251ms)
			SetupLoadedEditorAssemblies (5380ms)
				LogAssemblyErrors (0ms)
				InitializePlatformSupportModulesInManaged (27ms)
				SetLoadedEditorAssemblies (0ms)
				RefreshPlugins (263ms)
				BeforeProcessingInitializeOnLoad (166ms)
				ProcessInitializeOnLoadAttributes (4707ms)
				ProcessInitializeOnLoadMethodAttributes (206ms)
				AfterProcessingInitializeOnLoad (11ms)
				EditorAssembliesLoaded (0ms)
			ExecutionOrderSort2 (0ms)
			AwakeInstancesAfterBackupRestoration (9ms)
Platform modules already initialized, skipping
========================================================================
Worker process is ready to serve import requests
Launched and connected shader compiler UnityShaderCompiler.exe after 0.32 seconds
Refreshing native plugins compatible for Editor in 2.19 ms, found 2 plugins.
Preloading 0 native plugins for Editor in 0.00 ms.
Unloading 4909 Unused Serialized files (Serialized files now loaded: 0)
Unloading 79 unused Assets / (6.1 MB). Loaded Objects now: 5372.
Memory consumption went from 275.9 MB to 269.9 MB.
Total: 924.178400 ms (FindLiveObjects: 0.564000 ms CreateObjectMapping: 0.400800 ms MarkObjects: 5.803100 ms  DeleteObjects: 917.404400 ms)

AssetImportParameters requested are different than current active one (requested -> active):
  custom:video-decoder-ogg-theora: a1e56fd34408186e4bbccfd4996cb3dc -> 
  custom:container-muxer-webm: aa71ff27fc2769a1b78a27578f13a17b -> 
  custom:container-demuxer-webm: 4f35f7cbe854078d1ac9338744f61a02 -> 
  custom:video-encoder-webm-vp8: eb34c28f22e8b96e1ab97ce403110664 -> 
  custom:audio-encoder-webm-vorbis: bf7c407c2cedff20999df2af8eb42d56 -> 
  custom:framework-win-MediaFoundation: 216162199b28c13a410421893ffa2e32 -> 
  custom:container-demuxer-ogg: 62fdf1f143b41e24485cea50d1cbac27 -> 
  custom:video-decoder-webm-vp8: 9c59270c3fd7afecdb556c50c9e8de78 -> 
  custom:audio-decoder-ogg-vorbis: bf7c407c2cedff20999df2af8eb42d56 -> 
========================================================================
Received Import Request.
  Time since last request: 272633.499709 seconds.
  path: Assets/Scenes/Opening/Lightmap-1_comp_light.exr
  artifactKey: Guid(e0a4ca1e040ddfa49add75058b72ae52) Importer(815301076,1909f56bfc062723c751e8b465ee728b)
Start importing Assets/Scenes/Opening/Lightmap-1_comp_light.exr using Guid(e0a4ca1e040ddfa49add75058b72ae52) Importer(815301076,1909f56bfc062723c751e8b465ee728b)  -> (artifact id: 'b2c253caf6735e82bedd6427c18fc36d') in 0.928003 seconds 
========================================================================
Received Import Request.
  Time since last request: 0.000030 seconds.
  path: Assets/Scenes/Opening/NavMesh.asset
  artifactKey: Guid(3b24c951db567e4438944bb18eca3f5b) Importer(815301076,1909f56bfc062723c751e8b465ee728b)
Start importing Assets/Scenes/Opening/NavMesh.asset using Guid(3b24c951db567e4438944bb18eca3f5b) Importer(815301076,1909f56bfc062723c751e8b465ee728b)  -> (artifact id: '40c10eddc16f258a34d843e273a8c02a') in 0.393906 seconds 
========================================================================
Received Import Request.
  Time since last request: 0.000149 seconds.
  path: Assets/Scenes/samplescene/NavMesh.asset
  artifactKey: Guid(dfcbf690e55e5ac45915a3c94bc74f08) Importer(815301076,1909f56bfc062723c751e8b465ee728b)
Start importing Assets/Scenes/samplescene/NavMesh.asset using Guid(dfcbf690e55e5ac45915a3c94bc74f08) Importer(815301076,1909f56bfc062723c751e8b465ee728b)  -> (artifact id: '252bfdd4a65225f5678c39e964ec18db') in 0.081094 seconds 
========================================================================
Received Import Request.
  Time since last request: 0.000032 seconds.
  path: Assets/Scenes/Opening/LightingData.asset
  artifactKey: Guid(cf8c341bc3654504eb575c45025bfe66) Importer(815301076,1909f56bfc062723c751e8b465ee728b)
Start importing Assets/Scenes/Opening/LightingData.asset using Guid(cf8c341bc3654504eb575c45025bfe66) Importer(815301076,1909f56bfc062723c751e8b465ee728b)  -> (artifact id: '30c3e0080ade247660d567c336f747ef') in 0.078758 seconds 
========================================================================
Received Import Request.
  Time since last request: 0.000030 seconds.
  path: Assets/Scenes/Opening/Lightmap-1_comp_dir.png
  artifactKey: Guid(39e1ccf3da186c8438c2e5bfbe7904b0) Importer(815301076,1909f56bfc062723c751e8b465ee728b)
Start importing Assets/Scenes/Opening/Lightmap-1_comp_dir.png using Guid(39e1ccf3da186c8438c2e5bfbe7904b0) Importer(815301076,1909f56bfc062723c751e8b465ee728b)  -> (artifact id: '6efda887fa3dd32dd9dbf8df64c7f383') in 0.155022 seconds 
========================================================================
Received Import Request.
  Time since last request: 0.000601 seconds.
  path: Assets/Scenes/samplescene/Sky and Fog Settings Profile.asset
  artifactKey: Guid(b39589347ee386c428ab63bbfd96471b) Importer(815301076,1909f56bfc062723c751e8b465ee728b)
Start importing Assets/Scenes/samplescene/Sky and Fog Settings Profile.asset using Guid(b39589347ee386c428ab63bbfd96471b) Importer(815301076,1909f56bfc062723c751e8b465ee728b)  -> (artifact id: '24bdcf2410b20dcab28368d566239fb4') in 0.658054 seconds 
========================================================================
Received Import Request.
  Time since last request: 0.000034 seconds.
  path: Assets/Scenes/Opening/Lightmap-0_comp_dir.png
  artifactKey: Guid(997db7aca5af89442a4352c11a5f74c3) Importer(815301076,1909f56bfc062723c751e8b465ee728b)
Start importing Assets/Scenes/Opening/Lightmap-0_comp_dir.png using Guid(997db7aca5af89442a4352c11a5f74c3) Importer(815301076,1909f56bfc062723c751e8b465ee728b)  -> (artifact id: 'e8c03b88dba4ce508a52864f0e9799a4') in 0.084598 seconds 
========================================================================
Received Import Request.
  Time since last request: 0.000036 seconds.
  path: Assets/Scenes/Opening/Lightmap-0_comp_light.exr
  artifactKey: Guid(865799dd7ddf47b468fec35d26cbb59b) Importer(815301076,1909f56bfc062723c751e8b465ee728b)
Start importing Assets/Scenes/Opening/Lightmap-0_comp_light.exr using Guid(865799dd7ddf47b468fec35d26cbb59b) Importer(815301076,1909f56bfc062723c751e8b465ee728b)  -> (artifact id: '4fd6b814800caa9b698323f6d7889cf1') in 0.171533 seconds 
========================================================================
Received Prepare
Registering precompiled user dll's ...
Registered in 0.006627 seconds.
Begin MonoManager ReloadAssembly
Native extension for WindowsStandalone target not found
Refreshing native plugins compatible for Editor in 3.87 ms, found 2 plugins.
Preloading 0 native plugins for Editor in 0.00 ms.
Mono: successfully reloaded assembly
- Completed reload, in  5.409 seconds
Domain Reload Profiling:
	ReloadAssembly (5420ms)
		BeginReloadAssembly (1520ms)
			ExecutionOrderSort (0ms)
			DisableScriptedObjects (182ms)
			BackupInstance (0ms)
			ReleaseScriptingObjects (6ms)
			CreateAndSetChildDomain (678ms)
		EndReloadAssembly (3551ms)
			LoadAssemblies (1724ms)
			RebuildTransferFunctionScriptingTraits (0ms)
			SetupTypeCache (562ms)
			ReleaseScriptCaches (4ms)
			RebuildScriptCaches (142ms)
			SetupLoadedEditorAssemblies (1059ms)
				LogAssemblyErrors (0ms)
				InitializePlatformSupportModulesInManaged (24ms)
				SetLoadedEditorAssemblies (6ms)
				RefreshPlugins (4ms)
				BeforeProcessingInitializeOnLoad (148ms)
				ProcessInitializeOnLoadAttributes (811ms)
				ProcessInitializeOnLoadMethodAttributes (53ms)
				AfterProcessingInitializeOnLoad (13ms)
				EditorAssembliesLoaded (0ms)
			ExecutionOrderSort2 (0ms)
			AwakeInstancesAfterBackupRestoration (32ms)
Platform modules already initialized, skipping
Refreshing native plugins compatible for Editor in 1.29 ms, found 2 plugins.
Preloading 0 native plugins for Editor in 0.00 ms.
Unloading 4537 Unused Serialized files (Serialized files now loaded: 0)
Unloading 65 unused Assets / (6.1 MB). Loaded Objects now: 5440.
Memory consumption went from 265.6 MB to 259.5 MB.
Total: 48.462800 ms (FindLiveObjects: 0.463100 ms CreateObjectMapping: 0.465600 ms MarkObjects: 38.776700 ms  DeleteObjects: 7.928800 ms)

AssetImportParameters requested are different than current active one (requested -> active):
  custom:video-decoder-ogg-theora: a1e56fd34408186e4bbccfd4996cb3dc -> 
  custom:container-muxer-webm: aa71ff27fc2769a1b78a27578f13a17b -> 
  custom:container-demuxer-webm: 4f35f7cbe854078d1ac9338744f61a02 -> 
  custom:video-encoder-webm-vp8: eb34c28f22e8b96e1ab97ce403110664 -> 
  custom:audio-encoder-webm-vorbis: bf7c407c2cedff20999df2af8eb42d56 -> 
  custom:framework-win-MediaFoundation: 216162199b28c13a410421893ffa2e32 -> 
  custom:container-demuxer-ogg: 62fdf1f143b41e24485cea50d1cbac27 -> 
  custom:video-decoder-webm-vp8: 9c59270c3fd7afecdb556c50c9e8de78 -> 
  custom:audio-decoder-ogg-vorbis: bf7c407c2cedff20999df2af8eb42d56 -> 
========================================================================
Received Prepare
Registering precompiled user dll's ...
Registered in 0.006451 seconds.
Begin MonoManager ReloadAssembly
Native extension for WindowsStandalone target not found
Refreshing native plugins compatible for Editor in 2.15 ms, found 2 plugins.
Preloading 0 native plugins for Editor in 0.00 ms.
Mono: successfully reloaded assembly
- Completed reload, in  4.372 seconds
Domain Reload Profiling:
	ReloadAssembly (4373ms)
		BeginReloadAssembly (467ms)
			ExecutionOrderSort (0ms)
			DisableScriptedObjects (34ms)
			BackupInstance (0ms)
			ReleaseScriptingObjects (4ms)
			CreateAndSetChildDomain (63ms)
		EndReloadAssembly (3531ms)
			LoadAssemblies (1708ms)
			RebuildTransferFunctionScriptingTraits (1ms)
			SetupTypeCache (472ms)
			ReleaseScriptCaches (5ms)
			RebuildScriptCaches (138ms)
			SetupLoadedEditorAssemblies (1274ms)
				LogAssemblyErrors (0ms)
				InitializePlatformSupportModulesInManaged (18ms)
				SetLoadedEditorAssemblies (1ms)
				RefreshPlugins (2ms)
				BeforeProcessingInitializeOnLoad (122ms)
				ProcessInitializeOnLoadAttributes (1068ms)
				ProcessInitializeOnLoadMethodAttributes (50ms)
				AfterProcessingInitializeOnLoad (14ms)
				EditorAssembliesLoaded (0ms)
			ExecutionOrderSort2 (0ms)
			AwakeInstancesAfterBackupRestoration (40ms)
Platform modules already initialized, skipping
Refreshing native plugins compatible for Editor in 1.95 ms, found 2 plugins.
Preloading 0 native plugins for Editor in 0.00 ms.
Unloading 4533 Unused Serialized files (Serialized files now loaded: 0)
Unloading 65 unused Assets / (6.1 MB). Loaded Objects now: 5443.
Memory consumption went from 265.6 MB to 259.6 MB.
Total: 27.957000 ms (FindLiveObjects: 0.719400 ms CreateObjectMapping: 0.582900 ms MarkObjects: 20.602600 ms  DeleteObjects: 4.416400 ms)

AssetImportParameters requested are different than current active one (requested -> active):
  custom:video-decoder-ogg-theora: a1e56fd34408186e4bbccfd4996cb3dc -> 
  custom:container-muxer-webm: aa71ff27fc2769a1b78a27578f13a17b -> 
  custom:container-demuxer-webm: 4f35f7cbe854078d1ac9338744f61a02 -> 
  custom:video-encoder-webm-vp8: eb34c28f22e8b96e1ab97ce403110664 -> 
  custom:audio-encoder-webm-vorbis: bf7c407c2cedff20999df2af8eb42d56 -> 
  custom:framework-win-MediaFoundation: 216162199b28c13a410421893ffa2e32 -> 
  custom:container-demuxer-ogg: 62fdf1f143b41e24485cea50d1cbac27 -> 
  custom:video-decoder-webm-vp8: 9c59270c3fd7afecdb556c50c9e8de78 -> 
  custom:audio-decoder-ogg-vorbis: bf7c407c2cedff20999df2af8eb42d56 -> 
========================================================================
Received Prepare
Registering precompiled user dll's ...
Registered in 0.017949 seconds.
Begin MonoManager ReloadAssembly
Native extension for WindowsStandalone target not found
Refreshing native plugins compatible for Editor in 1.44 ms, found 2 plugins.
Preloading 0 native plugins for Editor in 0.00 ms.
Mono: successfully reloaded assembly
- Completed reload, in  4.167 seconds
Domain Reload Profiling:
	ReloadAssembly (4170ms)
		BeginReloadAssembly (695ms)
			ExecutionOrderSort (0ms)
			DisableScriptedObjects (92ms)
			BackupInstance (0ms)
			ReleaseScriptingObjects (4ms)
			CreateAndSetChildDomain (153ms)
		EndReloadAssembly (3118ms)
			LoadAssemblies (1648ms)
			RebuildTransferFunctionScriptingTraits (0ms)
			SetupTypeCache (443ms)
			ReleaseScriptCaches (8ms)
			RebuildScriptCaches (130ms)
			SetupLoadedEditorAssemblies (969ms)
				LogAssemblyErrors (0ms)
				InitializePlatformSupportModulesInManaged (20ms)
				SetLoadedEditorAssemblies (2ms)
				RefreshPlugins (2ms)
				BeforeProcessingInitializeOnLoad (125ms)
				ProcessInitializeOnLoadAttributes (762ms)
				ProcessInitializeOnLoadMethodAttributes (48ms)
				AfterProcessingInitializeOnLoad (10ms)
				EditorAssembliesLoaded (0ms)
			ExecutionOrderSort2 (0ms)
			AwakeInstancesAfterBackupRestoration (39ms)
Platform modules already initialized, skipping
Refreshing native plugins compatible for Editor in 1.10 ms, found 2 plugins.
Preloading 0 native plugins for Editor in 0.00 ms.
Unloading 4533 Unused Serialized files (Serialized files now loaded: 0)
Unloading 65 unused Assets / (6.1 MB). Loaded Objects now: 5446.
Memory consumption went from 265.7 MB to 259.6 MB.
Total: 12.668800 ms (FindLiveObjects: 0.479300 ms CreateObjectMapping: 3.202800 ms MarkObjects: 6.431900 ms  DeleteObjects: 2.550800 ms)

AssetImportParameters requested are different than current active one (requested -> active):
  custom:video-decoder-ogg-theora: a1e56fd34408186e4bbccfd4996cb3dc -> 
  custom:container-muxer-webm: aa71ff27fc2769a1b78a27578f13a17b -> 
  custom:container-demuxer-webm: 4f35f7cbe854078d1ac9338744f61a02 -> 
  custom:video-encoder-webm-vp8: eb34c28f22e8b96e1ab97ce403110664 -> 
  custom:audio-encoder-webm-vorbis: bf7c407c2cedff20999df2af8eb42d56 -> 
  custom:framework-win-MediaFoundation: 216162199b28c13a410421893ffa2e32 -> 
  custom:container-demuxer-ogg: 62fdf1f143b41e24485cea50d1cbac27 -> 
  custom:video-decoder-webm-vp8: 9c59270c3fd7afecdb556c50c9e8de78 -> 
  custom:audio-decoder-ogg-vorbis: bf7c407c2cedff20999df2af8eb42d56 -> 
========================================================================
Received Prepare
Registering precompiled user dll's ...
Registered in 0.015504 seconds.
Begin MonoManager ReloadAssembly
Native extension for WindowsStandalone target not found
Refreshing native plugins compatible for Editor in 1.31 ms, found 2 plugins.
Preloading 0 native plugins for Editor in 0.00 ms.
Mono: successfully reloaded assembly
- Completed reload, in  2.844 seconds
Domain Reload Profiling:
	ReloadAssembly (2845ms)
		BeginReloadAssembly (249ms)
			ExecutionOrderSort (0ms)
			DisableScriptedObjects (12ms)
			BackupInstance (0ms)
			ReleaseScriptingObjects (0ms)
			CreateAndSetChildDomain (66ms)
		EndReloadAssembly (2417ms)
			LoadAssemblies (141ms)
			RebuildTransferFunctionScriptingTraits (0ms)
			SetupTypeCache (423ms)
			ReleaseScriptCaches (6ms)
			RebuildScriptCaches (169ms)
			SetupLoadedEditorAssemblies (1440ms)
				LogAssemblyErrors (0ms)
				InitializePlatformSupportModulesInManaged (21ms)
				SetLoadedEditorAssemblies (1ms)
				RefreshPlugins (1ms)
				BeforeProcessingInitializeOnLoad (298ms)
				ProcessInitializeOnLoadAttributes (1022ms)
				ProcessInitializeOnLoadMethodAttributes (80ms)
				AfterProcessingInitializeOnLoad (15ms)
				EditorAssembliesLoaded (1ms)
			ExecutionOrderSort2 (0ms)
			AwakeInstancesAfterBackupRestoration (56ms)
Platform modules already initialized, skipping
Refreshing native plugins compatible for Editor in 8.20 ms, found 2 plugins.
Preloading 0 native plugins for Editor in 0.00 ms.
Unloading 4533 Unused Serialized files (Serialized files now loaded: 0)
Unloading 65 unused Assets / (6.1 MB). Loaded Objects now: 5449.
Memory consumption went from 265.7 MB to 259.6 MB.
Total: 59.021400 ms (FindLiveObjects: 2.399800 ms CreateObjectMapping: 0.878900 ms MarkObjects: 24.852600 ms  DeleteObjects: 30.882500 ms)

AssetImportParameters requested are different than current active one (requested -> active):
  custom:video-decoder-ogg-theora: a1e56fd34408186e4bbccfd4996cb3dc -> 
  custom:container-muxer-webm: aa71ff27fc2769a1b78a27578f13a17b -> 
  custom:container-demuxer-webm: 4f35f7cbe854078d1ac9338744f61a02 -> 
  custom:video-encoder-webm-vp8: eb34c28f22e8b96e1ab97ce403110664 -> 
  custom:audio-encoder-webm-vorbis: bf7c407c2cedff20999df2af8eb42d56 -> 
  custom:framework-win-MediaFoundation: 216162199b28c13a410421893ffa2e32 -> 
  custom:container-demuxer-ogg: 62fdf1f143b41e24485cea50d1cbac27 -> 
  custom:video-decoder-webm-vp8: 9c59270c3fd7afecdb556c50c9e8de78 -> 
  custom:audio-decoder-ogg-vorbis: bf7c407c2cedff20999df2af8eb42d56 -> 
========================================================================
Received Prepare
Registering precompiled user dll's ...
Registered in 0.486126 seconds.
Begin MonoManager ReloadAssembly
Native extension for WindowsStandalone target not found
Refreshing native plugins compatible for Editor in 1.20 ms, found 2 plugins.
Preloading 0 native plugins for Editor in 0.00 ms.
Mono: successfully reloaded assembly
- Completed reload, in  3.898 seconds
Domain Reload Profiling:
	ReloadAssembly (3899ms)
		BeginReloadAssembly (393ms)
			ExecutionOrderSort (0ms)
			DisableScriptedObjects (14ms)
			BackupInstance (0ms)
			ReleaseScriptingObjects (0ms)
			CreateAndSetChildDomain (73ms)
		EndReloadAssembly (3160ms)
			LoadAssemblies (1615ms)
			RebuildTransferFunctionScriptingTraits (0ms)
			SetupTypeCache (394ms)
			ReleaseScriptCaches (5ms)
			RebuildScriptCaches (141ms)
			SetupLoadedEditorAssemblies (1029ms)
				LogAssemblyErrors (0ms)
				InitializePlatformSupportModulesInManaged (20ms)
				SetLoadedEditorAssemblies (1ms)
				RefreshPlugins (1ms)
				BeforeProcessingInitializeOnLoad (117ms)
				ProcessInitializeOnLoadAttributes (823ms)
				ProcessInitializeOnLoadMethodAttributes (55ms)
				AfterProcessingInitializeOnLoad (11ms)
				EditorAssembliesLoaded (0ms)
			ExecutionOrderSort2 (0ms)
			AwakeInstancesAfterBackupRestoration (33ms)
Platform modules already initialized, skipping
Refreshing native plugins compatible for Editor in 1.93 ms, found 2 plugins.
Preloading 0 native plugins for Editor in 0.00 ms.
Unloading 4533 Unused Serialized files (Serialized files now loaded: 0)
Unloading 65 unused Assets / (6.1 MB). Loaded Objects now: 5452.
Memory consumption went from 265.7 MB to 259.6 MB.
Total: 5.626600 ms (FindLiveObjects: 0.497200 ms CreateObjectMapping: 0.396500 ms MarkObjects: 3.491700 ms  DeleteObjects: 1.239800 ms)

AssetImportParameters requested are different than current active one (requested -> active):
  custom:video-decoder-ogg-theora: a1e56fd34408186e4bbccfd4996cb3dc -> 
  custom:container-muxer-webm: aa71ff27fc2769a1b78a27578f13a17b -> 
  custom:container-demuxer-webm: 4f35f7cbe854078d1ac9338744f61a02 -> 
  custom:video-encoder-webm-vp8: eb34c28f22e8b96e1ab97ce403110664 -> 
  custom:audio-encoder-webm-vorbis: bf7c407c2cedff20999df2af8eb42d56 -> 
  custom:framework-win-MediaFoundation: 216162199b28c13a410421893ffa2e32 -> 
  custom:container-demuxer-ogg: 62fdf1f143b41e24485cea50d1cbac27 -> 
  custom:video-decoder-webm-vp8: 9c59270c3fd7afecdb556c50c9e8de78 -> 
  custom:audio-decoder-ogg-vorbis: bf7c407c2cedff20999df2af8eb42d56 -> 
========================================================================
Received Prepare
Registering precompiled user dll's ...
Registered in 0.005411 seconds.
Begin MonoManager ReloadAssembly
Native extension for WindowsStandalone target not found
Refreshing native plugins compatible for Editor in 1.46 ms, found 2 plugins.
Preloading 0 native plugins for Editor in 0.00 ms.
Mono: successfully reloaded assembly
- Completed reload, in  2.459 seconds
Domain Reload Profiling:
	ReloadAssembly (2460ms)
		BeginReloadAssembly (304ms)
			ExecutionOrderSort (0ms)
			DisableScriptedObjects (12ms)
			BackupInstance (0ms)
			ReleaseScriptingObjects (0ms)
			CreateAndSetChildDomain (65ms)
		EndReloadAssembly (1997ms)
			LoadAssemblies (205ms)
			RebuildTransferFunctionScriptingTraits (0ms)
			SetupTypeCache (499ms)
			ReleaseScriptCaches (6ms)
			RebuildScriptCaches (154ms)
			SetupLoadedEditorAssemblies (1028ms)
				LogAssemblyErrors (0ms)
				InitializePlatformSupportModulesInManaged (19ms)
				SetLoadedEditorAssemblies (1ms)
				RefreshPlugins (2ms)
				BeforeProcessingInitializeOnLoad (142ms)
				ProcessInitializeOnLoadAttributes (786ms)
				ProcessInitializeOnLoadMethodAttributes (66ms)
				AfterProcessingInitializeOnLoad (13ms)
				EditorAssembliesLoaded (0ms)
			ExecutionOrderSort2 (0ms)
			AwakeInstancesAfterBackupRestoration (47ms)
Platform modules already initialized, skipping
Refreshing native plugins compatible for Editor in 1.54 ms, found 2 plugins.
Preloading 0 native plugins for Editor in 0.00 ms.
Unloading 4533 Unused Serialized files (Serialized files now loaded: 0)
Unloading 65 unused Assets / (6.1 MB). Loaded Objects now: 5455.
Memory consumption went from 265.7 MB to 259.6 MB.
Total: 8.476900 ms (FindLiveObjects: 0.719000 ms CreateObjectMapping: 1.053000 ms MarkObjects: 4.931100 ms  DeleteObjects: 1.771100 ms)

AssetImportParameters requested are different than current active one (requested -> active):
  custom:video-decoder-ogg-theora: a1e56fd34408186e4bbccfd4996cb3dc -> 
  custom:container-muxer-webm: aa71ff27fc2769a1b78a27578f13a17b -> 
  custom:container-demuxer-webm: 4f35f7cbe854078d1ac9338744f61a02 -> 
  custom:video-encoder-webm-vp8: eb34c28f22e8b96e1ab97ce403110664 -> 
  custom:audio-encoder-webm-vorbis: bf7c407c2cedff20999df2af8eb42d56 -> 
  custom:framework-win-MediaFoundation: 216162199b28c13a410421893ffa2e32 -> 
  custom:container-demuxer-ogg: 62fdf1f143b41e24485cea50d1cbac27 -> 
  custom:video-decoder-webm-vp8: 9c59270c3fd7afecdb556c50c9e8de78 -> 
  custom:audio-decoder-ogg-vorbis: bf7c407c2cedff20999df2af8eb42d56 -> 
========================================================================
Received Import Request.
  Time since last request: 1511.048950 seconds.
  path: Assets/Level2/FBX AND TEXTURE/corrider1/Corrider.fbx
  artifactKey: Guid(32c691816958b6f43966036082a83995) Importer(815301076,1909f56bfc062723c751e8b465ee728b)
Start importing Assets/Level2/FBX AND TEXTURE/corrider1/Corrider.fbx using Guid(32c691816958b6f43966036082a83995) Importer(815301076,1909f56bfc062723c751e8b465ee728b)  -> (artifact id: '3a81b22be6417ae97a8594d7e15bf687') in 8.455563 seconds 
========================================================================
Received Import Request.
  Time since last request: 0.000067 seconds.
  path: Assets/Level2/FBX AND TEXTURE/corrider1/Corridor (1)_backup_TT_checker_1024x1024_UV_GRID_Normal.png
  artifactKey: Guid(432cb8552b05acd46a5209bafaa5730a) Importer(815301076,1909f56bfc062723c751e8b465ee728b)
Start importing Assets/Level2/FBX AND TEXTURE/corrider1/Corridor (1)_backup_TT_checker_1024x1024_UV_GRID_Normal.png using Guid(432cb8552b05acd46a5209bafaa5730a) Importer(815301076,1909f56bfc062723c751e8b465ee728b)  -> (artifact id: '4cee0ca3c7f86fad508f326704b6af37') in 0.879748 seconds 
========================================================================
Received Import Request.
  Time since last request: 0.000051 seconds.
  path: Assets/Level2/FBX AND TEXTURE/corrider1/Corridor (1)_backup_TT_checker_1024x1024_UV_GRID_Emissive.png
  artifactKey: Guid(cee38b1505837ef40b98db28e4eefd23) Importer(815301076,1909f56bfc062723c751e8b465ee728b)
Start importing Assets/Level2/FBX AND TEXTURE/corrider1/Corridor (1)_backup_TT_checker_1024x1024_UV_GRID_Emissive.png using Guid(cee38b1505837ef40b98db28e4eefd23) Importer(815301076,1909f56bfc062723c751e8b465ee728b)  -> (artifact id: '2d60dd1822a32f832697bda95f44abc6') in 0.168341 seconds 
========================================================================
Received Import Request.
  Time since last request: 0.000051 seconds.
  path: Assets/Level2/FBX AND TEXTURE/corrider1/New Material.mat
  artifactKey: Guid(8d21db27c2530944d94b5fa0ceaf0878) Importer(815301076,1909f56bfc062723c751e8b465ee728b)
Start importing Assets/Level2/FBX AND TEXTURE/corrider1/New Material.mat using Guid(8d21db27c2530944d94b5fa0ceaf0878) Importer(815301076,1909f56bfc062723c751e8b465ee728b)  -> (artifact id: 'c405a0c52f9d71671bccbfd609f2dd14') in 0.539677 seconds 
========================================================================
Received Import Request.
  Time since last request: 0.000040 seconds.
  path: Assets/Level2/FBX AND TEXTURE/corrider1/Corridor (1)_backup_TT_checker_1024x1024_UV_GRID_BaseMap.png
  artifactKey: Guid(f801749ccc9ea4e409041283cdba4fee) Importer(815301076,1909f56bfc062723c751e8b465ee728b)
Start importing Assets/Level2/FBX AND TEXTURE/corrider1/Corridor (1)_backup_TT_checker_1024x1024_UV_GRID_BaseMap.png using Guid(f801749ccc9ea4e409041283cdba4fee) Importer(815301076,1909f56bfc062723c751e8b465ee728b)  -> (artifact id: 'a4263bc34cb7cdf5e15252ae3fd0dffb') in 0.027398 seconds 
========================================================================
Received Import Request.
  Time since last request: 0.000290 seconds.
  path: Assets/Level2/FBX AND TEXTURE/corrider1/Corridor (1)_backup_TT_checker_1024x1024_UV_GRID_MaskMap.png
  artifactKey: Guid(d6046745419007f45b36f46297af8151) Importer(815301076,1909f56bfc062723c751e8b465ee728b)
Start importing Assets/Level2/FBX AND TEXTURE/corrider1/Corridor (1)_backup_TT_checker_1024x1024_UV_GRID_MaskMap.png using Guid(d6046745419007f45b36f46297af8151) Importer(815301076,1909f56bfc062723c751e8b465ee728b)  -> (artifact id: 'dd37a8afc09dd27cb314b485c576a222') in 0.044450 seconds 
========================================================================
Received Import Request.
  Time since last request: 2924.143929 seconds.
  path: Assets/Level2/FBX AND TEXTURE/corrider1/New Material.mat
  artifactKey: Guid(8d21db27c2530944d94b5fa0ceaf0878) Importer(815301076,1909f56bfc062723c751e8b465ee728b)
Start importing Assets/Level2/FBX AND TEXTURE/corrider1/New Material.mat using Guid(8d21db27c2530944d94b5fa0ceaf0878) Importer(815301076,1909f56bfc062723c751e8b465ee728b)  -> (artifact id: '139caa06f706c82473c95f46e864fc90') in 0.609089 seconds 
========================================================================
Received Import Request.
  Time since last request: 1323.764904 seconds.
  path: Assets/FBX AND TEXTURE/CrystalBoss/Crystal123/crystal 0 A.mat
  artifactKey: Guid(4ce4e4871691f16409cf0b5b91151c16) Importer(815301076,1909f56bfc062723c751e8b465ee728b)
Start importing Assets/FBX AND TEXTURE/CrystalBoss/Crystal123/crystal 0 A.mat using Guid(4ce4e4871691f16409cf0b5b91151c16) Importer(815301076,1909f56bfc062723c751e8b465ee728b)  -> (artifact id: 'd60c9d3eb252f51e57831e1cfb5fafd2') in 0.698582 seconds 
========================================================================
Received Import Request.
  Time since last request: 0.000309 seconds.
  path: Assets/FBX AND TEXTURE/CrystalBoss/Crystal123/crystal 1 A.mat
  artifactKey: Guid(03387b2565d68414db28be6a42fec656) Importer(815301076,1909f56bfc062723c751e8b465ee728b)
Start importing Assets/FBX AND TEXTURE/CrystalBoss/Crystal123/crystal 1 A.mat using Guid(03387b2565d68414db28be6a42fec656) Importer(815301076,1909f56bfc062723c751e8b465ee728b)  -> (artifact id: '7b79eb129197a6d0c9ce3fd4894e9022') in 0.174835 seconds 
========================================================================
Received Import Request.
  Time since last request: 955.222459 seconds.
  path: Assets/FBX AND TEXTURE/AmmoText/AmmoText.fbx
  artifactKey: Guid(4181d48a2489977489bf08315bbdc532) Importer(815301076,1909f56bfc062723c751e8b465ee728b)
Start importing Assets/FBX AND TEXTURE/AmmoText/AmmoText.fbx using Guid(4181d48a2489977489bf08315bbdc532) Importer(815301076,1909f56bfc062723c751e8b465ee728b)  -> (artifact id: 'ecd9b969122916d4221f01b7bb13824d') in 0.392438 seconds 
========================================================================
Received Import Request.
  Time since last request: 0.000089 seconds.
  path: Packages/com.unity.visualeffectgraph/Meshes/Triangle.mesh
  artifactKey: Guid(f4d22fb77437608439f0bac189718c42) Importer(815301076,1909f56bfc062723c751e8b465ee728b)
Start importing Packages/com.unity.visualeffectgraph/Meshes/Triangle.mesh using Guid(f4d22fb77437608439f0bac189718c42) Importer(815301076,1909f56bfc062723c751e8b465ee728b)  -> (artifact id: '437ee451b031a036a38415ebe8347ebe') in 0.149211 seconds 
========================================================================
Received Import Request.
  Time since last request: 0.000040 seconds.
  path: Packages/com.unity.render-pipelines.high-definition/Runtime/RenderPipelineResources/Mesh/UnityBall.fbx
  artifactKey: Guid(abd6f93423e74814797118f1c6d9393b) Importer(815301076,1909f56bfc062723c751e8b465ee728b)
Start importing Packages/com.unity.render-pipelines.high-definition/Runtime/RenderPipelineResources/Mesh/UnityBall.fbx using Guid(abd6f93423e74814797118f1c6d9393b) Importer(815301076,1909f56bfc062723c751e8b465ee728b)  -> (artifact id: '40b760994081c5d86ce1dbaf11c46f03') in 0.379615 seconds 
========================================================================
Received Prepare
Registering precompiled user dll's ...
Registered in 0.007937 seconds.
Begin MonoManager ReloadAssembly
Native extension for WindowsStandalone target not found
Refreshing native plugins compatible for Editor in 9.25 ms, found 2 plugins.
Preloading 0 native plugins for Editor in 0.00 ms.
Mono: successfully reloaded assembly
- Completed reload, in  9.991 seconds
Domain Reload Profiling:
	ReloadAssembly (10011ms)
		BeginReloadAssembly (4015ms)
			ExecutionOrderSort (5ms)
			DisableScriptedObjects (860ms)
			BackupInstance (0ms)
			ReleaseScriptingObjects (3ms)
			CreateAndSetChildDomain (1986ms)
		EndReloadAssembly (5585ms)
			LoadAssemblies (1807ms)
			RebuildTransferFunctionScriptingTraits (0ms)
			SetupTypeCache (665ms)
			ReleaseScriptCaches (31ms)
			RebuildScriptCaches (168ms)
			SetupLoadedEditorAssemblies (2034ms)
				LogAssemblyErrors (0ms)
				InitializePlatformSupportModulesInManaged (55ms)
				SetLoadedEditorAssemblies (6ms)
				RefreshPlugins (9ms)
				BeforeProcessingInitializeOnLoad (807ms)
				ProcessInitializeOnLoadAttributes (1063ms)
				ProcessInitializeOnLoadMethodAttributes (79ms)
				AfterProcessingInitializeOnLoad (14ms)
				EditorAssembliesLoaded (0ms)
			ExecutionOrderSort2 (0ms)
			AwakeInstancesAfterBackupRestoration (72ms)
Platform modules already initialized, skipping
Refreshing native plugins compatible for Editor in 1.55 ms, found 2 plugins.
Preloading 0 native plugins for Editor in 0.00 ms.
Unloading 4551 Unused Serialized files (Serialized files now loaded: 0)
Unloading 65 unused Assets / (6.1 MB). Loaded Objects now: 5691.
Memory consumption went from 299.6 MB to 293.5 MB.
Total: 17.259000 ms (FindLiveObjects: 0.768800 ms CreateObjectMapping: 0.930100 ms MarkObjects: 13.487400 ms  DeleteObjects: 2.067600 ms)

AssetImportParameters requested are different than current active one (requested -> active):
  custom:video-decoder-ogg-theora: a1e56fd34408186e4bbccfd4996cb3dc -> 
  custom:container-muxer-webm: aa71ff27fc2769a1b78a27578f13a17b -> 
  custom:container-demuxer-webm: 4f35f7cbe854078d1ac9338744f61a02 -> 
  custom:video-encoder-webm-vp8: eb34c28f22e8b96e1ab97ce403110664 -> 
  custom:audio-encoder-webm-vorbis: bf7c407c2cedff20999df2af8eb42d56 -> 
  custom:framework-win-MediaFoundation: 216162199b28c13a410421893ffa2e32 -> 
  custom:container-demuxer-ogg: 62fdf1f143b41e24485cea50d1cbac27 -> 
  custom:video-decoder-webm-vp8: 9c59270c3fd7afecdb556c50c9e8de78 -> 
  custom:audio-decoder-ogg-vorbis: bf7c407c2cedff20999df2af8eb42d56 -> 
========================================================================
Received Import Request.
  Time since last request: 3409.099869 seconds.
  path: Assets/AA/Monster/BOSS 2/BOSS 2.controller
  artifactKey: Guid(67bfa0e0208d8f8409a322fd36862edb) Importer(815301076,1909f56bfc062723c751e8b465ee728b)
Start importing Assets/AA/Monster/BOSS 2/BOSS 2.controller using Guid(67bfa0e0208d8f8409a322fd36862edb) Importer(815301076,1909f56bfc062723c751e8b465ee728b)  -> (artifact id: '0910a12bb83dd4599fff6bdaa3f8ac86') in 0.601283 seconds 
========================================================================
Received Import Request.
  Time since last request: 388.520443 seconds.
  path: Assets/AA/Prefabs/Bullet/HIT_Player.prefab
  artifactKey: Guid(0d8824e81756ff745b56274270de6a7e) Importer(815301076,1909f56bfc062723c751e8b465ee728b)
Start importing Assets/AA/Prefabs/Bullet/HIT_Player.prefab using Guid(0d8824e81756ff745b56274270de6a7e) Importer(815301076,1909f56bfc062723c751e8b465ee728b)  -> (artifact id: '6bab3e49c31dbac1b1a9299653c4bde4') in 3.586088 seconds 
========================================================================
Received Import Request.
  Time since last request: 291.270040 seconds.
  path: Assets/FBX AND TEXTURE/CrystalBoss/Crystal123/crystal 2 A.mat
  artifactKey: Guid(45fcc9b478b929d46b33622f0251c14b) Importer(815301076,1909f56bfc062723c751e8b465ee728b)
Start importing Assets/FBX AND TEXTURE/CrystalBoss/Crystal123/crystal 2 A.mat using Guid(45fcc9b478b929d46b33622f0251c14b) Importer(815301076,1909f56bfc062723c751e8b465ee728b)  -> (artifact id: 'ee9eb0355ee88286ffbb907da1c8bb8a') in 1.340572 seconds 
========================================================================
Received Import Request.
  Time since last request: 81.359654 seconds.
  path: Assets/FBX AND TEXTURE/CrystalBoss/Crystal123/crystal 1 A.mat
  artifactKey: Guid(03387b2565d68414db28be6a42fec656) Importer(815301076,1909f56bfc062723c751e8b465ee728b)
Start importing Assets/FBX AND TEXTURE/CrystalBoss/Crystal123/crystal 1 A.mat using Guid(03387b2565d68414db28be6a42fec656) Importer(815301076,1909f56bfc062723c751e8b465ee728b)  -> (artifact id: '02d307851e1841b8c7683ec58edfaf73') in 0.133630 seconds 
========================================================================
Received Import Request.
  Time since last request: 14.435506 seconds.
  path: Assets/FBX AND TEXTURE/BigCrystal/albedo.png
  artifactKey: Guid(1c4d38f3fc790624287b69a9bf696f7e) Importer(815301076,1909f56bfc062723c751e8b465ee728b)
Start importing Assets/FBX AND TEXTURE/BigCrystal/albedo.png using Guid(1c4d38f3fc790624287b69a9bf696f7e) Importer(815301076,1909f56bfc062723c751e8b465ee728b)  -> (artifact id: '01c977740b69d39c73977163a285fa2b') in 0.516753 seconds 
========================================================================
Received Import Request.
  Time since last request: 0.000073 seconds.
  path: Assets/FBX AND TEXTURE/BigCrystal/emission.png
  artifactKey: Guid(b41526a3df94f6d47a0cb2fe66d7f59a) Importer(815301076,1909f56bfc062723c751e8b465ee728b)
Start importing Assets/FBX AND TEXTURE/BigCrystal/emission.png using Guid(b41526a3df94f6d47a0cb2fe66d7f59a) Importer(815301076,1909f56bfc062723c751e8b465ee728b)  -> (artifact id: '458d80f5c70074110696b49464ed77f0') in 0.193011 seconds 
========================================================================
Received Import Request.
  Time since last request: 0.000062 seconds.
  path: Assets/FBX AND TEXTURE/BigCrystal/New Material.mat
  artifactKey: Guid(38992982c0865d64cb3849298e6d42e9) Importer(815301076,1909f56bfc062723c751e8b465ee728b)
Start importing Assets/FBX AND TEXTURE/BigCrystal/New Material.mat using Guid(38992982c0865d64cb3849298e6d42e9) Importer(815301076,1909f56bfc062723c751e8b465ee728b)  -> (artifact id: 'ec6b6a703702a60080e23ca584031814') in 0.312265 seconds 
========================================================================
Received Import Request.
  Time since last request: 0.000037 seconds.
  path: Assets/FBX AND TEXTURE/BigCrystal/BigCrystal.fbx
  artifactKey: Guid(e065b0fea75330748ab2edd6750d616d) Importer(815301076,1909f56bfc062723c751e8b465ee728b)
Start importing Assets/FBX AND TEXTURE/BigCrystal/BigCrystal.fbx using Guid(e065b0fea75330748ab2edd6750d616d) Importer(815301076,1909f56bfc062723c751e8b465ee728b)  -> (artifact id: '4294c187954040352f19f6c0cd402ffe') in 0.240037 seconds 
========================================================================
Received Import Request.
  Time since last request: 0.000045 seconds.
  path: Assets/FBX AND TEXTURE/BigCrystal/mask.png
  artifactKey: Guid(a742153c85c338e43a3f8f0a307c32e2) Importer(815301076,1909f56bfc062723c751e8b465ee728b)
Start importing Assets/FBX AND TEXTURE/BigCrystal/mask.png using Guid(a742153c85c338e43a3f8f0a307c32e2) Importer(815301076,1909f56bfc062723c751e8b465ee728b)  -> (artifact id: '2a8727048ec744d95f4924aab13c0822') in 0.283589 seconds 
========================================================================
Received Import Request.
  Time since last request: 0.000040 seconds.
  path: Assets/FBX AND TEXTURE/BigCrystal/normal.png
  artifactKey: Guid(ad1f9ccad7c92474cbc2bb73c12d4937) Importer(815301076,1909f56bfc062723c751e8b465ee728b)
Start importing Assets/FBX AND TEXTURE/BigCrystal/normal.png using Guid(ad1f9ccad7c92474cbc2bb73c12d4937) Importer(815301076,1909f56bfc062723c751e8b465ee728b)  -> (artifact id: '09746be1c4c1174d7435fd5873a9d06d') in 0.220108 seconds 
========================================================================
Received Import Request.
  Time since last request: 314.239963 seconds.
  path: Assets/FBX AND TEXTURE/CrystalBoss/Crystal123/crystal 0 A 1.mat
  artifactKey: Guid(8b6a51a2b8b66e94188434b5b84ab647) Importer(815301076,1909f56bfc062723c751e8b465ee728b)
Start importing Assets/FBX AND TEXTURE/CrystalBoss/Crystal123/crystal 0 A 1.mat using Guid(8b6a51a2b8b66e94188434b5b84ab647) Importer(815301076,1909f56bfc062723c751e8b465ee728b)  -> (artifact id: '0ae798bf14d194d841ded4027daa0b46') in 0.295943 seconds 
========================================================================
Received Import Request.
  Time since last request: 0.000060 seconds.
  path: Assets/FBX AND TEXTURE/CrystalBoss/Crystal123/crystal 2 A.mat
  artifactKey: Guid(45fcc9b478b929d46b33622f0251c14b) Importer(815301076,1909f56bfc062723c751e8b465ee728b)
Start importing Assets/FBX AND TEXTURE/CrystalBoss/Crystal123/crystal 2 A.mat using Guid(45fcc9b478b929d46b33622f0251c14b) Importer(815301076,1909f56bfc062723c751e8b465ee728b)  -> (artifact id: 'dd3b8114552b79cad3c96ca6c438b1fc') in 0.102720 seconds 
========================================================================
Received Import Request.
  Time since last request: 0.000041 seconds.
  path: Assets/FBX AND TEXTURE/CrystalBoss/Crystal123/crystal 0 A.mat
  artifactKey: Guid(4ce4e4871691f16409cf0b5b91151c16) Importer(815301076,1909f56bfc062723c751e8b465ee728b)
Start importing Assets/FBX AND TEXTURE/CrystalBoss/Crystal123/crystal 0 A.mat using Guid(4ce4e4871691f16409cf0b5b91151c16) Importer(815301076,1909f56bfc062723c751e8b465ee728b)  -> (artifact id: '3ccb8bb89d5bcb30436e1425154f4487') in 0.075774 seconds 
========================================================================
Received Import Request.
  Time since last request: 3.437568 seconds.
  path: Assets/FBX AND TEXTURE/CrystalBoss/Crystal123/crystal 0 D.mat
  artifactKey: Guid(8b6a51a2b8b66e94188434b5b84ab647) Importer(815301076,1909f56bfc062723c751e8b465ee728b)
Start importing Assets/FBX AND TEXTURE/CrystalBoss/Crystal123/crystal 0 D.mat using Guid(8b6a51a2b8b66e94188434b5b84ab647) Importer(815301076,1909f56bfc062723c751e8b465ee728b)  -> (artifact id: 'e9063fda1e3e5bd1867c5fef9984ee40') in 0.084434 seconds 
========================================================================
Received Import Request.
  Time since last request: 15.252019 seconds.
  path: Assets/FBX AND TEXTURE/CrystalBoss/Crystal123/crystal 0 Vision.mat
  artifactKey: Guid(8b6a51a2b8b66e94188434b5b84ab647) Importer(815301076,1909f56bfc062723c751e8b465ee728b)
Start importing Assets/FBX AND TEXTURE/CrystalBoss/Crystal123/crystal 0 Vision.mat using Guid(8b6a51a2b8b66e94188434b5b84ab647) Importer(815301076,1909f56bfc062723c751e8b465ee728b)  -> (artifact id: 'cb22eca1e2268f3a92e180d31b20ad1c') in 0.127421 seconds 
========================================================================
Received Import Request.
  Time since last request: 188.436633 seconds.
  path: Assets/FBX AND TEXTURE/CrystalBoss/Crystal123/crystal 0 Vision.mat
  artifactKey: Guid(8b6a51a2b8b66e94188434b5b84ab647) Importer(815301076,1909f56bfc062723c751e8b465ee728b)
Start importing Assets/FBX AND TEXTURE/CrystalBoss/Crystal123/crystal 0 Vision.mat using Guid(8b6a51a2b8b66e94188434b5b84ab647) Importer(815301076,1909f56bfc062723c751e8b465ee728b)  -> (artifact id: '82f05e708e9027d02774047e46c91323') in 0.231928 seconds 
========================================================================
Received Import Request.
  Time since last request: 0.000077 seconds.
  path: Assets/FBX AND TEXTURE/CrystalBoss/Crystal123/crystal 1 A 1.mat
  artifactKey: Guid(ee0a11efe2e363f4a98603c3f7b1676c) Importer(815301076,1909f56bfc062723c751e8b465ee728b)
Start importing Assets/FBX AND TEXTURE/CrystalBoss/Crystal123/crystal 1 A 1.mat using Guid(ee0a11efe2e363f4a98603c3f7b1676c) Importer(815301076,1909f56bfc062723c751e8b465ee728b)  -> (artifact id: '971da655a3073beee38132d98568eec5') in 0.080953 seconds 
========================================================================
Received Import Request.
  Time since last request: 6.440934 seconds.
  path: Assets/FBX AND TEXTURE/CrystalBoss/Crystal123/crystal 1 Vision.mat
  artifactKey: Guid(ee0a11efe2e363f4a98603c3f7b1676c) Importer(815301076,1909f56bfc062723c751e8b465ee728b)
Start importing Assets/FBX AND TEXTURE/CrystalBoss/Crystal123/crystal 1 Vision.mat using Guid(ee0a11efe2e363f4a98603c3f7b1676c) Importer(815301076,1909f56bfc062723c751e8b465ee728b)  -> (artifact id: '48865534363bb428018644dc2a552425') in 0.150624 seconds 
========================================================================
Received Import Request.
  Time since last request: 133.881799 seconds.
  path: Assets/FBX AND TEXTURE/CrystalBoss/Crystal123/crystal 0 Vision 1.mat
  artifactKey: Guid(145df86257b9d7145a604ac54477f096) Importer(815301076,1909f56bfc062723c751e8b465ee728b)
Start importing Assets/FBX AND TEXTURE/CrystalBoss/Crystal123/crystal 0 Vision 1.mat using Guid(145df86257b9d7145a604ac54477f096) Importer(815301076,1909f56bfc062723c751e8b465ee728b)  -> (artifact id: '42a958f2844da81f8bef06f97b910bf6') in 0.115945 seconds 
========================================================================
Received Import Request.
  Time since last request: 0.000056 seconds.
  path: Assets/FBX AND TEXTURE/CrystalBoss/Crystal123/crystal 0 Vision.mat
  artifactKey: Guid(8b6a51a2b8b66e94188434b5b84ab647) Importer(815301076,1909f56bfc062723c751e8b465ee728b)
Start importing Assets/FBX AND TEXTURE/CrystalBoss/Crystal123/crystal 0 Vision.mat using Guid(8b6a51a2b8b66e94188434b5b84ab647) Importer(815301076,1909f56bfc062723c751e8b465ee728b)  -> (artifact id: 'b58ce3baa7fe6a5552363b0ce2f7b9f6') in 0.042343 seconds 
========================================================================
Received Import Request.
  Time since last request: 0.000043 seconds.
  path: Assets/FBX AND TEXTURE/CrystalBoss/Crystal123/crystal 1 Vision.mat
  artifactKey: Guid(ee0a11efe2e363f4a98603c3f7b1676c) Importer(815301076,1909f56bfc062723c751e8b465ee728b)
Start importing Assets/FBX AND TEXTURE/CrystalBoss/Crystal123/crystal 1 Vision.mat using Guid(ee0a11efe2e363f4a98603c3f7b1676c) Importer(815301076,1909f56bfc062723c751e8b465ee728b)  -> (artifact id: '1e77656b0f1dec92d4254912e6543c96') in 0.136611 seconds 
========================================================================
Received Import Request.
  Time since last request: 1036.405126 seconds.
  path: Assets/FBX AND TEXTURE/CrystalBoss/Crystal123/crystal 0 Vision.mat
  artifactKey: Guid(8b6a51a2b8b66e94188434b5b84ab647) Importer(815301076,1909f56bfc062723c751e8b465ee728b)
Start importing Assets/FBX AND TEXTURE/CrystalBoss/Crystal123/crystal 0 Vision.mat using Guid(8b6a51a2b8b66e94188434b5b84ab647) Importer(815301076,1909f56bfc062723c751e8b465ee728b)  -> (artifact id: '1fcaba27c55bac3b96630fec8ff1b37f') in 0.753247 seconds 
========================================================================
Received Import Request.
  Time since last request: 0.000942 seconds.
  path: Assets/FBX AND TEXTURE/CrystalBoss/Crystal123/crystal 1 Vision.mat
  artifactKey: Guid(ee0a11efe2e363f4a98603c3f7b1676c) Importer(815301076,1909f56bfc062723c751e8b465ee728b)
Start importing Assets/FBX AND TEXTURE/CrystalBoss/Crystal123/crystal 1 Vision.mat using Guid(ee0a11efe2e363f4a98603c3f7b1676c) Importer(815301076,1909f56bfc062723c751e8b465ee728b)  -> (artifact id: '0a5b2ee21d5af280fd3abfde5c087755') in 0.132819 seconds 
========================================================================
Received Import Request.
  Time since last request: 0.000042 seconds.
  path: Assets/FBX AND TEXTURE/CrystalBoss/Crystal123/crystal 0.mat
  artifactKey: Guid(ed669036e7471164bb0db5d81a0a29fc) Importer(815301076,1909f56bfc062723c751e8b465ee728b)
Start importing Assets/FBX AND TEXTURE/CrystalBoss/Crystal123/crystal 0.mat using Guid(ed669036e7471164bb0db5d81a0a29fc) Importer(815301076,1909f56bfc062723c751e8b465ee728b)  -> (artifact id: 'fd74b2e051127550aa0832fda6ea5558') in 0.361930 seconds 
========================================================================
Received Import Request.
  Time since last request: 70.441311 seconds.
  path: Assets/FBX AND TEXTURE/CrystalBoss/Crystal123/crystal 2 A 1.mat
  artifactKey: Guid(9f374bb969d01c54ab80cd205cd0685d) Importer(815301076,1909f56bfc062723c751e8b465ee728b)
Start importing Assets/FBX AND TEXTURE/CrystalBoss/Crystal123/crystal 2 A 1.mat using Guid(9f374bb969d01c54ab80cd205cd0685d) Importer(815301076,1909f56bfc062723c751e8b465ee728b)  -> (artifact id: 'eb33370b769904ee506462c5b84141d0') in 0.122947 seconds 
========================================================================
Received Import Request.
  Time since last request: 6.692213 seconds.
  path: Assets/FBX AND TEXTURE/CrystalBoss/Crystal123/crystal 2 Vision.mat
  artifactKey: Guid(9f374bb969d01c54ab80cd205cd0685d) Importer(815301076,1909f56bfc062723c751e8b465ee728b)
Start importing Assets/FBX AND TEXTURE/CrystalBoss/Crystal123/crystal 2 Vision.mat using Guid(9f374bb969d01c54ab80cd205cd0685d) Importer(815301076,1909f56bfc062723c751e8b465ee728b)  -> (artifact id: 'b84f379eb83dd2679b1c706fa3f296d3') in 0.105512 seconds 
========================================================================
Received Import Request.
  Time since last request: 167.230801 seconds.
  path: Assets/FBX AND TEXTURE/CrystalBoss/Crystal123/crystal 2 Vision.mat
  artifactKey: Guid(9f374bb969d01c54ab80cd205cd0685d) Importer(815301076,1909f56bfc062723c751e8b465ee728b)
Start importing Assets/FBX AND TEXTURE/CrystalBoss/Crystal123/crystal 2 Vision.mat using Guid(9f374bb969d01c54ab80cd205cd0685d) Importer(815301076,1909f56bfc062723c751e8b465ee728b)  -> (artifact id: 'd295e434688a34bbcbfeab7f1079aa6c') in 0.170170 seconds 
========================================================================
Received Prepare
Registering precompiled user dll's ...
Registered in 0.425557 seconds.
Begin MonoManager ReloadAssembly
Native extension for WindowsStandalone target not found
Refreshing native plugins compatible for Editor in 23.41 ms, found 2 plugins.
Preloading 0 native plugins for Editor in 0.00 ms.
Mono: successfully reloaded assembly
- Completed reload, in  8.687 seconds
Domain Reload Profiling:
	ReloadAssembly (8727ms)
		BeginReloadAssembly (2754ms)
			ExecutionOrderSort (1ms)
			DisableScriptedObjects (866ms)
			BackupInstance (0ms)
			ReleaseScriptingObjects (6ms)
			CreateAndSetChildDomain (836ms)
		EndReloadAssembly (5515ms)
			LoadAssemblies (2129ms)
			RebuildTransferFunctionScriptingTraits (2ms)
			SetupTypeCache (834ms)
			ReleaseScriptCaches (28ms)
			RebuildScriptCaches (165ms)
			SetupLoadedEditorAssemblies (1967ms)
				LogAssemblyErrors (0ms)
				InitializePlatformSupportModulesInManaged (57ms)
				SetLoadedEditorAssemblies (4ms)
				RefreshPlugins (24ms)
				BeforeProcessingInitializeOnLoad (758ms)
				ProcessInitializeOnLoadAttributes (1058ms)
				ProcessInitializeOnLoadMethodAttributes (54ms)
				AfterProcessingInitializeOnLoad (13ms)
				EditorAssembliesLoaded (0ms)
			ExecutionOrderSort2 (0ms)
			AwakeInstancesAfterBackupRestoration (96ms)
Platform modules already initialized, skipping
Refreshing native plugins compatible for Editor in 1.64 ms, found 2 plugins.
Preloading 0 native plugins for Editor in 0.00 ms.
Unloading 4537 Unused Serialized files (Serialized files now loaded: 0)
Unloading 65 unused Assets / (6.1 MB). Loaded Objects now: 5859.
Memory consumption went from 314.0 MB to 307.9 MB.
Total: 27.151500 ms (FindLiveObjects: 1.507800 ms CreateObjectMapping: 2.992300 ms MarkObjects: 20.453000 ms  DeleteObjects: 2.191700 ms)

AssetImportParameters requested are different than current active one (requested -> active):
  custom:video-decoder-ogg-theora: a1e56fd34408186e4bbccfd4996cb3dc -> 
  custom:container-muxer-webm: aa71ff27fc2769a1b78a27578f13a17b -> 
  custom:container-demuxer-webm: 4f35f7cbe854078d1ac9338744f61a02 -> 
  custom:video-encoder-webm-vp8: eb34c28f22e8b96e1ab97ce403110664 -> 
  custom:audio-encoder-webm-vorbis: bf7c407c2cedff20999df2af8eb42d56 -> 
  custom:framework-win-MediaFoundation: 216162199b28c13a410421893ffa2e32 -> 
  custom:container-demuxer-ogg: 62fdf1f143b41e24485cea50d1cbac27 -> 
  custom:video-decoder-webm-vp8: 9c59270c3fd7afecdb556c50c9e8de78 -> 
  custom:audio-decoder-ogg-vorbis: bf7c407c2cedff20999df2af8eb42d56 -> 
========================================================================
Received Prepare
Registering precompiled user dll's ...
Registered in 0.011822 seconds.
Begin MonoManager ReloadAssembly
Native extension for WindowsStandalone target not found
Refreshing native plugins compatible for Editor in 1.63 ms, found 2 plugins.
Preloading 0 native plugins for Editor in 0.00 ms.
Mono: successfully reloaded assembly
- Completed reload, in  6.613 seconds
Domain Reload Profiling:
	ReloadAssembly (6627ms)
		BeginReloadAssembly (1630ms)
			ExecutionOrderSort (0ms)
			DisableScriptedObjects (402ms)
			BackupInstance (0ms)
			ReleaseScriptingObjects (2ms)
			CreateAndSetChildDomain (396ms)
		EndReloadAssembly (4446ms)
			LoadAssemblies (2504ms)
			RebuildTransferFunctionScriptingTraits (0ms)
			SetupTypeCache (493ms)
			ReleaseScriptCaches (10ms)
			RebuildScriptCaches (160ms)
			SetupLoadedEditorAssemblies (1159ms)
				LogAssemblyErrors (0ms)
				InitializePlatformSupportModulesInManaged (24ms)
				SetLoadedEditorAssemblies (6ms)
				RefreshPlugins (2ms)
				BeforeProcessingInitializeOnLoad (141ms)
				ProcessInitializeOnLoadAttributes (910ms)
				ProcessInitializeOnLoadMethodAttributes (58ms)
				AfterProcessingInitializeOnLoad (16ms)
				EditorAssembliesLoaded (0ms)
			ExecutionOrderSort2 (0ms)
			AwakeInstancesAfterBackupRestoration (140ms)
Platform modules already initialized, skipping
Refreshing native plugins compatible for Editor in 2.11 ms, found 2 plugins.
Preloading 0 native plugins for Editor in 0.00 ms.
Unloading 4533 Unused Serialized files (Serialized files now loaded: 0)
Unloading 65 unused Assets / (6.1 MB). Loaded Objects now: 5862.
Memory consumption went from 313.5 MB to 307.4 MB.
Total: 21.980300 ms (FindLiveObjects: 0.810900 ms CreateObjectMapping: 1.144400 ms MarkObjects: 11.071800 ms  DeleteObjects: 8.946900 ms)

AssetImportParameters requested are different than current active one (requested -> active):
  custom:video-decoder-ogg-theora: a1e56fd34408186e4bbccfd4996cb3dc -> 
  custom:container-muxer-webm: aa71ff27fc2769a1b78a27578f13a17b -> 
  custom:container-demuxer-webm: 4f35f7cbe854078d1ac9338744f61a02 -> 
  custom:video-encoder-webm-vp8: eb34c28f22e8b96e1ab97ce403110664 -> 
  custom:audio-encoder-webm-vorbis: bf7c407c2cedff20999df2af8eb42d56 -> 
  custom:framework-win-MediaFoundation: 216162199b28c13a410421893ffa2e32 -> 
  custom:container-demuxer-ogg: 62fdf1f143b41e24485cea50d1cbac27 -> 
  custom:video-decoder-webm-vp8: 9c59270c3fd7afecdb556c50c9e8de78 -> 
  custom:audio-decoder-ogg-vorbis: bf7c407c2cedff20999df2af8eb42d56 -> 
========================================================================
Received Prepare
Registering precompiled user dll's ...
Registered in 0.015797 seconds.
Begin MonoManager ReloadAssembly
Native extension for WindowsStandalone target not found
Refreshing native plugins compatible for Editor in 2.15 ms, found 2 plugins.
Preloading 0 native plugins for Editor in 0.00 ms.
Mono: successfully reloaded assembly
- Completed reload, in  4.602 seconds
Domain Reload Profiling:
	ReloadAssembly (4604ms)
		BeginReloadAssembly (555ms)
			ExecutionOrderSort (0ms)
			DisableScriptedObjects (36ms)
			BackupInstance (0ms)
			ReleaseScriptingObjects (1ms)
			CreateAndSetChildDomain (94ms)
		EndReloadAssembly (3664ms)
			LoadAssemblies (1683ms)
			RebuildTransferFunctionScriptingTraits (0ms)
			SetupTypeCache (510ms)
			ReleaseScriptCaches (5ms)
			RebuildScriptCaches (164ms)
			SetupLoadedEditorAssemblies (1256ms)
				LogAssemblyErrors (0ms)
				InitializePlatformSupportModulesInManaged (23ms)
				SetLoadedEditorAssemblies (1ms)
				RefreshPlugins (2ms)
				BeforeProcessingInitializeOnLoad (168ms)
				ProcessInitializeOnLoadAttributes (990ms)
				ProcessInitializeOnLoadMethodAttributes (58ms)
				AfterProcessingInitializeOnLoad (14ms)
				EditorAssembliesLoaded (0ms)
			ExecutionOrderSort2 (0ms)
			AwakeInstancesAfterBackupRestoration (79ms)
Platform modules already initialized, skipping
Refreshing native plugins compatible for Editor in 3.43 ms, found 2 plugins.
Preloading 0 native plugins for Editor in 0.00 ms.
Unloading 4533 Unused Serialized files (Serialized files now loaded: 0)
Unloading 65 unused Assets / (6.1 MB). Loaded Objects now: 5865.
Memory consumption went from 313.5 MB to 307.4 MB.
Total: 12.913400 ms (FindLiveObjects: 1.061000 ms CreateObjectMapping: 1.323600 ms MarkObjects: 8.730300 ms  DeleteObjects: 1.796300 ms)

AssetImportParameters requested are different than current active one (requested -> active):
  custom:video-decoder-ogg-theora: a1e56fd34408186e4bbccfd4996cb3dc -> 
  custom:container-muxer-webm: aa71ff27fc2769a1b78a27578f13a17b -> 
  custom:container-demuxer-webm: 4f35f7cbe854078d1ac9338744f61a02 -> 
  custom:video-encoder-webm-vp8: eb34c28f22e8b96e1ab97ce403110664 -> 
  custom:audio-encoder-webm-vorbis: bf7c407c2cedff20999df2af8eb42d56 -> 
  custom:framework-win-MediaFoundation: 216162199b28c13a410421893ffa2e32 -> 
  custom:container-demuxer-ogg: 62fdf1f143b41e24485cea50d1cbac27 -> 
  custom:video-decoder-webm-vp8: 9c59270c3fd7afecdb556c50c9e8de78 -> 
  custom:audio-decoder-ogg-vorbis: bf7c407c2cedff20999df2af8eb42d56 -> 
========================================================================
Received Prepare
Registering precompiled user dll's ...
Registered in 0.006465 seconds.
Begin MonoManager ReloadAssembly
Native extension for WindowsStandalone target not found
Refreshing native plugins compatible for Editor in 1.39 ms, found 2 plugins.
Preloading 0 native plugins for Editor in 0.00 ms.
Mono: successfully reloaded assembly
- Completed reload, in  2.833 seconds
Domain Reload Profiling:
	ReloadAssembly (2834ms)
		BeginReloadAssembly (357ms)
			ExecutionOrderSort (0ms)
			DisableScriptedObjects (14ms)
			BackupInstance (0ms)
			ReleaseScriptingObjects (0ms)
			CreateAndSetChildDomain (78ms)
		EndReloadAssembly (2214ms)
			LoadAssemblies (219ms)
			RebuildTransferFunctionScriptingTraits (0ms)
			SetupTypeCache (466ms)
			ReleaseScriptCaches (4ms)
			RebuildScriptCaches (157ms)
			SetupLoadedEditorAssemblies (1151ms)
				LogAssemblyErrors (0ms)
				InitializePlatformSupportModulesInManaged (25ms)
				SetLoadedEditorAssemblies (1ms)
				RefreshPlugins (1ms)
				BeforeProcessingInitializeOnLoad (161ms)
				ProcessInitializeOnLoadAttributes (893ms)
				ProcessInitializeOnLoadMethodAttributes (54ms)
				AfterProcessingInitializeOnLoad (14ms)
				EditorAssembliesLoaded (0ms)
			ExecutionOrderSort2 (0ms)
			AwakeInstancesAfterBackupRestoration (78ms)
Platform modules already initialized, skipping
Refreshing native plugins compatible for Editor in 1.47 ms, found 2 plugins.
Preloading 0 native plugins for Editor in 0.00 ms.
Unloading 4533 Unused Serialized files (Serialized files now loaded: 0)
Unloading 65 unused Assets / (6.1 MB). Loaded Objects now: 5868.
Memory consumption went from 313.5 MB to 307.4 MB.
Total: 8.041700 ms (FindLiveObjects: 0.530300 ms CreateObjectMapping: 0.691400 ms MarkObjects: 5.606200 ms  DeleteObjects: 1.212200 ms)

AssetImportParameters requested are different than current active one (requested -> active):
  custom:video-decoder-ogg-theora: a1e56fd34408186e4bbccfd4996cb3dc -> 
  custom:container-muxer-webm: aa71ff27fc2769a1b78a27578f13a17b -> 
  custom:container-demuxer-webm: 4f35f7cbe854078d1ac9338744f61a02 -> 
  custom:video-encoder-webm-vp8: eb34c28f22e8b96e1ab97ce403110664 -> 
  custom:audio-encoder-webm-vorbis: bf7c407c2cedff20999df2af8eb42d56 -> 
  custom:framework-win-MediaFoundation: 216162199b28c13a410421893ffa2e32 -> 
  custom:container-demuxer-ogg: 62fdf1f143b41e24485cea50d1cbac27 -> 
  custom:video-decoder-webm-vp8: 9c59270c3fd7afecdb556c50c9e8de78 -> 
  custom:audio-decoder-ogg-vorbis: bf7c407c2cedff20999df2af8eb42d56 -> 
========================================================================
Received Import Request.
  Time since last request: 5371.068022 seconds.
  path: Assets/AA/Prefabs/Bullet/Boss_Bullet.prefab
  artifactKey: Guid(dd3052da09ee28d4488ec657cb45da46) Importer(815301076,1909f56bfc062723c751e8b465ee728b)
Start importing Assets/AA/Prefabs/Bullet/Boss_Bullet.prefab using Guid(dd3052da09ee28d4488ec657cb45da46) Importer(815301076,1909f56bfc062723c751e8b465ee728b)  -> (artifact id: '19f537a9efd6cb2f290f077102bf0941') in 6.030484 seconds 
========================================================================
Received Import Request.
  Time since last request: 0.002221 seconds.
  path: Assets/AA/Prefabs/Bullet/HIT_Player.prefab
  artifactKey: Guid(0d8824e81756ff745b56274270de6a7e) Importer(815301076,1909f56bfc062723c751e8b465ee728b)
Start importing Assets/AA/Prefabs/Bullet/HIT_Player.prefab using Guid(0d8824e81756ff745b56274270de6a7e) Importer(815301076,1909f56bfc062723c751e8b465ee728b)  -> (artifact id: '8b56dd7d0bdf419ec0cad55a2785570d') in 0.733490 seconds 
========================================================================
Received Import Request.
  Time since last request: 0.000054 seconds.
  path: Assets/AA/Prefabs/Bullet/Bullet vfx.prefab
  artifactKey: Guid(2048c720fbcf12d46a936dba1498e589) Importer(815301076,1909f56bfc062723c751e8b465ee728b)
Start importing Assets/AA/Prefabs/Bullet/Bullet vfx.prefab using Guid(2048c720fbcf12d46a936dba1498e589) Importer(815301076,1909f56bfc062723c751e8b465ee728b)  -> (artifact id: '014e3199925eaced71e13abc01dc0bcf') in 4.794329 seconds 
========================================================================
Received Import Request.
  Time since last request: 65.654863 seconds.
  path: Assets/AA/Prefabs/Bullet/Hit B1_B.prefab
  artifactKey: Guid(1a525002018361e46ac2e731770afee2) Importer(815301076,1909f56bfc062723c751e8b465ee728b)
Start importing Assets/AA/Prefabs/Bullet/Hit B1_B.prefab using Guid(1a525002018361e46ac2e731770afee2) Importer(815301076,1909f56bfc062723c751e8b465ee728b)  -> (artifact id: '5e9cae565ecca0ea10ab89da9fcf6583') in 0.129593 seconds 
========================================================================
Received Import Request.
  Time since last request: 122.114006 seconds.
  path: Assets/FBX AND TEXTURE/CrystalBoss/Crystal123/Crystal4.fbx
  artifactKey: Guid(79096303d957079438e78672fac7d015) Importer(815301076,1909f56bfc062723c751e8b465ee728b)
Start importing Assets/FBX AND TEXTURE/CrystalBoss/Crystal123/Crystal4.fbx using Guid(79096303d957079438e78672fac7d015) Importer(815301076,1909f56bfc062723c751e8b465ee728b)  -> (artifact id: '29b562e42564b1fed19cb8cd79aab2c8') in 0.495248 seconds 
========================================================================
Received Import Request.
  Time since last request: 175.775669 seconds.
  path: Assets/AA/Prefabs/Bullet/Boss_Bullet.prefab
  artifactKey: Guid(dd3052da09ee28d4488ec657cb45da46) Importer(815301076,1909f56bfc062723c751e8b465ee728b)
Start importing Assets/AA/Prefabs/Bullet/Boss_Bullet.prefab using Guid(dd3052da09ee28d4488ec657cb45da46) Importer(815301076,1909f56bfc062723c751e8b465ee728b)  -> (artifact id: 'c39bc39b2167a879b850b5179c2ce3d0') in 0.866529 seconds 
========================================================================
Received Import Request.
  Time since last request: 26.870956 seconds.
  path: Assets/AA/Prefabs/Bullet/Boss_Muzzle.prefab
  artifactKey: Guid(91cd590486a132f4fb0ef0c727b9ae0c) Importer(815301076,1909f56bfc062723c751e8b465ee728b)
Start importing Assets/AA/Prefabs/Bullet/Boss_Muzzle.prefab using Guid(91cd590486a132f4fb0ef0c727b9ae0c) Importer(815301076,1909f56bfc062723c751e8b465ee728b)  -> (artifact id: 'bf464ca4faa26bf4d2387f386dcd701a') in 0.269656 seconds 
========================================================================
Received Import Request.
  Time since last request: 13.409504 seconds.
  path: Assets/AA/Prefabs/Bullet/Hit B1_B.prefab
  artifactKey: Guid(1a525002018361e46ac2e731770afee2) Importer(815301076,1909f56bfc062723c751e8b465ee728b)
Start importing Assets/AA/Prefabs/Bullet/Hit B1_B.prefab using Guid(1a525002018361e46ac2e731770afee2) Importer(815301076,1909f56bfc062723c751e8b465ee728b)  -> (artifact id: 'ae8b360e8484bafd1a8312f4c1f4637c') in 0.776851 seconds 
========================================================================
Received Import Request.
  Time since last request: 6.119103 seconds.
  path: Assets/AA/Prefabs/Bullet/Hit B1_B.prefab
  artifactKey: Guid(1a525002018361e46ac2e731770afee2) Importer(815301076,1909f56bfc062723c751e8b465ee728b)
Start importing Assets/AA/Prefabs/Bullet/Hit B1_B.prefab using Guid(1a525002018361e46ac2e731770afee2) Importer(815301076,1909f56bfc062723c751e8b465ee728b)  -> (artifact id: '2a3651c62d183a4eedf58bc7859b7688') in 0.240906 seconds 
========================================================================
Received Import Request.
  Time since last request: 0.763684 seconds.
  path: Assets/AA/Prefabs/Bullet/Hit B1_B.prefab
  artifactKey: Guid(1a525002018361e46ac2e731770afee2) Importer(815301076,1909f56bfc062723c751e8b465ee728b)
Start importing Assets/AA/Prefabs/Bullet/Hit B1_B.prefab using Guid(1a525002018361e46ac2e731770afee2) Importer(815301076,1909f56bfc062723c751e8b465ee728b)  -> (artifact id: '23abe7f7de844da1ba9fc65a367bfe50') in 0.134825 seconds 
========================================================================
Received Import Request.
  Time since last request: 2.497971 seconds.
  path: Assets/AA/Prefabs/Bullet/Hit B1_B.prefab
  artifactKey: Guid(1a525002018361e46ac2e731770afee2) Importer(815301076,1909f56bfc062723c751e8b465ee728b)
Start importing Assets/AA/Prefabs/Bullet/Hit B1_B.prefab using Guid(1a525002018361e46ac2e731770afee2) Importer(815301076,1909f56bfc062723c751e8b465ee728b)  -> (artifact id: '474a40c31152397418b21df52e900f01') in 0.156586 seconds 
========================================================================
Received Import Request.
  Time since last request: 5.000886 seconds.
  path: Assets/AA/Prefabs/Bullet/Hit B1_B.prefab
  artifactKey: Guid(1a525002018361e46ac2e731770afee2) Importer(815301076,1909f56bfc062723c751e8b465ee728b)
Start importing Assets/AA/Prefabs/Bullet/Hit B1_B.prefab using Guid(1a525002018361e46ac2e731770afee2) Importer(815301076,1909f56bfc062723c751e8b465ee728b)  -> (artifact id: '4a8cdb3636698b1e618c17235767156c') in 0.179123 seconds 
========================================================================
Received Import Request.
  Time since last request: 5.824803 seconds.
  path: Assets/AA/Prefabs/Bullet/Hit B1_B.prefab
  artifactKey: Guid(1a525002018361e46ac2e731770afee2) Importer(815301076,1909f56bfc062723c751e8b465ee728b)
Start importing Assets/AA/Prefabs/Bullet/Hit B1_B.prefab using Guid(1a525002018361e46ac2e731770afee2) Importer(815301076,1909f56bfc062723c751e8b465ee728b)  -> (artifact id: 'c6d25c932bd78e31d5c540cb48fc072d') in 0.135000 seconds 
========================================================================
Received Import Request.
  Time since last request: 39.426379 seconds.
  path: Assets/AA/Prefabs/Bullet/Boss_Bullet.prefab
  artifactKey: Guid(dd3052da09ee28d4488ec657cb45da46) Importer(815301076,1909f56bfc062723c751e8b465ee728b)
Start importing Assets/AA/Prefabs/Bullet/Boss_Bullet.prefab using Guid(dd3052da09ee28d4488ec657cb45da46) Importer(815301076,1909f56bfc062723c751e8b465ee728b)  -> (artifact id: '91dfaaa42ec08a83fec193080035ccea') in 0.090365 seconds 
========================================================================
Received Import Request.
  Time since last request: 5.850306 seconds.
  path: Assets/AA/Prefabs/Bullet/Boss_Bullet.prefab
  artifactKey: Guid(dd3052da09ee28d4488ec657cb45da46) Importer(815301076,1909f56bfc062723c751e8b465ee728b)
Start importing Assets/AA/Prefabs/Bullet/Boss_Bullet.prefab using Guid(dd3052da09ee28d4488ec657cb45da46) Importer(815301076,1909f56bfc062723c751e8b465ee728b)  -> (artifact id: 'a1a513884f567e3d83cccd6f6e1e407a') in 0.076328 seconds 
========================================================================
Received Import Request.
  Time since last request: 3.745518 seconds.
  path: Assets/AA/Prefabs/Bullet/Boss_Bullet.prefab
  artifactKey: Guid(dd3052da09ee28d4488ec657cb45da46) Importer(815301076,1909f56bfc062723c751e8b465ee728b)
Start importing Assets/AA/Prefabs/Bullet/Boss_Bullet.prefab using Guid(dd3052da09ee28d4488ec657cb45da46) Importer(815301076,1909f56bfc062723c751e8b465ee728b)  -> (artifact id: '48f1ac6da0cd5bc7fa9df039791076e6') in 0.039693 seconds 
========================================================================
Received Import Request.
  Time since last request: 29.951337 seconds.
  path: Assets/FBX AND TEXTURE/CrystalBoss/Crystal123/Crystal4.fbx
  artifactKey: Guid(79096303d957079438e78672fac7d015) Importer(815301076,1909f56bfc062723c751e8b465ee728b)
Start importing Assets/FBX AND TEXTURE/CrystalBoss/Crystal123/Crystal4.fbx using Guid(79096303d957079438e78672fac7d015) Importer(815301076,1909f56bfc062723c751e8b465ee728b)  -> (artifact id: 'da3b621a8853b798465fea6c39da1004') in 0.108167 seconds 
========================================================================
Received Import Request.
  Time since last request: 132.718149 seconds.
  path: Assets/AA/Prefabs/Bullet/Boss_Bullet.prefab
  artifactKey: Guid(dd3052da09ee28d4488ec657cb45da46) Importer(815301076,1909f56bfc062723c751e8b465ee728b)
Start importing Assets/AA/Prefabs/Bullet/Boss_Bullet.prefab using Guid(dd3052da09ee28d4488ec657cb45da46) Importer(815301076,1909f56bfc062723c751e8b465ee728b)  -> (artifact id: '4d9d047ccb2a5ef3661fe322cb8ce74b') in 0.090690 seconds 
========================================================================
Received Import Request.
  Time since last request: 157.481890 seconds.
  path: Assets/FBX AND TEXTURE/CrystalBoss/Crystal123/Crystal4 1.fbx
  artifactKey: Guid(5c957473e50ce8c44b85bde2ad7c481d) Importer(815301076,1909f56bfc062723c751e8b465ee728b)
Start importing Assets/FBX AND TEXTURE/CrystalBoss/Crystal123/Crystal4 1.fbx using Guid(5c957473e50ce8c44b85bde2ad7c481d) Importer(815301076,1909f56bfc062723c751e8b465ee728b)  -> (artifact id: '54d753f81feb275d92e209745a61f664') in 0.319607 seconds 
========================================================================
Received Import Request.
  Time since last request: 60.034959 seconds.
  path: Assets/FBX AND TEXTURE/CrystalBoss/Crystal123/Crystal4 1.fbx
  artifactKey: Guid(5c957473e50ce8c44b85bde2ad7c481d) Importer(815301076,1909f56bfc062723c751e8b465ee728b)
Start importing Assets/FBX AND TEXTURE/CrystalBoss/Crystal123/Crystal4 1.fbx using Guid(5c957473e50ce8c44b85bde2ad7c481d) Importer(815301076,1909f56bfc062723c751e8b465ee728b)  -> (artifact id: '721d16de805fb89890dbf63236737cd7') in 0.117345 seconds 
========================================================================
Received Import Request.
  Time since last request: 17.593111 seconds.
  path: Assets/AA/Prefabs/Bullet/Boss_Bullet.prefab
  artifactKey: Guid(dd3052da09ee28d4488ec657cb45da46) Importer(815301076,1909f56bfc062723c751e8b465ee728b)
Start importing Assets/AA/Prefabs/Bullet/Boss_Bullet.prefab using Guid(dd3052da09ee28d4488ec657cb45da46) Importer(815301076,1909f56bfc062723c751e8b465ee728b)  -> (artifact id: 'f3a518f5381c360ae4e60365ebb334ec') in 0.069185 seconds 
========================================================================
Received Import Request.
  Time since last request: 169.408555 seconds.
  path: Assets/AA/Prefabs/Bullet/Hit B1_B.prefab
  artifactKey: Guid(1a525002018361e46ac2e731770afee2) Importer(815301076,1909f56bfc062723c751e8b465ee728b)
Start importing Assets/AA/Prefabs/Bullet/Hit B1_B.prefab using Guid(1a525002018361e46ac2e731770afee2) Importer(815301076,1909f56bfc062723c751e8b465ee728b)  -> (artifact id: '4ba15269ebc0ce011055eef88de299fa') in 0.022070 seconds 
========================================================================
Received Import Request.
  Time since last request: 344.116015 seconds.
  path: Assets/AA/Prefabs/Bullet/Boss_Bullet.prefab
  artifactKey: Guid(dd3052da09ee28d4488ec657cb45da46) Importer(815301076,1909f56bfc062723c751e8b465ee728b)
Start importing Assets/AA/Prefabs/Bullet/Boss_Bullet.prefab using Guid(dd3052da09ee28d4488ec657cb45da46) Importer(815301076,1909f56bfc062723c751e8b465ee728b)  -> (artifact id: '775effc3997815e1d90896cb30259c85') in 0.407668 seconds 
========================================================================
Received Import Request.
  Time since last request: 37.486066 seconds.
  path: Assets/AA/Prefabs/Bullet/Boss_Bullet.prefab
  artifactKey: Guid(dd3052da09ee28d4488ec657cb45da46) Importer(815301076,1909f56bfc062723c751e8b465ee728b)
Start importing Assets/AA/Prefabs/Bullet/Boss_Bullet.prefab using Guid(dd3052da09ee28d4488ec657cb45da46) Importer(815301076,1909f56bfc062723c751e8b465ee728b)  -> (artifact id: 'ce769690b73ed458114e52fa209e191f') in 0.145853 seconds 
========================================================================
Received Import Request.
  Time since last request: 12.235000 seconds.
  path: Assets/AA/Prefabs/Bullet/Hit B1_B.prefab
  artifactKey: Guid(1a525002018361e46ac2e731770afee2) Importer(815301076,1909f56bfc062723c751e8b465ee728b)
Start importing Assets/AA/Prefabs/Bullet/Hit B1_B.prefab using Guid(1a525002018361e46ac2e731770afee2) Importer(815301076,1909f56bfc062723c751e8b465ee728b)  -> (artifact id: '957510870dfee37a8fe6657a8a547666') in 0.466074 seconds 
========================================================================
Received Import Request.
  Time since last request: 5.084882 seconds.
  path: Assets/AA/Prefabs/Bullet/Hit B1_B.prefab
  artifactKey: Guid(1a525002018361e46ac2e731770afee2) Importer(815301076,1909f56bfc062723c751e8b465ee728b)
Start importing Assets/AA/Prefabs/Bullet/Hit B1_B.prefab using Guid(1a525002018361e46ac2e731770afee2) Importer(815301076,1909f56bfc062723c751e8b465ee728b)  -> (artifact id: 'f8092ee8701fa18ffa59141220643bb6') in 0.118511 seconds 
========================================================================
Received Import Request.
  Time since last request: 80.829223 seconds.
  path: Assets/AA/Prefabs/Bullet/HIT_Player.prefab
  artifactKey: Guid(0d8824e81756ff745b56274270de6a7e) Importer(815301076,1909f56bfc062723c751e8b465ee728b)
Start importing Assets/AA/Prefabs/Bullet/HIT_Player.prefab using Guid(0d8824e81756ff745b56274270de6a7e) Importer(815301076,1909f56bfc062723c751e8b465ee728b)  -> (artifact id: 'a0e2ae51a1440299cde327b25f4193c2') in 0.366949 seconds 
========================================================================
Received Import Request.
  Time since last request: 54.594976 seconds.
  path: Assets/AA/Prefabs/Bullet/Bullet vfx.prefab
  artifactKey: Guid(2048c720fbcf12d46a936dba1498e589) Importer(815301076,1909f56bfc062723c751e8b465ee728b)
Start importing Assets/AA/Prefabs/Bullet/Bullet vfx.prefab using Guid(2048c720fbcf12d46a936dba1498e589) Importer(815301076,1909f56bfc062723c751e8b465ee728b)  -> (artifact id: '86a2ff70850bcab54e3afad3f547c708') in 5.977965 seconds 
========================================================================
Received Import Request.
  Time since last request: 0.000058 seconds.
  path: Assets/AA/Prefabs/Bullet/Hit B1.prefab
  artifactKey: Guid(ac992c20884157b438fda432fc1949ef) Importer(815301076,1909f56bfc062723c751e8b465ee728b)
Start importing Assets/AA/Prefabs/Bullet/Hit B1.prefab using Guid(ac992c20884157b438fda432fc1949ef) Importer(815301076,1909f56bfc062723c751e8b465ee728b)  -> (artifact id: '3369c79dca9c6074e0f80e9aeb2be147') in 0.160041 seconds 
========================================================================
Received Import Request.
  Time since last request: 0.000070 seconds.
  path: Assets/AA/Prefabs/Bullet/Hit 1.prefab
  artifactKey: Guid(ab51fae94f78e9544a9069c1a8470cb4) Importer(815301076,1909f56bfc062723c751e8b465ee728b)
Start importing Assets/AA/Prefabs/Bullet/Hit 1.prefab using Guid(ab51fae94f78e9544a9069c1a8470cb4) Importer(815301076,1909f56bfc062723c751e8b465ee728b)  -> (artifact id: 'e33b8b82dbc8ac3ce90b0bf7ef2e472b') in 0.063676 seconds 
========================================================================
Received Import Request.
  Time since last request: 0.509803 seconds.
  path: Assets/AA/Prefabs/Bullet/Bullet vfx.prefab
  artifactKey: Guid(2048c720fbcf12d46a936dba1498e589) Importer(815301076,1909f56bfc062723c751e8b465ee728b)
Start importing Assets/AA/Prefabs/Bullet/Bullet vfx.prefab using Guid(2048c720fbcf12d46a936dba1498e589) Importer(815301076,1909f56bfc062723c751e8b465ee728b)  -> (artifact id: 'b4ab14d1b9b8e60b20fd68e3136d2839') in 0.230266 seconds 
========================================================================
Received Import Request.
  Time since last request: 0.000041 seconds.
  path: Assets/AA/Prefabs/Bullet/Hit B1.prefab
  artifactKey: Guid(ac992c20884157b438fda432fc1949ef) Importer(815301076,1909f56bfc062723c751e8b465ee728b)
Start importing Assets/AA/Prefabs/Bullet/Hit B1.prefab using Guid(ac992c20884157b438fda432fc1949ef) Importer(815301076,1909f56bfc062723c751e8b465ee728b)  -> (artifact id: 'cb9b99eaa4c07fcc77b1ee6eb78abcd6') in 0.214653 seconds 
========================================================================
Received Import Request.
  Time since last request: 0.000063 seconds.
  path: Assets/AA/Prefabs/Bullet/Hit 1.prefab
  artifactKey: Guid(ab51fae94f78e9544a9069c1a8470cb4) Importer(815301076,1909f56bfc062723c751e8b465ee728b)
Start importing Assets/AA/Prefabs/Bullet/Hit 1.prefab using Guid(ab51fae94f78e9544a9069c1a8470cb4) Importer(815301076,1909f56bfc062723c751e8b465ee728b)  -> (artifact id: '0ee0782e93e91e1307e61cdc79f4936c') in 0.437618 seconds 
========================================================================
Received Import Request.
  Time since last request: 21.321261 seconds.
  path: Assets/AA/Prefabs/Bullet/Bullet vfx.prefab
  artifactKey: Guid(2048c720fbcf12d46a936dba1498e589) Importer(815301076,1909f56bfc062723c751e8b465ee728b)
Start importing Assets/AA/Prefabs/Bullet/Bullet vfx.prefab using Guid(2048c720fbcf12d46a936dba1498e589) Importer(815301076,1909f56bfc062723c751e8b465ee728b)  -> (artifact id: '3014826ae7681083dea375fbbc30f01f') in 0.201912 seconds 
========================================================================
Received Import Request.
  Time since last request: 0.000042 seconds.
  path: Assets/AA/Prefabs/Bullet/Hit B1.prefab
  artifactKey: Guid(ac992c20884157b438fda432fc1949ef) Importer(815301076,1909f56bfc062723c751e8b465ee728b)
Start importing Assets/AA/Prefabs/Bullet/Hit B1.prefab using Guid(ac992c20884157b438fda432fc1949ef) Importer(815301076,1909f56bfc062723c751e8b465ee728b)  -> (artifact id: 'd1dbf120d86f03b9a1522fe8d3acaf33') in 0.100349 seconds 
========================================================================
Received Import Request.
  Time since last request: 0.000042 seconds.
  path: Assets/AA/Prefabs/Bullet/Hit 1.prefab
  artifactKey: Guid(ab51fae94f78e9544a9069c1a8470cb4) Importer(815301076,1909f56bfc062723c751e8b465ee728b)
Start importing Assets/AA/Prefabs/Bullet/Hit 1.prefab using Guid(ab51fae94f78e9544a9069c1a8470cb4) Importer(815301076,1909f56bfc062723c751e8b465ee728b)  -> (artifact id: '8e7f767f833c384a67980fc7af82ea0e') in 0.226595 seconds 
========================================================================
Received Import Request.
  Time since last request: 1.703715 seconds.
  path: Assets/AA/Prefabs/Bullet/Bullet vfx.prefab
  artifactKey: Guid(2048c720fbcf12d46a936dba1498e589) Importer(815301076,1909f56bfc062723c751e8b465ee728b)
Start importing Assets/AA/Prefabs/Bullet/Bullet vfx.prefab using Guid(2048c720fbcf12d46a936dba1498e589) Importer(815301076,1909f56bfc062723c751e8b465ee728b)  -> (artifact id: '35970f5dec8d8daba0d5746743904c7c') in 0.220683 seconds 
========================================================================
Received Import Request.
  Time since last request: 0.000069 seconds.
  path: Assets/AA/Prefabs/Bullet/Hit B1.prefab
  artifactKey: Guid(ac992c20884157b438fda432fc1949ef) Importer(815301076,1909f56bfc062723c751e8b465ee728b)
Start importing Assets/AA/Prefabs/Bullet/Hit B1.prefab using Guid(ac992c20884157b438fda432fc1949ef) Importer(815301076,1909f56bfc062723c751e8b465ee728b)  -> (artifact id: '0cec1a443f9e359095ab312eb669d375') in 0.103375 seconds 
========================================================================
Received Import Request.
  Time since last request: 0.000060 seconds.
  path: Assets/AA/Prefabs/Bullet/Hit 1.prefab
  artifactKey: Guid(ab51fae94f78e9544a9069c1a8470cb4) Importer(815301076,1909f56bfc062723c751e8b465ee728b)
Start importing Assets/AA/Prefabs/Bullet/Hit 1.prefab using Guid(ab51fae94f78e9544a9069c1a8470cb4) Importer(815301076,1909f56bfc062723c751e8b465ee728b)  -> (artifact id: '4009fe9b7ad3886abbafa27c27c2e189') in 0.196019 seconds 
========================================================================
Received Import Request.
  Time since last request: 24.507754 seconds.
  path: Assets/AA/Prefabs/Bullet/Bullet vfx.prefab
  artifactKey: Guid(2048c720fbcf12d46a936dba1498e589) Importer(815301076,1909f56bfc062723c751e8b465ee728b)
Start importing Assets/AA/Prefabs/Bullet/Bullet vfx.prefab using Guid(2048c720fbcf12d46a936dba1498e589) Importer(815301076,1909f56bfc062723c751e8b465ee728b)  -> (artifact id: '6c8a65555f5c3b3d0d0aeef4101724ad') in 0.153916 seconds 
========================================================================
Received Import Request.
  Time since last request: 0.000049 seconds.
  path: Assets/AA/Prefabs/Bullet/Hit B1.prefab
  artifactKey: Guid(ac992c20884157b438fda432fc1949ef) Importer(815301076,1909f56bfc062723c751e8b465ee728b)
Start importing Assets/AA/Prefabs/Bullet/Hit B1.prefab using Guid(ac992c20884157b438fda432fc1949ef) Importer(815301076,1909f56bfc062723c751e8b465ee728b)  -> (artifact id: '91b26d6e7597157e9f1d3f9f16cc1e4a') in 0.073660 seconds 
========================================================================
Received Import Request.
  Time since last request: 0.000040 seconds.
  path: Assets/AA/Prefabs/Bullet/Hit 1.prefab
  artifactKey: Guid(ab51fae94f78e9544a9069c1a8470cb4) Importer(815301076,1909f56bfc062723c751e8b465ee728b)
Start importing Assets/AA/Prefabs/Bullet/Hit 1.prefab using Guid(ab51fae94f78e9544a9069c1a8470cb4) Importer(815301076,1909f56bfc062723c751e8b465ee728b)  -> (artifact id: 'a1df99414cff4695daaf04cb3c769ec4') in 0.192797 seconds 
========================================================================
Received Import Request.
  Time since last request: 5.831997 seconds.
  path: Assets/AA/Prefabs/Bullet/Bullet vfx.prefab
  artifactKey: Guid(2048c720fbcf12d46a936dba1498e589) Importer(815301076,1909f56bfc062723c751e8b465ee728b)
Start importing Assets/AA/Prefabs/Bullet/Bullet vfx.prefab using Guid(2048c720fbcf12d46a936dba1498e589) Importer(815301076,1909f56bfc062723c751e8b465ee728b)  -> (artifact id: 'b36dcdcd502795bfebe153df22e9f203') in 0.165869 seconds 
========================================================================
Received Import Request.
  Time since last request: 0.000042 seconds.
  path: Assets/AA/Prefabs/Bullet/Hit B1.prefab
  artifactKey: Guid(ac992c20884157b438fda432fc1949ef) Importer(815301076,1909f56bfc062723c751e8b465ee728b)
Start importing Assets/AA/Prefabs/Bullet/Hit B1.prefab using Guid(ac992c20884157b438fda432fc1949ef) Importer(815301076,1909f56bfc062723c751e8b465ee728b)  -> (artifact id: '0a806d47900ac08a7229a32d86298867') in 0.069775 seconds 
========================================================================
Received Import Request.
  Time since last request: 0.000110 seconds.
  path: Assets/AA/Prefabs/Bullet/Hit 1.prefab
  artifactKey: Guid(ab51fae94f78e9544a9069c1a8470cb4) Importer(815301076,1909f56bfc062723c751e8b465ee728b)
Start importing Assets/AA/Prefabs/Bullet/Hit 1.prefab using Guid(ab51fae94f78e9544a9069c1a8470cb4) Importer(815301076,1909f56bfc062723c751e8b465ee728b)  -> (artifact id: '4434359e37bd3e2274663a044d724244') in 0.211252 seconds 
========================================================================
Received Import Request.
  Time since last request: 3.873120 seconds.
  path: Assets/AA/Prefabs/Bullet/Bullet vfx.prefab
  artifactKey: Guid(2048c720fbcf12d46a936dba1498e589) Importer(815301076,1909f56bfc062723c751e8b465ee728b)
Start importing Assets/AA/Prefabs/Bullet/Bullet vfx.prefab using Guid(2048c720fbcf12d46a936dba1498e589) Importer(815301076,1909f56bfc062723c751e8b465ee728b)  -> (artifact id: '731a440b93732483e22273dfa1c1d1b8') in 0.156400 seconds 
========================================================================
Received Import Request.
  Time since last request: 0.000044 seconds.
  path: Assets/AA/Prefabs/Bullet/Hit B1.prefab
  artifactKey: Guid(ac992c20884157b438fda432fc1949ef) Importer(815301076,1909f56bfc062723c751e8b465ee728b)
Start importing Assets/AA/Prefabs/Bullet/Hit B1.prefab using Guid(ac992c20884157b438fda432fc1949ef) Importer(815301076,1909f56bfc062723c751e8b465ee728b)  -> (artifact id: 'f3de70e232ba54ef0dddb662f8b51002') in 0.075148 seconds 
========================================================================
Received Import Request.
  Time since last request: 0.000044 seconds.
  path: Assets/AA/Prefabs/Bullet/Hit 1.prefab
  artifactKey: Guid(ab51fae94f78e9544a9069c1a8470cb4) Importer(815301076,1909f56bfc062723c751e8b465ee728b)
Start importing Assets/AA/Prefabs/Bullet/Hit 1.prefab using Guid(ab51fae94f78e9544a9069c1a8470cb4) Importer(815301076,1909f56bfc062723c751e8b465ee728b)  -> (artifact id: 'bfca15a85cb69c3ac2a88d77c0d75806') in 0.173975 seconds 
========================================================================
Received Import Request.
  Time since last request: 148.635359 seconds.
  path: Assets/AA/Prefabs/Bullet/Bullet vfx.prefab
  artifactKey: Guid(2048c720fbcf12d46a936dba1498e589) Importer(815301076,1909f56bfc062723c751e8b465ee728b)
Start importing Assets/AA/Prefabs/Bullet/Bullet vfx.prefab using Guid(2048c720fbcf12d46a936dba1498e589) Importer(815301076,1909f56bfc062723c751e8b465ee728b)  -> (artifact id: 'feabf6f48caa7af6ab9d9e13d48ab05c') in 0.497222 seconds 
========================================================================
Received Import Request.
  Time since last request: 0.000062 seconds.
  path: Assets/AA/Prefabs/Bullet/Hit B1.prefab
  artifactKey: Guid(ac992c20884157b438fda432fc1949ef) Importer(815301076,1909f56bfc062723c751e8b465ee728b)
Start importing Assets/AA/Prefabs/Bullet/Hit B1.prefab using Guid(ac992c20884157b438fda432fc1949ef) Importer(815301076,1909f56bfc062723c751e8b465ee728b)  -> (artifact id: '0c9d020160493d706438e7a07fc9f09b') in 0.088828 seconds 
========================================================================
Received Import Request.
  Time since last request: 0.000174 seconds.
  path: Assets/AA/Prefabs/Bullet/Hit 1.prefab
  artifactKey: Guid(ab51fae94f78e9544a9069c1a8470cb4) Importer(815301076,1909f56bfc062723c751e8b465ee728b)
Start importing Assets/AA/Prefabs/Bullet/Hit 1.prefab using Guid(ab51fae94f78e9544a9069c1a8470cb4) Importer(815301076,1909f56bfc062723c751e8b465ee728b)  -> (artifact id: 'a4310b8f9d6202b3fc3fa1f1744032f0') in 0.135694 seconds 
========================================================================
Received Import Request.
  Time since last request: 3.873952 seconds.
  path: Assets/AA/Prefabs/Bullet/Bullet vfx.prefab
  artifactKey: Guid(2048c720fbcf12d46a936dba1498e589) Importer(815301076,1909f56bfc062723c751e8b465ee728b)
Start importing Assets/AA/Prefabs/Bullet/Bullet vfx.prefab using Guid(2048c720fbcf12d46a936dba1498e589) Importer(815301076,1909f56bfc062723c751e8b465ee728b)  -> (artifact id: '054d80e0bf7b29813834f54e0d0909bc') in 0.132073 seconds 
========================================================================
Received Import Request.
  Time since last request: 0.000037 seconds.
  path: Assets/AA/Prefabs/Bullet/Hit 1.prefab
  artifactKey: Guid(ab51fae94f78e9544a9069c1a8470cb4) Importer(815301076,1909f56bfc062723c751e8b465ee728b)
Start importing Assets/AA/Prefabs/Bullet/Hit 1.prefab using Guid(ab51fae94f78e9544a9069c1a8470cb4) Importer(815301076,1909f56bfc062723c751e8b465ee728b)  -> (artifact id: 'f4d51f26e02be5531c2b77b4d3e5b021') in 0.029029 seconds 
